{"D:\\CODE\\CODING DIRECTORY\\Portfolio Projects\\pi-dashboard\\eslint.config.js": {"path":"D:\\CODE\\CODING DIRECTORY\\Portfolio Projects\\pi-dashboard\\eslint.config.js","statementMap":{"0":{"start":{"line":11,"column":0},"end":{"line":11,"column":15}},"1":{"start":{"line":1,"column":15},"end":{"line":1,"column":null}},"2":{"start":{"line":2,"column":23},"end":{"line":2,"column":null}},"3":{"start":{"line":3,"column":29},"end":{"line":3,"column":null}},"4":{"start":{"line":4,"column":18},"end":{"line":4,"column":null}},"5":{"start":{"line":5,"column":23},"end":{"line":5,"column":null}},"6":{"start":{"line":6,"column":24},"end":{"line":6,"column":null}},"7":{"start":{"line":7,"column":21},"end":{"line":7,"column":null}},"8":{"start":{"line":8,"column":20},"end":{"line":8,"column":null}},"9":{"start":{"line":9,"column":17},"end":{"line":9,"column":null}},"10":{"start":{"line":11,"column":15},"end":{"line":70,"column":null}}},"fnMap":{},"branchMap":{"0":{"loc":{"start":{"line":54,"column":10},"end":{"line":54,"column":54}},"type":"binary-expr","locations":[{"start":{"line":54,"column":10},"end":{"line":54,"column":52}},{"start":{"line":54,"column":52},"end":{"line":54,"column":54}}]}},"s":{"0":0,"1":0,"2":0,"3":0,"4":0,"5":0,"6":0,"7":0,"8":0,"9":0,"10":0},"f":{},"b":{"0":[0,0]}}
,"D:\\CODE\\CODING DIRECTORY\\Portfolio Projects\\pi-dashboard\\jest.config.js": {"path":"D:\\CODE\\CODING DIRECTORY\\Portfolio Projects\\pi-dashboard\\jest.config.js","statementMap":{"0":{"start":{"line":41,"column":0},"end":{"line":41,"column":15}},"1":{"start":{"line":1,"column":21},"end":{"line":1,"column":null}},"2":{"start":{"line":3,"column":25},"end":{"line":6,"column":null}},"3":{"start":{"line":9,"column":25},"end":{"line":31,"column":null}},"4":{"start":{"line":34,"column":0},"end":{"line":38,"column":null}},"5":{"start":{"line":35,"column":2},"end":{"line":35,"column":null}},"6":{"start":{"line":36,"column":2},"end":{"line":36,"column":null}},"7":{"start":{"line":37,"column":2},"end":{"line":37,"column":null}},"8":{"start":{"line":41,"column":15},"end":{"line":41,"column":null}}},"fnMap":{},"branchMap":{"0":{"loc":{"start":{"line":34,"column":0},"end":{"line":38,"column":null}},"type":"if","locations":[{"start":{"line":34,"column":0},"end":{"line":38,"column":null}}]}},"s":{"0":0,"1":0,"2":0,"3":0,"4":0,"5":0,"6":0,"7":0,"8":0},"f":{},"b":{"0":[0]}}
,"D:\\CODE\\CODING DIRECTORY\\Portfolio Projects\\pi-dashboard\\playwright.config.ts": {"path":"D:\\CODE\\CODING DIRECTORY\\Portfolio Projects\\pi-dashboard\\playwright.config.ts","statementMap":{"0":{"start":{"line":3,"column":0},"end":{"line":3,"column":15}},"1":{"start":{"line":1,"column":38},"end":{"line":1,"column":null}},"2":{"start":{"line":3,"column":15},"end":{"line":42,"column":null}}},"fnMap":{},"branchMap":{"0":{"loc":{"start":{"line":7,"column":11},"end":{"line":7,"column":null}},"type":"cond-expr","locations":[{"start":{"line":7,"column":31},"end":{"line":7,"column":35}},{"start":{"line":7,"column":35},"end":{"line":7,"column":null}}]},"1":{"loc":{"start":{"line":41,"column":6},"end":{"line":41,"column":45}},"type":"cond-expr","locations":[{"start":{"line":41,"column":26},"end":{"line":41,"column":43}},{"start":{"line":41,"column":43},"end":{"line":41,"column":45}}]}},"s":{"0":0,"1":0,"2":0},"f":{},"b":{"0":[0,0],"1":[0,0]}}
,"D:\\CODE\\CODING DIRECTORY\\Portfolio Projects\\pi-dashboard\\tailwind.config.ts": {"path":"D:\\CODE\\CODING DIRECTORY\\Portfolio Projects\\pi-dashboard\\tailwind.config.ts","statementMap":{"0":{"start":{"line":97,"column":0},"end":{"line":97,"column":15}},"1":{"start":{"line":2,"column":31},"end":{"line":2,"column":null}},"2":{"start":{"line":4,"column":23},"end":{"line":96,"column":null}},"3":{"start":{"line":97,"column":15},"end":{"line":97,"column":null}}},"fnMap":{},"branchMap":{},"s":{"0":0,"1":0,"2":0,"3":0},"f":{},"b":{}}
,"D:\\CODE\\CODING DIRECTORY\\Portfolio Projects\\pi-dashboard\\app\\layout.tsx": {"path":"D:\\CODE\\CODING DIRECTORY\\Portfolio Projects\\pi-dashboard\\app\\layout.tsx","statementMap":{"0":{"start":{"line":17,"column":24},"end":{"line":17,"column":35}},"1":{"start":{"line":11,"column":13},"end":{"line":11,"column":21}},"2":{"start":{"line":2,"column":22},"end":{"line":2,"column":null}},"3":{"start":{"line":3,"column":7},"end":{"line":3,"column":null}},"4":{"start":{"line":4,"column":30},"end":{"line":4,"column":null}},"5":{"start":{"line":5,"column":19},"end":{"line":5,"column":null}},"6":{"start":{"line":6,"column":19},"end":{"line":6,"column":null}},"7":{"start":{"line":7,"column":26},"end":{"line":7,"column":null}},"8":{"start":{"line":9,"column":14},"end":{"line":9,"column":null}},"9":{"start":{"line":11,"column":24},"end":{"line":15,"column":null}}},"fnMap":{"0":{"name":"RootLayout","decl":{"start":{"line":17,"column":24},"end":{"line":17,"column":35}},"loc":{"start":{"line":21,"column":2},"end":{"line":52,"column":1}}}},"branchMap":{},"s":{"0":4,"1":2,"2":1,"3":1,"4":1,"5":1,"6":1,"7":1,"8":1,"9":1},"f":{"0":4},"b":{}}
,"D:\\CODE\\CODING DIRECTORY\\Portfolio Projects\\pi-dashboard\\app\\page.tsx": {"path":"D:\\CODE\\CODING DIRECTORY\\Portfolio Projects\\pi-dashboard\\app\\page.tsx","statementMap":{"0":{"start":{"line":8,"column":24},"end":{"line":8,"column":null}},"1":{"start":{"line":1,"column":33},"end":{"line":1,"column":null}},"2":{"start":{"line":2,"column":25},"end":{"line":2,"column":null}},"3":{"start":{"line":3,"column":28},"end":{"line":3,"column":null}},"4":{"start":{"line":4,"column":21},"end":{"line":4,"column":null}},"5":{"start":{"line":5,"column":25},"end":{"line":5,"column":null}},"6":{"start":{"line":6,"column":25},"end":{"line":6,"column":null}}},"fnMap":{"0":{"name":"Dashboard","decl":{"start":{"line":8,"column":24},"end":{"line":8,"column":null}},"loc":{"start":{"line":8,"column":24},"end":{"line":32,"column":null}}}},"branchMap":{},"s":{"0":0,"1":0,"2":0,"3":0,"4":0,"5":0,"6":0},"f":{"0":0},"b":{}}
,"D:\\CODE\\CODING DIRECTORY\\Portfolio Projects\\pi-dashboard\\app\\api\\metrics\\route.ts": {"path":"D:\\CODE\\CODING DIRECTORY\\Portfolio Projects\\pi-dashboard\\app\\api\\metrics\\route.ts","statementMap":{"0":{"start":{"line":5,"column":22},"end":{"line":5,"column":null}},"1":{"start":{"line":1,"column":29},"end":{"line":1,"column":null}},"2":{"start":{"line":2,"column":98},"end":{"line":2,"column":null}},"3":{"start":{"line":3,"column":23},"end":{"line":3,"column":null}},"4":{"start":{"line":6,"column":19},"end":{"line":6,"column":null}},"5":{"start":{"line":7,"column":19},"end":{"line":7,"column":null}},"6":{"start":{"line":9,"column":2},"end":{"line":12,"column":null}},"7":{"start":{"line":14,"column":2},"end":{"line":21,"column":null}}},"fnMap":{"0":{"name":"GET","decl":{"start":{"line":5,"column":22},"end":{"line":5,"column":null}},"loc":{"start":{"line":5,"column":22},"end":{"line":22,"column":null}}}},"branchMap":{},"s":{"0":0,"1":0,"2":0,"3":0,"4":0,"5":0,"6":0,"7":0},"f":{"0":0},"b":{}}
,"D:\\CODE\\CODING DIRECTORY\\Portfolio Projects\\pi-dashboard\\app\\api\\twitter-news\\route.ts": {"path":"D:\\CODE\\CODING DIRECTORY\\Portfolio Projects\\pi-dashboard\\app\\api\\twitter-news\\route.ts","statementMap":{"0":{"start":{"line":74,"column":22},"end":{"line":74,"column":null}},"1":{"start":{"line":1,"column":29},"end":{"line":1,"column":null}},"2":{"start":{"line":2,"column":47},"end":{"line":2,"column":null}},"3":{"start":{"line":4,"column":37},"end":{"line":4,"column":null}},"4":{"start":{"line":5,"column":62},"end":{"line":5,"column":null}},"5":{"start":{"line":11,"column":11},"end":{"line":11,"column":null}},"6":{"start":{"line":14,"column":23},"end":{"line":14,"column":null}},"7":{"start":{"line":17,"column":20},"end":{"line":17,"column":null}},"8":{"start":{"line":18,"column":25},"end":{"line":18,"column":null}},"9":{"start":{"line":22,"column":14},"end":{"line":22,"column":null}},"10":{"start":{"line":23,"column":24},"end":{"line":23,"column":null}},"11":{"start":{"line":26,"column":2},"end":{"line":26,"column":null}},"12":{"start":{"line":26,"column":22},"end":{"line":26,"column":null}},"13":{"start":{"line":27,"column":2},"end":{"line":27,"column":null}},"14":{"start":{"line":32,"column":2},"end":{"line":34,"column":null}},"15":{"start":{"line":33,"column":4},"end":{"line":33,"column":null}},"16":{"start":{"line":36,"column":14},"end":{"line":36,"column":null}},"17":{"start":{"line":40,"column":26},"end":{"line":42,"column":8}},"18":{"start":{"line":44,"column":28},"end":{"line":44,"column":43}},"19":{"start":{"line":46,"column":4},"end":{"line":48,"column":null}},"20":{"start":{"line":49,"column":28},"end":{"line":51,"column":8}},"21":{"start":{"line":53,"column":36},"end":{"line":56,"column":null}},"22":{"start":{"line":58,"column":2},"end":{"line":60,"column":null}},"23":{"start":{"line":59,"column":4},"end":{"line":59,"column":null}},"24":{"start":{"line":61,"column":23},"end":{"line":61,"column":68}},"25":{"start":{"line":62,"column":2},"end":{"line":62,"column":null}},"26":{"start":{"line":62,"column":41},"end":{"line":62,"column":null}},"27":{"start":{"line":63,"column":20},"end":{"line":63,"column":62}},"28":{"start":{"line":64,"column":2},"end":{"line":64,"column":null}},"29":{"start":{"line":64,"column":37},"end":{"line":64,"column":null}},"30":{"start":{"line":65,"column":21},"end":{"line":65,"column":64}},"31":{"start":{"line":66,"column":2},"end":{"line":66,"column":null}},"32":{"start":{"line":66,"column":38},"end":{"line":66,"column":null}},"33":{"start":{"line":67,"column":19},"end":{"line":67,"column":60}},"34":{"start":{"line":68,"column":2},"end":{"line":68,"column":null}},"35":{"start":{"line":68,"column":37},"end":{"line":68,"column":null}},"36":{"start":{"line":69,"column":25},"end":{"line":69,"column":72}},"37":{"start":{"line":70,"column":2},"end":{"line":70,"column":null}},"38":{"start":{"line":70,"column":42},"end":{"line":70,"column":null}},"39":{"start":{"line":71,"column":2},"end":{"line":71,"column":null}},"40":{"start":{"line":75,"column":2},"end":{"line":233,"column":null}},"41":{"start":{"line":76,"column":16},"end":{"line":76,"column":null}},"42":{"start":{"line":77,"column":19},"end":{"line":77,"column":null}},"43":{"start":{"line":80,"column":4},"end":{"line":101,"column":null}},"44":{"start":{"line":81,"column":6},"end":{"line":83,"column":null}},"45":{"start":{"line":84,"column":6},"end":{"line":84,"column":null}},"46":{"start":{"line":87,"column":6},"end":{"line":94,"column":null}},"47":{"start":{"line":88,"column":23},"end":{"line":88,"column":null}},"48":{"start":{"line":89,"column":8},"end":{"line":89,"column":null}},"49":{"start":{"line":90,"column":8},"end":{"line":90,"column":null}},"50":{"start":{"line":91,"column":8},"end":{"line":91,"column":null}},"51":{"start":{"line":92,"column":8},"end":{"line":92,"column":null}},"52":{"start":{"line":93,"column":8},"end":{"line":93,"column":null}},"53":{"start":{"line":97,"column":6},"end":{"line":99,"column":null}},"54":{"start":{"line":104,"column":4},"end":{"line":106,"column":null}},"55":{"start":{"line":105,"column":6},"end":{"line":105,"column":null}},"56":{"start":{"line":109,"column":4},"end":{"line":116,"column":null}},"57":{"start":{"line":110,"column":6},"end":{"line":110,"column":null}},"58":{"start":{"line":111,"column":21},"end":{"line":111,"column":null}},"59":{"start":{"line":112,"column":6},"end":{"line":112,"column":null}},"60":{"start":{"line":113,"column":6},"end":{"line":113,"column":null}},"61":{"start":{"line":114,"column":6},"end":{"line":114,"column":null}},"62":{"start":{"line":115,"column":6},"end":{"line":115,"column":null}},"63":{"start":{"line":119,"column":19},"end":{"line":119,"column":null}},"64":{"start":{"line":121,"column":4},"end":{"line":189,"column":null}},"65":{"start":{"line":122,"column":6},"end":{"line":128,"column":null}},"66":{"start":{"line":130,"column":21},"end":{"line":130,"column":null}},"67":{"start":{"line":131,"column":6},"end":{"line":170,"column":null}},"68":{"start":{"line":133,"column":8},"end":{"line":158,"column":null}},"69":{"start":{"line":134,"column":10},"end":{"line":134,"column":null}},"70":{"start":{"line":135,"column":26},"end":{"line":135,"column":null}},"71":{"start":{"line":136,"column":35},"end":{"line":136,"column":83}},"72":{"start":{"line":137,"column":34},"end":{"line":137,"column":96}},"73":{"start":{"line":138,"column":10},"end":{"line":145,"column":null}},"74":{"start":{"line":139,"column":33},"end":{"line":139,"column":null}},"75":{"start":{"line":140,"column":12},"end":{"line":140,"column":null}},"76":{"start":{"line":141,"column":17},"end":{"line":145,"column":null}},"77":{"start":{"line":142,"column":12},"end":{"line":142,"column":79}},"78":{"start":{"line":144,"column":12},"end":{"line":144,"column":62}},"79":{"start":{"line":146,"column":10},"end":{"line":146,"column":null}},"80":{"start":{"line":147,"column":10},"end":{"line":147,"column":null}},"81":{"start":{"line":149,"column":10},"end":{"line":157,"column":null}},"82":{"start":{"line":150,"column":27},"end":{"line":150,"column":null}},"83":{"start":{"line":151,"column":12},"end":{"line":151,"column":null}},"84":{"start":{"line":152,"column":12},"end":{"line":152,"column":null}},"85":{"start":{"line":153,"column":12},"end":{"line":153,"column":null}},"86":{"start":{"line":154,"column":12},"end":{"line":154,"column":null}},"87":{"start":{"line":155,"column":12},"end":{"line":155,"column":null}},"88":{"start":{"line":156,"column":12},"end":{"line":156,"column":null}},"89":{"start":{"line":160,"column":8},"end":{"line":160,"column":null}},"90":{"start":{"line":161,"column":8},"end":{"line":161,"column":null}},"91":{"start":{"line":162,"column":8},"end":{"line":168,"column":null}},"92":{"start":{"line":173,"column":6},"end":{"line":173,"column":null}},"93":{"start":{"line":174,"column":6},"end":{"line":174,"column":null}},"94":{"start":{"line":175,"column":6},"end":{"line":181,"column":null}},"95":{"start":{"line":176,"column":8},"end":{"line":180,"column":null}},"96":{"start":{"line":182,"column":6},"end":{"line":187,"column":null}},"97":{"start":{"line":192,"column":23},"end":{"line":192,"column":null}},"98":{"start":{"line":193,"column":4},"end":{"line":195,"column":null}},"99":{"start":{"line":194,"column":6},"end":{"line":194,"column":null}},"100":{"start":{"line":198,"column":4},"end":{"line":201,"column":null}},"101":{"start":{"line":204,"column":4},"end":{"line":204,"column":null}},"102":{"start":{"line":206,"column":4},"end":{"line":206,"column":null}},"103":{"start":{"line":207,"column":4},"end":{"line":207,"column":null}},"104":{"start":{"line":208,"column":4},"end":{"line":208,"column":null}},"105":{"start":{"line":209,"column":4},"end":{"line":209,"column":null}},"106":{"start":{"line":211,"column":19},"end":{"line":211,"column":null}},"107":{"start":{"line":212,"column":4},"end":{"line":212,"column":null}},"108":{"start":{"line":213,"column":4},"end":{"line":213,"column":null}},"109":{"start":{"line":216,"column":4},"end":{"line":224,"column":null}},"110":{"start":{"line":217,"column":6},"end":{"line":217,"column":null}},"111":{"start":{"line":218,"column":21},"end":{"line":218,"column":null}},"112":{"start":{"line":219,"column":6},"end":{"line":219,"column":null}},"113":{"start":{"line":220,"column":6},"end":{"line":220,"column":null}},"114":{"start":{"line":221,"column":6},"end":{"line":221,"column":null}},"115":{"start":{"line":222,"column":6},"end":{"line":222,"column":null}},"116":{"start":{"line":223,"column":6},"end":{"line":223,"column":null}},"117":{"start":{"line":226,"column":4},"end":{"line":231,"column":null}}},"fnMap":{"0":{"name":"shouldFetchNewTweets","decl":{"start":{"line":21,"column":9},"end":{"line":21,"column":null}},"loc":{"start":{"line":21,"column":9},"end":{"line":28,"column":null}}},"1":{"name":"normalizeResponse","decl":{"start":{"line":31,"column":9},"end":{"line":31,"column":27}},"loc":{"start":{"line":31,"column":41},"end":{"line":72,"column":null}}},"2":{"name":"GET","decl":{"start":{"line":74,"column":22},"end":{"line":74,"column":null}},"loc":{"start":{"line":74,"column":22},"end":{"line":234,"column":null}}}},"branchMap":{"0":{"loc":{"start":{"line":23,"column":24},"end":{"line":23,"column":null}},"type":"binary-expr","locations":[{"start":{"line":23,"column":24},"end":{"line":23,"column":49}},{"start":{"line":23,"column":49},"end":{"line":23,"column":null}}]},"1":{"loc":{"start":{"line":26,"column":2},"end":{"line":26,"column":null}},"type":"if","locations":[{"start":{"line":26,"column":2},"end":{"line":26,"column":null}}]},"2":{"loc":{"start":{"line":32,"column":2},"end":{"line":34,"column":null}},"type":"if","locations":[{"start":{"line":32,"column":2},"end":{"line":34,"column":null}}]},"3":{"loc":{"start":{"line":32,"column":6},"end":{"line":32,"column":43}},"type":"binary-expr","locations":[{"start":{"line":32,"column":6},"end":{"line":32,"column":16}},{"start":{"line":32,"column":16},"end":{"line":32,"column":43}}]},"4":{"loc":{"start":{"line":40,"column":26},"end":{"line":42,"column":8}},"type":"cond-expr","locations":[{"start":{"line":41,"column":7},"end":{"line":41,"column":18}},{"start":{"line":42,"column":6},"end":{"line":42,"column":8}}]},"5":{"loc":{"start":{"line":46,"column":4},"end":{"line":48,"column":null}},"type":"cond-expr","locations":[{"start":{"line":47,"column":9},"end":{"line":47,"column":null}},{"start":{"line":48,"column":8},"end":{"line":48,"column":null}}]},"6":{"loc":{"start":{"line":46,"column":4},"end":{"line":46,"column":null}},"type":"binary-expr","locations":[{"start":{"line":46,"column":4},"end":{"line":46,"column":25}},{"start":{"line":46,"column":25},"end":{"line":46,"column":null}}]},"7":{"loc":{"start":{"line":49,"column":28},"end":{"line":51,"column":8}},"type":"cond-expr","locations":[{"start":{"line":50,"column":7},"end":{"line":50,"column":27}},{"start":{"line":51,"column":6},"end":{"line":51,"column":8}}]},"8":{"loc":{"start":{"line":58,"column":2},"end":{"line":60,"column":null}},"type":"if","locations":[{"start":{"line":58,"column":2},"end":{"line":60,"column":null}}]},"9":{"loc":{"start":{"line":62,"column":2},"end":{"line":62,"column":null}},"type":"if","locations":[{"start":{"line":62,"column":2},"end":{"line":62,"column":null}}]},"10":{"loc":{"start":{"line":64,"column":2},"end":{"line":64,"column":null}},"type":"if","locations":[{"start":{"line":64,"column":2},"end":{"line":64,"column":null}}]},"11":{"loc":{"start":{"line":66,"column":2},"end":{"line":66,"column":null}},"type":"if","locations":[{"start":{"line":66,"column":2},"end":{"line":66,"column":null}}]},"12":{"loc":{"start":{"line":68,"column":2},"end":{"line":68,"column":null}},"type":"if","locations":[{"start":{"line":68,"column":2},"end":{"line":68,"column":null}}]},"13":{"loc":{"start":{"line":70,"column":2},"end":{"line":70,"column":null}},"type":"if","locations":[{"start":{"line":70,"column":2},"end":{"line":70,"column":null}}]},"14":{"loc":{"start":{"line":80,"column":4},"end":{"line":101,"column":null}},"type":"if","locations":[{"start":{"line":80,"column":4},"end":{"line":101,"column":null}}]},"15":{"loc":{"start":{"line":80,"column":8},"end":{"line":80,"column":51}},"type":"binary-expr","locations":[{"start":{"line":80,"column":8},"end":{"line":80,"column":25}},{"start":{"line":80,"column":25},"end":{"line":80,"column":51}}]},"16":{"loc":{"start":{"line":87,"column":6},"end":{"line":94,"column":null}},"type":"if","locations":[{"start":{"line":87,"column":6},"end":{"line":94,"column":null}}]},"17":{"loc":{"start":{"line":104,"column":4},"end":{"line":106,"column":null}},"type":"if","locations":[{"start":{"line":104,"column":4},"end":{"line":106,"column":null}}]},"18":{"loc":{"start":{"line":104,"column":8},"end":{"line":104,"column":52}},"type":"binary-expr","locations":[{"start":{"line":104,"column":8},"end":{"line":104,"column":25}},{"start":{"line":104,"column":25},"end":{"line":104,"column":52}}]},"19":{"loc":{"start":{"line":109,"column":4},"end":{"line":116,"column":null}},"type":"if","locations":[{"start":{"line":109,"column":4},"end":{"line":116,"column":null}}]},"20":{"loc":{"start":{"line":109,"column":8},"end":{"line":109,"column":47}},"type":"binary-expr","locations":[{"start":{"line":109,"column":8},"end":{"line":109,"column":35}},{"start":{"line":109,"column":35},"end":{"line":109,"column":47}}]},"21":{"loc":{"start":{"line":131,"column":6},"end":{"line":170,"column":null}},"type":"if","locations":[{"start":{"line":131,"column":6},"end":{"line":170,"column":null}}]},"22":{"loc":{"start":{"line":133,"column":8},"end":{"line":158,"column":null}},"type":"if","locations":[{"start":{"line":133,"column":8},"end":{"line":158,"column":null}}]},"23":{"loc":{"start":{"line":135,"column":26},"end":{"line":135,"column":null}},"type":"binary-expr","locations":[{"start":{"line":135,"column":26},"end":{"line":135,"column":37}},{"start":{"line":135,"column":41},"end":{"line":135,"column":null}}]},"24":{"loc":{"start":{"line":136,"column":35},"end":{"line":136,"column":83}},"type":"binary-expr","locations":[{"start":{"line":136,"column":35},"end":{"line":136,"column":57}},{"start":{"line":136,"column":61},"end":{"line":136,"column":83}}]},"25":{"loc":{"start":{"line":137,"column":34},"end":{"line":137,"column":96}},"type":"binary-expr","locations":[{"start":{"line":137,"column":34},"end":{"line":137,"column":63}},{"start":{"line":137,"column":67},"end":{"line":137,"column":96}}]},"26":{"loc":{"start":{"line":138,"column":10},"end":{"line":145,"column":null}},"type":"if","locations":[{"start":{"line":138,"column":10},"end":{"line":145,"column":null}},{"start":{"line":141,"column":17},"end":{"line":145,"column":null}}]},"27":{"loc":{"start":{"line":138,"column":14},"end":{"line":138,"column":75}},"type":"binary-expr","locations":[{"start":{"line":138,"column":14},"end":{"line":138,"column":34}},{"start":{"line":138,"column":34},"end":{"line":138,"column":75}}]},"28":{"loc":{"start":{"line":141,"column":17},"end":{"line":145,"column":null}},"type":"if","locations":[{"start":{"line":141,"column":17},"end":{"line":145,"column":null}},{"start":{"line":143,"column":17},"end":{"line":145,"column":null}}]},"29":{"loc":{"start":{"line":141,"column":21},"end":{"line":141,"column":80}},"type":"binary-expr","locations":[{"start":{"line":141,"column":21},"end":{"line":141,"column":40}},{"start":{"line":141,"column":40},"end":{"line":141,"column":80}}]},"30":{"loc":{"start":{"line":149,"column":10},"end":{"line":157,"column":null}},"type":"if","locations":[{"start":{"line":149,"column":10},"end":{"line":157,"column":null}}]},"31":{"loc":{"start":{"line":166,"column":21},"end":{"line":166,"column":null}},"type":"cond-expr","locations":[{"start":{"line":166,"column":42},"end":{"line":166,"column":63}},{"start":{"line":166,"column":63},"end":{"line":166,"column":null}}]},"32":{"loc":{"start":{"line":173,"column":67},"end":{"line":173,"column":116}},"type":"cond-expr","locations":[{"start":{"line":173,"column":90},"end":{"line":173,"column":101}},{"start":{"line":173,"column":104},"end":{"line":173,"column":116}}]},"33":{"loc":{"start":{"line":175,"column":6},"end":{"line":181,"column":null}},"type":"if","locations":[{"start":{"line":175,"column":6},"end":{"line":181,"column":null}}]},"34":{"loc":{"start":{"line":185,"column":19},"end":{"line":185,"column":null}},"type":"cond-expr","locations":[{"start":{"line":185,"column":42},"end":{"line":185,"column":53}},{"start":{"line":185,"column":56},"end":{"line":185,"column":null}}]},"35":{"loc":{"start":{"line":193,"column":4},"end":{"line":195,"column":null}},"type":"if","locations":[{"start":{"line":193,"column":4},"end":{"line":195,"column":null}}]},"36":{"loc":{"start":{"line":212,"column":51},"end":{"line":212,"column":106}},"type":"cond-expr","locations":[{"start":{"line":212,"column":76},"end":{"line":212,"column":89}},{"start":{"line":212,"column":92},"end":{"line":212,"column":106}}]},"37":{"loc":{"start":{"line":216,"column":4},"end":{"line":224,"column":null}},"type":"if","locations":[{"start":{"line":216,"column":4},"end":{"line":224,"column":null}}]},"38":{"loc":{"start":{"line":229,"column":17},"end":{"line":229,"column":null}},"type":"cond-expr","locations":[{"start":{"line":229,"column":42},"end":{"line":229,"column":55}},{"start":{"line":229,"column":58},"end":{"line":229,"column":null}}]}},"s":{"0":0,"1":0,"2":0,"3":0,"4":0,"5":0,"6":0,"7":0,"8":0,"9":0,"10":0,"11":0,"12":0,"13":0,"14":0,"15":0,"16":0,"17":0,"18":0,"19":0,"20":0,"21":0,"22":0,"23":0,"24":0,"25":0,"26":0,"27":0,"28":0,"29":0,"30":0,"31":0,"32":0,"33":0,"34":0,"35":0,"36":0,"37":0,"38":0,"39":0,"40":0,"41":0,"42":0,"43":0,"44":0,"45":0,"46":0,"47":0,"48":0,"49":0,"50":0,"51":0,"52":0,"53":0,"54":0,"55":0,"56":0,"57":0,"58":0,"59":0,"60":0,"61":0,"62":0,"63":0,"64":0,"65":0,"66":0,"67":0,"68":0,"69":0,"70":0,"71":0,"72":0,"73":0,"74":0,"75":0,"76":0,"77":0,"78":0,"79":0,"80":0,"81":0,"82":0,"83":0,"84":0,"85":0,"86":0,"87":0,"88":0,"89":0,"90":0,"91":0,"92":0,"93":0,"94":0,"95":0,"96":0,"97":0,"98":0,"99":0,"100":0,"101":0,"102":0,"103":0,"104":0,"105":0,"106":0,"107":0,"108":0,"109":0,"110":0,"111":0,"112":0,"113":0,"114":0,"115":0,"116":0,"117":0},"f":{"0":0,"1":0,"2":0},"b":{"0":[0,0],"1":[0],"2":[0],"3":[0,0],"4":[0,0],"5":[0,0],"6":[0,0],"7":[0,0],"8":[0],"9":[0],"10":[0],"11":[0],"12":[0],"13":[0],"14":[0],"15":[0,0],"16":[0],"17":[0],"18":[0,0],"19":[0],"20":[0,0],"21":[0],"22":[0],"23":[0,0],"24":[0,0],"25":[0,0],"26":[0,0],"27":[0,0],"28":[0,0],"29":[0,0],"30":[0],"31":[0,0],"32":[0,0],"33":[0],"34":[0,0],"35":[0],"36":[0,0],"37":[0],"38":[0,0]}}
,"D:\\CODE\\CODING DIRECTORY\\Portfolio Projects\\pi-dashboard\\components\\footer.tsx": {"path":"D:\\CODE\\CODING DIRECTORY\\Portfolio Projects\\pi-dashboard\\components\\footer.tsx","statementMap":{"0":{"start":{"line":5,"column":24},"end":{"line":5,"column":null}},"1":{"start":{"line":1,"column":17},"end":{"line":1,"column":null}},"2":{"start":{"line":2,"column":23},"end":{"line":2,"column":null}},"3":{"start":{"line":3,"column":38},"end":{"line":3,"column":null}}},"fnMap":{"0":{"name":"Footer","decl":{"start":{"line":5,"column":24},"end":{"line":5,"column":null}},"loc":{"start":{"line":5,"column":24},"end":{"line":137,"column":null}}}},"branchMap":{},"s":{"0":13,"1":2,"2":2,"3":2},"f":{"0":13},"b":{}}
,"D:\\CODE\\CODING DIRECTORY\\Portfolio Projects\\pi-dashboard\\components\\header.tsx": {"path":"D:\\CODE\\CODING DIRECTORY\\Portfolio Projects\\pi-dashboard\\components\\header.tsx","statementMap":{"0":{"start":{"line":34,"column":24},"end":{"line":34,"column":null}},"1":{"start":{"line":2,"column":17},"end":{"line":2,"column":null}},"2":{"start":{"line":3,"column":23},"end":{"line":3,"column":null}},"3":{"start":{"line":11,"column":7},"end":{"line":11,"column":null}},"4":{"start":{"line":12,"column":28},"end":{"line":12,"column":null}},"5":{"start":{"line":13,"column":23},"end":{"line":13,"column":null}}},"fnMap":{"0":{"name":"BellIcon","decl":{"start":{"line":16,"column":9},"end":{"line":16,"column":18}},"loc":{"start":{"line":16,"column":54},"end":{"line":32,"column":null}}},"1":{"name":"Header","decl":{"start":{"line":34,"column":24},"end":{"line":34,"column":null}},"loc":{"start":{"line":34,"column":24},"end":{"line":91,"column":null}}}},"branchMap":{},"s":{"0":8,"1":2,"2":2,"3":2,"4":2,"5":2},"f":{"0":8,"1":8},"b":{}}
,"D:\\CODE\\CODING DIRECTORY\\Portfolio Projects\\pi-dashboard\\components\\mobile-nav.tsx": {"path":"D:\\CODE\\CODING DIRECTORY\\Portfolio Projects\\pi-dashboard\\components\\mobile-nav.tsx","statementMap":{"0":{"start":{"line":10,"column":16},"end":{"line":10,"column":null}},"1":{"start":{"line":3,"column":25},"end":{"line":3,"column":null}},"2":{"start":{"line":4,"column":17},"end":{"line":4,"column":null}},"3":{"start":{"line":5,"column":23},"end":{"line":5,"column":null}},"4":{"start":{"line":6,"column":68},"end":{"line":6,"column":null}},"5":{"start":{"line":8,"column":34},"end":{"line":8,"column":null}},"6":{"start":{"line":11,"column":26},"end":{"line":11,"column":null}},"7":{"start":{"line":26,"column":76},"end":{"line":26,"column":null}},"8":{"start":{"line":34,"column":61},"end":{"line":34,"column":null}},"9":{"start":{"line":50,"column":29},"end":{"line":50,"column":null}},"10":{"start":{"line":57,"column":29},"end":{"line":57,"column":null}},"11":{"start":{"line":64,"column":29},"end":{"line":64,"column":null}}},"fnMap":{"0":{"name":"MobileNav","decl":{"start":{"line":10,"column":16},"end":{"line":10,"column":null}},"loc":{"start":{"line":10,"column":16},"end":{"line":79,"column":null}}},"1":{"name":"(anonymous_6)","decl":{"start":{"line":26,"column":70},"end":{"line":26,"column":76}},"loc":{"start":{"line":26,"column":76},"end":{"line":26,"column":null}}},"2":{"name":"(anonymous_7)","decl":{"start":{"line":34,"column":55},"end":{"line":34,"column":61}},"loc":{"start":{"line":34,"column":61},"end":{"line":34,"column":null}}},"3":{"name":"(anonymous_8)","decl":{"start":{"line":50,"column":23},"end":{"line":50,"column":29}},"loc":{"start":{"line":50,"column":29},"end":{"line":50,"column":null}}},"4":{"name":"(anonymous_9)","decl":{"start":{"line":57,"column":23},"end":{"line":57,"column":29}},"loc":{"start":{"line":57,"column":29},"end":{"line":57,"column":null}}},"5":{"name":"(anonymous_10)","decl":{"start":{"line":64,"column":23},"end":{"line":64,"column":29}},"loc":{"start":{"line":64,"column":29},"end":{"line":64,"column":null}}},"6":{"name":"MenuIcon","decl":{"start":{"line":82,"column":9},"end":{"line":82,"column":18}},"loc":{"start":{"line":82,"column":54},"end":{"line":99,"column":null}}},"7":{"name":"CloseIcon","decl":{"start":{"line":101,"column":9},"end":{"line":101,"column":19}},"loc":{"start":{"line":101,"column":55},"end":{"line":117,"column":null}}}},"branchMap":{},"s":{"0":4,"1":1,"2":1,"3":1,"4":1,"5":1,"6":4,"7":0,"8":0,"9":0,"10":0,"11":0},"f":{"0":4,"1":0,"2":0,"3":0,"4":0,"5":0,"6":4,"7":0},"b":{}}
,"D:\\CODE\\CODING DIRECTORY\\Portfolio Projects\\pi-dashboard\\components\\network-stats.tsx": {"path":"D:\\CODE\\CODING DIRECTORY\\Portfolio Projects\\pi-dashboard\\components\\network-stats.tsx","statementMap":{"0":{"start":{"line":16,"column":24},"end":{"line":16,"column":null}},"1":{"start":{"line":3,"column":36},"end":{"line":3,"column":null}},"2":{"start":{"line":4,"column":57},"end":{"line":4,"column":null}},"3":{"start":{"line":5,"column":25},"end":{"line":5,"column":null}},"4":{"start":{"line":17,"column":28},"end":{"line":17,"column":null}},"5":{"start":{"line":18,"column":32},"end":{"line":18,"column":null}},"6":{"start":{"line":21,"column":2},"end":{"line":52,"column":null}},"7":{"start":{"line":22,"column":23},"end":{"line":44,"column":null}},"8":{"start":{"line":23,"column":6},"end":{"line":23,"column":null}},"9":{"start":{"line":25,"column":6},"end":{"line":43,"column":null}},"10":{"start":{"line":27,"column":8},"end":{"line":27,"column":null}},"11":{"start":{"line":27,"column":37},"end":{"line":27,"column":null}},"12":{"start":{"line":30,"column":44},"end":{"line":36,"column":null}},"13":{"start":{"line":38,"column":8},"end":{"line":38,"column":null}},"14":{"start":{"line":40,"column":8},"end":{"line":40,"column":null}},"15":{"start":{"line":42,"column":8},"end":{"line":42,"column":null}},"16":{"start":{"line":46,"column":4},"end":{"line":46,"column":null}},"17":{"start":{"line":49,"column":21},"end":{"line":49,"column":null}},"18":{"start":{"line":51,"column":4},"end":{"line":51,"column":null}},"19":{"start":{"line":51,"column":17},"end":{"line":51,"column":null}},"20":{"start":{"line":54,"column":23},"end":{"line":60,"column":null}},"21":{"start":{"line":55,"column":4},"end":{"line":59,"column":null}}},"fnMap":{"0":{"name":"NetworkStats","decl":{"start":{"line":16,"column":24},"end":{"line":16,"column":null}},"loc":{"start":{"line":16,"column":24},"end":{"line":123,"column":null}}},"1":{"name":"(anonymous_2)","decl":{"start":{"line":21,"column":12},"end":{"line":21,"column":null}},"loc":{"start":{"line":21,"column":12},"end":{"line":52,"column":5}}},"2":{"name":"(anonymous_3)","decl":{"start":{"line":22,"column":23},"end":{"line":22,"column":null}},"loc":{"start":{"line":22,"column":23},"end":{"line":44,"column":null}}},"3":{"name":"(anonymous_4)","decl":{"start":{"line":27,"column":26},"end":{"line":27,"column":37}},"loc":{"start":{"line":27,"column":37},"end":{"line":27,"column":null}}},"4":{"name":"(anonymous_5)","decl":{"start":{"line":51,"column":11},"end":{"line":51,"column":17}},"loc":{"start":{"line":51,"column":17},"end":{"line":51,"column":null}}},"5":{"name":"(anonymous_6)","decl":{"start":{"line":54,"column":23},"end":{"line":54,"column":24}},"loc":{"start":{"line":54,"column":24},"end":{"line":60,"column":null}}}},"branchMap":{"0":{"loc":{"start":{"line":55,"column":11},"end":{"line":59,"column":null}},"type":"cond-expr","locations":[{"start":{"line":56,"column":8},"end":{"line":56,"column":null}},{"start":{"line":57,"column":8},"end":{"line":59,"column":null}}]},"1":{"loc":{"start":{"line":57,"column":8},"end":{"line":59,"column":null}},"type":"cond-expr","locations":[{"start":{"line":58,"column":10},"end":{"line":58,"column":null}},{"start":{"line":59,"column":10},"end":{"line":59,"column":null}}]},"2":{"loc":{"start":{"line":69,"column":10},"end":{"line":73,"column":11}},"type":"cond-expr","locations":[{"start":{"line":69,"column":10},"end":{"line":73,"column":11}}]},"3":{"loc":{"start":{"line":68,"column":9},"end":{"line":68,"column":null}},"type":"binary-expr","locations":[{"start":{"line":68,"column":9},"end":{"line":68,"column":20}},{"start":{"line":68,"column":20},"end":{"line":68,"column":null}}]}},"s":{"0":0,"1":0,"2":0,"3":0,"4":0,"5":0,"6":0,"7":0,"8":0,"9":0,"10":0,"11":0,"12":0,"13":0,"14":0,"15":0,"16":0,"17":0,"18":0,"19":0,"20":0,"21":0},"f":{"0":0,"1":0,"2":0,"3":0,"4":0,"5":0},"b":{"0":[0,0],"1":[0,0],"2":[0],"3":[0,0]}}
,"D:\\CODE\\CODING DIRECTORY\\Portfolio Projects\\pi-dashboard\\components\\news-feed.tsx": {"path":"D:\\CODE\\CODING DIRECTORY\\Portfolio Projects\\pi-dashboard\\components\\news-feed.tsx","statementMap":{"0":{"start":{"line":40,"column":24},"end":{"line":40,"column":null}},"1":{"start":{"line":3,"column":49},"end":{"line":3,"column":null}},"2":{"start":{"line":4,"column":57},"end":{"line":4,"column":null}},"3":{"start":{"line":5,"column":44},"end":{"line":5,"column":null}},"4":{"start":{"line":6,"column":25},"end":{"line":6,"column":null}},"5":{"start":{"line":7,"column":83},"end":{"line":7,"column":null}},"6":{"start":{"line":8,"column":23},"end":{"line":8,"column":null}},"7":{"start":{"line":9,"column":19},"end":{"line":9,"column":null}},"8":{"start":{"line":34,"column":30},"end":{"line":34,"column":null}},"9":{"start":{"line":37,"column":26},"end":{"line":37,"column":null}},"10":{"start":{"line":38,"column":31},"end":{"line":38,"column":null}},"11":{"start":{"line":41,"column":26},"end":{"line":41,"column":null}},"12":{"start":{"line":42,"column":32},"end":{"line":42,"column":null}},"13":{"start":{"line":43,"column":28},"end":{"line":43,"column":null}},"14":{"start":{"line":44,"column":30},"end":{"line":44,"column":null}},"15":{"start":{"line":45,"column":36},"end":{"line":45,"column":null}},"16":{"start":{"line":46,"column":40},"end":{"line":46,"column":null}},"17":{"start":{"line":47,"column":48},"end":{"line":47,"column":null}},"18":{"start":{"line":50,"column":2},"end":{"line":98,"column":null}},"19":{"start":{"line":51,"column":4},"end":{"line":97,"column":null}},"20":{"start":{"line":53,"column":34},"end":{"line":53,"column":null}},"21":{"start":{"line":54,"column":6},"end":{"line":67,"column":null}},"22":{"start":{"line":55,"column":30},"end":{"line":55,"column":null}},"23":{"start":{"line":56,"column":20},"end":{"line":56,"column":null}},"24":{"start":{"line":58,"column":8},"end":{"line":66,"column":null}},"25":{"start":{"line":59,"column":10},"end":{"line":59,"column":null}},"26":{"start":{"line":60,"column":32},"end":{"line":60,"column":null}},"27":{"start":{"line":61,"column":10},"end":{"line":62,"column":null}},"28":{"start":{"line":65,"column":10},"end":{"line":65,"column":null}},"29":{"start":{"line":70,"column":32},"end":{"line":70,"column":null}},"30":{"start":{"line":71,"column":6},"end":{"line":94,"column":null}},"31":{"start":{"line":72,"column":36},"end":{"line":72,"column":null}},"32":{"start":{"line":73,"column":20},"end":{"line":73,"column":null}},"33":{"start":{"line":74,"column":32},"end":{"line":74,"column":null}},"34":{"start":{"line":77,"column":8},"end":{"line":93,"column":null}},"35":{"start":{"line":78,"column":30},"end":{"line":78,"column":null}},"36":{"start":{"line":79,"column":10},"end":{"line":82,"column":null}},"37":{"start":{"line":80,"column":35},"end":{"line":80,"column":null}},"38":{"start":{"line":80,"column":59},"end":{"line":80,"column":null}},"39":{"start":{"line":81,"column":12},"end":{"line":81,"column":null}},"40":{"start":{"line":83,"column":10},"end":{"line":83,"column":null}},"41":{"start":{"line":84,"column":10},"end":{"line":90,"column":null}},"42":{"start":{"line":85,"column":12},"end":{"line":87,"column":null}},"43":{"start":{"line":86,"column":14},"end":{"line":86,"column":null}},"44":{"start":{"line":92,"column":10},"end":{"line":92,"column":null}},"45":{"start":{"line":96,"column":6},"end":{"line":96,"column":null}},"46":{"start":{"line":101,"column":20},"end":{"line":288,"column":null}},"47":{"start":{"line":102,"column":4},"end":{"line":102,"column":null}},"48":{"start":{"line":103,"column":4},"end":{"line":103,"column":null}},"49":{"start":{"line":105,"column":4},"end":{"line":107,"column":null}},"50":{"start":{"line":106,"column":6},"end":{"line":106,"column":null}},"51":{"start":{"line":110,"column":33},"end":{"line":161,"column":null}},"52":{"start":{"line":163,"column":18},"end":{"line":163,"column":null}},"53":{"start":{"line":164,"column":31},"end":{"line":164,"column":null}},"54":{"start":{"line":166,"column":4},"end":{"line":278,"column":null}},"55":{"start":{"line":167,"column":6},"end":{"line":277,"column":null}},"56":{"start":{"line":168,"column":32},"end":{"line":173,"column":null}},"57":{"start":{"line":175,"column":8},"end":{"line":270,"column":null}},"58":{"start":{"line":177,"column":35},"end":{"line":177,"column":null}},"59":{"start":{"line":178,"column":26},"end":{"line":178,"column":null}},"60":{"start":{"line":179,"column":10},"end":{"line":187,"column":null}},"61":{"start":{"line":180,"column":12},"end":{"line":180,"column":null}},"62":{"start":{"line":182,"column":12},"end":{"line":186,"column":null}},"63":{"start":{"line":183,"column":14},"end":{"line":183,"column":null}},"64":{"start":{"line":190,"column":10},"end":{"line":190,"column":null}},"65":{"start":{"line":193,"column":12},"end":{"line":195,"column":null}},"66":{"start":{"line":196,"column":30},"end":{"line":202,"column":null}},"67":{"start":{"line":204,"column":10},"end":{"line":228,"column":null}},"68":{"start":{"line":205,"column":12},"end":{"line":205,"column":null}},"69":{"start":{"line":208,"column":28},"end":{"line":210,"column":null}},"70":{"start":{"line":212,"column":12},"end":{"line":214,"column":null}},"71":{"start":{"line":217,"column":25},"end":{"line":217,"column":null}},"72":{"start":{"line":218,"column":12},"end":{"line":218,"column":null}},"73":{"start":{"line":221,"column":12},"end":{"line":221,"column":null}},"74":{"start":{"line":222,"column":12},"end":{"line":222,"column":null}},"75":{"start":{"line":223,"column":12},"end":{"line":223,"column":null}},"76":{"start":{"line":224,"column":12},"end":{"line":224,"column":null}},"77":{"start":{"line":225,"column":12},"end":{"line":225,"column":null}},"78":{"start":{"line":227,"column":12},"end":{"line":227,"column":null}},"79":{"start":{"line":230,"column":52},"end":{"line":230,"column":null}},"80":{"start":{"line":233,"column":10},"end":{"line":242,"column":null}},"81":{"start":{"line":246,"column":30},"end":{"line":246,"column":null}},"82":{"start":{"line":247,"column":10},"end":{"line":247,"column":null}},"83":{"start":{"line":249,"column":10},"end":{"line":260,"column":null}},"84":{"start":{"line":250,"column":12},"end":{"line":251,"column":null}},"85":{"start":{"line":253,"column":17},"end":{"line":260,"column":null}},"86":{"start":{"line":254,"column":12},"end":{"line":254,"column":null}},"87":{"start":{"line":255,"column":17},"end":{"line":260,"column":null}},"88":{"start":{"line":256,"column":12},"end":{"line":256,"column":null}},"89":{"start":{"line":257,"column":17},"end":{"line":260,"column":null}},"90":{"start":{"line":259,"column":12},"end":{"line":259,"column":null}},"91":{"start":{"line":263,"column":10},"end":{"line":263,"column":null}},"92":{"start":{"line":266,"column":10},"end":{"line":269,"column":null}},"93":{"start":{"line":267,"column":12},"end":{"line":267,"column":null}},"94":{"start":{"line":268,"column":12},"end":{"line":268,"column":null}},"95":{"start":{"line":273,"column":8},"end":{"line":273,"column":null}},"96":{"start":{"line":274,"column":8},"end":{"line":275,"column":null}},"97":{"start":{"line":281,"column":4},"end":{"line":281,"column":null}},"98":{"start":{"line":281,"column":27},"end":{"line":281,"column":null}},"99":{"start":{"line":283,"column":4},"end":{"line":283,"column":null}},"100":{"start":{"line":284,"column":4},"end":{"line":286,"column":null}},"101":{"start":{"line":285,"column":6},"end":{"line":285,"column":null}},"102":{"start":{"line":287,"column":4},"end":{"line":287,"column":null}},"103":{"start":{"line":291,"column":24},"end":{"line":349,"column":null}},"104":{"start":{"line":292,"column":36},"end":{"line":292,"column":38}},"105":{"start":{"line":294,"column":4},"end":{"line":296,"column":null}},"106":{"start":{"line":295,"column":6},"end":{"line":295,"column":null}},"107":{"start":{"line":299,"column":21},"end":{"line":306,"column":null}},"108":{"start":{"line":301,"column":8},"end":{"line":303,"column":null}},"109":{"start":{"line":302,"column":10},"end":{"line":302,"column":null}},"110":{"start":{"line":304,"column":8},"end":{"line":304,"column":null}},"111":{"start":{"line":310,"column":4},"end":{"line":346,"column":null}},"112":{"start":{"line":311,"column":6},"end":{"line":311,"column":null}},"113":{"start":{"line":311,"column":28},"end":{"line":311,"column":null}},"114":{"start":{"line":312,"column":21},"end":{"line":312,"column":46}},"115":{"start":{"line":313,"column":6},"end":{"line":313,"column":null}},"116":{"start":{"line":313,"column":19},"end":{"line":313,"column":null}},"117":{"start":{"line":316,"column":23},"end":{"line":316,"column":82}},"118":{"start":{"line":319,"column":24},"end":{"line":319,"column":34}},"119":{"start":{"line":322,"column":17},"end":{"line":322,"column":37}},"120":{"start":{"line":323,"column":55},"end":{"line":329,"column":null}},"121":{"start":{"line":331,"column":6},"end":{"line":345,"column":null}},"122":{"start":{"line":348,"column":4},"end":{"line":348,"column":null}},"123":{"start":{"line":352,"column":2},"end":{"line":360,"column":null}},"124":{"start":{"line":353,"column":4},"end":{"line":353,"column":null}},"125":{"start":{"line":356,"column":21},"end":{"line":356,"column":null}},"126":{"start":{"line":359,"column":4},"end":{"line":359,"column":null}},"127":{"start":{"line":359,"column":17},"end":{"line":359,"column":null}},"128":{"start":{"line":363,"column":29},"end":{"line":371,"column":null}},"129":{"start":{"line":364,"column":4},"end":{"line":370,"column":null}},"130":{"start":{"line":366,"column":6},"end":{"line":366,"column":null}},"131":{"start":{"line":367,"column":6},"end":{"line":367,"column":null}},"132":{"start":{"line":368,"column":6},"end":{"line":368,"column":null}},"133":{"start":{"line":369,"column":6},"end":{"line":369,"column":null}},"134":{"start":{"line":374,"column":4},"end":{"line":374,"column":null}},"135":{"start":{"line":374,"column":53},"end":{"line":374,"column":null}},"136":{"start":{"line":376,"column":21},"end":{"line":397,"column":null}},"137":{"start":{"line":377,"column":16},"end":{"line":377,"column":null}},"138":{"start":{"line":378,"column":17},"end":{"line":378,"column":null}},"139":{"start":{"line":379,"column":19},"end":{"line":379,"column":null}},"140":{"start":{"line":380,"column":21},"end":{"line":380,"column":null}},"141":{"start":{"line":381,"column":22},"end":{"line":381,"column":null}},"142":{"start":{"line":382,"column":21},"end":{"line":382,"column":null}},"143":{"start":{"line":384,"column":4},"end":{"line":396,"column":null}},"144":{"start":{"line":385,"column":6},"end":{"line":385,"column":null}},"145":{"start":{"line":386,"column":11},"end":{"line":396,"column":null}},"146":{"start":{"line":387,"column":6},"end":{"line":387,"column":null}},"147":{"start":{"line":388,"column":11},"end":{"line":396,"column":null}},"148":{"start":{"line":389,"column":6},"end":{"line":389,"column":null}},"149":{"start":{"line":391,"column":6},"end":{"line":395,"column":null}},"150":{"start":{"line":468,"column":14},"end":{"line":468,"column":27}},"151":{"start":{"line":484,"column":16},"end":{"line":484,"column":35}}},"fnMap":{"0":{"name":"NewsFeed","decl":{"start":{"line":40,"column":24},"end":{"line":40,"column":null}},"loc":{"start":{"line":40,"column":24},"end":{"line":566,"column":null}}},"1":{"name":"(anonymous_2)","decl":{"start":{"line":50,"column":12},"end":{"line":50,"column":null}},"loc":{"start":{"line":50,"column":12},"end":{"line":98,"column":5}}},"2":{"name":"(anonymous_3)","decl":{"start":{"line":79,"column":18},"end":{"line":79,"column":null}},"loc":{"start":{"line":79,"column":18},"end":{"line":82,"column":null}}},"3":{"name":"(anonymous_4)","decl":{"start":{"line":80,"column":51},"end":{"line":80,"column":59}},"loc":{"start":{"line":80,"column":59},"end":{"line":80,"column":null}}},"4":{"name":"(anonymous_5)","decl":{"start":{"line":101,"column":32},"end":{"line":101,"column":null}},"loc":{"start":{"line":101,"column":32},"end":{"line":288,"column":5}}},"5":{"name":"(anonymous_6)","decl":{"start":{"line":281,"column":17},"end":{"line":281,"column":18}},"loc":{"start":{"line":281,"column":27},"end":{"line":281,"column":null}}},"6":{"name":"(anonymous_7)","decl":{"start":{"line":291,"column":24},"end":{"line":291,"column":25}},"loc":{"start":{"line":291,"column":25},"end":{"line":349,"column":null}}},"7":{"name":"(anonymous_8)","decl":{"start":{"line":300,"column":6},"end":{"line":300,"column":7}},"loc":{"start":{"line":300,"column":34},"end":{"line":305,"column":null}}},"8":{"name":"(anonymous_9)","decl":{"start":{"line":310,"column":29},"end":{"line":310,"column":30}},"loc":{"start":{"line":310,"column":30},"end":{"line":346,"column":null}}},"9":{"name":"(anonymous_10)","decl":{"start":{"line":352,"column":12},"end":{"line":352,"column":null}},"loc":{"start":{"line":352,"column":12},"end":{"line":360,"column":5}}},"10":{"name":"(anonymous_11)","decl":{"start":{"line":359,"column":11},"end":{"line":359,"column":17}},"loc":{"start":{"line":359,"column":17},"end":{"line":359,"column":null}}},"11":{"name":"(anonymous_12)","decl":{"start":{"line":363,"column":29},"end":{"line":363,"column":null}},"loc":{"start":{"line":363,"column":29},"end":{"line":371,"column":null}}},"12":{"name":"(anonymous_13)","decl":{"start":{"line":374,"column":45},"end":{"line":374,"column":53}},"loc":{"start":{"line":374,"column":53},"end":{"line":374,"column":null}}},"13":{"name":"(anonymous_14)","decl":{"start":{"line":376,"column":21},"end":{"line":376,"column":22}},"loc":{"start":{"line":376,"column":22},"end":{"line":397,"column":null}}},"14":{"name":"(anonymous_15)","decl":{"start":{"line":467,"column":27},"end":{"line":467,"column":null}},"loc":{"start":{"line":468,"column":14},"end":{"line":468,"column":27}}},"15":{"name":"(anonymous_16)","decl":{"start":{"line":483,"column":31},"end":{"line":483,"column":null}},"loc":{"start":{"line":484,"column":16},"end":{"line":484,"column":35}}}},"branchMap":{"0":{"loc":{"start":{"line":54,"column":6},"end":{"line":67,"column":null}},"type":"if","locations":[{"start":{"line":54,"column":6},"end":{"line":67,"column":null}}]},"1":{"loc":{"start":{"line":58,"column":8},"end":{"line":66,"column":null}},"type":"if","locations":[{"start":{"line":58,"column":8},"end":{"line":66,"column":null}},{"start":{"line":64,"column":15},"end":{"line":66,"column":null}}]},"2":{"loc":{"start":{"line":71,"column":6},"end":{"line":94,"column":null}},"type":"if","locations":[{"start":{"line":71,"column":6},"end":{"line":94,"column":null}}]},"3":{"loc":{"start":{"line":77,"column":8},"end":{"line":93,"column":null}},"type":"if","locations":[{"start":{"line":77,"column":8},"end":{"line":93,"column":null}},{"start":{"line":91,"column":15},"end":{"line":93,"column":null}}]},"4":{"loc":{"start":{"line":85,"column":12},"end":{"line":87,"column":null}},"type":"if","locations":[{"start":{"line":85,"column":12},"end":{"line":87,"column":null}}]},"5":{"loc":{"start":{"line":105,"column":4},"end":{"line":107,"column":null}},"type":"if","locations":[{"start":{"line":105,"column":4},"end":{"line":107,"column":null}}]},"6":{"loc":{"start":{"line":105,"column":8},"end":{"line":105,"column":53}},"type":"binary-expr","locations":[{"start":{"line":105,"column":8},"end":{"line":105,"column":19}},{"start":{"line":105,"column":19},"end":{"line":105,"column":53}}]},"7":{"loc":{"start":{"line":166,"column":4},"end":{"line":278,"column":null}},"type":"if","locations":[{"start":{"line":166,"column":4},"end":{"line":278,"column":null}}]},"8":{"loc":{"start":{"line":175,"column":8},"end":{"line":270,"column":null}},"type":"if","locations":[{"start":{"line":175,"column":8},"end":{"line":270,"column":null}},{"start":{"line":229,"column":15},"end":{"line":270,"column":null}}]},"9":{"loc":{"start":{"line":190,"column":47},"end":{"line":190,"column":null}},"type":"binary-expr","locations":[{"start":{"line":190,"column":47},"end":{"line":190,"column":60}},{"start":{"line":190,"column":60},"end":{"line":190,"column":null}}]},"10":{"loc":{"start":{"line":193,"column":12},"end":{"line":195,"column":null}},"type":"cond-expr","locations":[{"start":{"line":194,"column":17},"end":{"line":194,"column":null}},{"start":{"line":195,"column":16},"end":{"line":195,"column":null}}]},"11":{"loc":{"start":{"line":193,"column":12},"end":{"line":193,"column":null}},"type":"binary-expr","locations":[{"start":{"line":193,"column":12},"end":{"line":193,"column":25}},{"start":{"line":193,"column":25},"end":{"line":193,"column":null}}]},"12":{"loc":{"start":{"line":196,"column":30},"end":{"line":202,"column":null}},"type":"cond-expr","locations":[{"start":{"line":197,"column":15},"end":{"line":197,"column":31}},{"start":{"line":198,"column":14},"end":{"line":202,"column":null}}]},"13":{"loc":{"start":{"line":196,"column":30},"end":{"line":196,"column":null}},"type":"binary-expr","locations":[{"start":{"line":196,"column":30},"end":{"line":196,"column":41}},{"start":{"line":196,"column":41},"end":{"line":196,"column":null}}]},"14":{"loc":{"start":{"line":198,"column":14},"end":{"line":202,"column":null}},"type":"cond-expr","locations":[{"start":{"line":199,"column":15},"end":{"line":199,"column":33}},{"start":{"line":200,"column":14},"end":{"line":202,"column":null}}]},"15":{"loc":{"start":{"line":198,"column":14},"end":{"line":198,"column":null}},"type":"binary-expr","locations":[{"start":{"line":198,"column":14},"end":{"line":198,"column":25}},{"start":{"line":198,"column":25},"end":{"line":198,"column":null}}]},"16":{"loc":{"start":{"line":200,"column":14},"end":{"line":202,"column":null}},"type":"cond-expr","locations":[{"start":{"line":201,"column":14},"end":{"line":201,"column":35}},{"start":{"line":202,"column":14},"end":{"line":202,"column":null}}]},"17":{"loc":{"start":{"line":204,"column":10},"end":{"line":228,"column":null}},"type":"if","locations":[{"start":{"line":204,"column":10},"end":{"line":228,"column":null}},{"start":{"line":226,"column":17},"end":{"line":228,"column":null}}]},"18":{"loc":{"start":{"line":208,"column":28},"end":{"line":210,"column":null}},"type":"cond-expr","locations":[{"start":{"line":209,"column":17},"end":{"line":209,"column":35}},{"start":{"line":210,"column":16},"end":{"line":210,"column":null}}]},"19":{"loc":{"start":{"line":208,"column":28},"end":{"line":208,"column":null}},"type":"binary-expr","locations":[{"start":{"line":208,"column":28},"end":{"line":208,"column":39}},{"start":{"line":208,"column":39},"end":{"line":208,"column":null}}]},"20":{"loc":{"start":{"line":239,"column":16},"end":{"line":241,"column":null}},"type":"cond-expr","locations":[{"start":{"line":240,"column":20},"end":{"line":240,"column":43}},{"start":{"line":241,"column":20},"end":{"line":241,"column":null}}]},"21":{"loc":{"start":{"line":249,"column":10},"end":{"line":260,"column":null}},"type":"if","locations":[{"start":{"line":249,"column":10},"end":{"line":260,"column":null}},{"start":{"line":253,"column":17},"end":{"line":260,"column":null}}]},"22":{"loc":{"start":{"line":251,"column":14},"end":{"line":251,"column":null}},"type":"binary-expr","locations":[{"start":{"line":251,"column":14},"end":{"line":251,"column":37}},{"start":{"line":251,"column":37},"end":{"line":251,"column":null}}]},"23":{"loc":{"start":{"line":253,"column":17},"end":{"line":260,"column":null}},"type":"if","locations":[{"start":{"line":253,"column":17},"end":{"line":260,"column":null}},{"start":{"line":255,"column":17},"end":{"line":260,"column":null}}]},"24":{"loc":{"start":{"line":255,"column":17},"end":{"line":260,"column":null}},"type":"if","locations":[{"start":{"line":255,"column":17},"end":{"line":260,"column":null}},{"start":{"line":257,"column":17},"end":{"line":260,"column":null}}]},"25":{"loc":{"start":{"line":255,"column":21},"end":{"line":255,"column":88}},"type":"binary-expr","locations":[{"start":{"line":255,"column":21},"end":{"line":255,"column":57}},{"start":{"line":255,"column":57},"end":{"line":255,"column":88}}]},"26":{"loc":{"start":{"line":257,"column":17},"end":{"line":260,"column":null}},"type":"if","locations":[{"start":{"line":257,"column":17},"end":{"line":260,"column":null}}]},"27":{"loc":{"start":{"line":266,"column":10},"end":{"line":269,"column":null}},"type":"if","locations":[{"start":{"line":266,"column":10},"end":{"line":269,"column":null}}]},"28":{"loc":{"start":{"line":275,"column":41},"end":{"line":275,"column":97}},"type":"cond-expr","locations":[{"start":{"line":275,"column":66},"end":{"line":275,"column":79}},{"start":{"line":275,"column":82},"end":{"line":275,"column":97}}]},"29":{"loc":{"start":{"line":284,"column":4},"end":{"line":286,"column":null}},"type":"if","locations":[{"start":{"line":284,"column":4},"end":{"line":286,"column":null}}]},"30":{"loc":{"start":{"line":294,"column":4},"end":{"line":296,"column":null}},"type":"if","locations":[{"start":{"line":294,"column":4},"end":{"line":296,"column":null}}]},"31":{"loc":{"start":{"line":294,"column":8},"end":{"line":294,"column":59}},"type":"binary-expr","locations":[{"start":{"line":294,"column":8},"end":{"line":294,"column":25}},{"start":{"line":294,"column":29},"end":{"line":294,"column":59}}]},"32":{"loc":{"start":{"line":301,"column":8},"end":{"line":303,"column":null}},"type":"if","locations":[{"start":{"line":301,"column":8},"end":{"line":303,"column":null}}]},"33":{"loc":{"start":{"line":301,"column":12},"end":{"line":301,"column":49}},"type":"binary-expr","locations":[{"start":{"line":301,"column":12},"end":{"line":301,"column":20}},{"start":{"line":301,"column":20},"end":{"line":301,"column":49}}]},"34":{"loc":{"start":{"line":311,"column":6},"end":{"line":311,"column":null}},"type":"if","locations":[{"start":{"line":311,"column":6},"end":{"line":311,"column":null}}]},"35":{"loc":{"start":{"line":313,"column":6},"end":{"line":313,"column":null}},"type":"if","locations":[{"start":{"line":313,"column":6},"end":{"line":313,"column":null}}]},"36":{"loc":{"start":{"line":323,"column":55},"end":{"line":329,"column":null}},"type":"cond-expr","locations":[{"start":{"line":324,"column":10},"end":{"line":328,"column":null}},{"start":{"line":329,"column":10},"end":{"line":329,"column":null}}]},"37":{"loc":{"start":{"line":325,"column":16},"end":{"line":325,"column":75}},"type":"cond-expr","locations":[{"start":{"line":325,"column":46},"end":{"line":325,"column":73}},{"start":{"line":325,"column":73},"end":{"line":325,"column":75}}]},"38":{"loc":{"start":{"line":326,"column":16},"end":{"line":326,"column":84}},"type":"cond-expr","locations":[{"start":{"line":326,"column":49},"end":{"line":326,"column":82}},{"start":{"line":326,"column":82},"end":{"line":326,"column":84}}]},"39":{"loc":{"start":{"line":327,"column":16},"end":{"line":327,"column":79}},"type":"cond-expr","locations":[{"start":{"line":327,"column":47},"end":{"line":327,"column":77}},{"start":{"line":327,"column":77},"end":{"line":327,"column":79}}]},"40":{"loc":{"start":{"line":337,"column":21},"end":{"line":337,"column":null}},"type":"binary-expr","locations":[{"start":{"line":337,"column":21},"end":{"line":337,"column":37}},{"start":{"line":337,"column":41},"end":{"line":337,"column":null}}]},"41":{"loc":{"start":{"line":341,"column":14},"end":{"line":341,"column":66}},"type":"cond-expr","locations":[{"start":{"line":341,"column":32},"end":{"line":341,"column":64}},{"start":{"line":341,"column":64},"end":{"line":341,"column":66}}]},"42":{"loc":{"start":{"line":342,"column":14},"end":{"line":342,"column":91}},"type":"cond-expr","locations":[{"start":{"line":342,"column":41},"end":{"line":342,"column":89}},{"start":{"line":342,"column":89},"end":{"line":342,"column":91}}]},"43":{"loc":{"start":{"line":344,"column":12},"end":{"line":344,"column":38}},"type":"cond-expr","locations":[{"start":{"line":344,"column":22},"end":{"line":344,"column":36}},{"start":{"line":344,"column":36},"end":{"line":344,"column":38}}]},"44":{"loc":{"start":{"line":364,"column":4},"end":{"line":370,"column":null}},"type":"if","locations":[{"start":{"line":364,"column":4},"end":{"line":370,"column":null}}]},"45":{"loc":{"start":{"line":374,"column":4},"end":{"line":374,"column":null}},"type":"cond-expr","locations":[{"start":{"line":374,"column":26},"end":{"line":374,"column":33}},{"start":{"line":374,"column":33},"end":{"line":374,"column":null}}]},"46":{"loc":{"start":{"line":384,"column":4},"end":{"line":396,"column":null}},"type":"if","locations":[{"start":{"line":384,"column":4},"end":{"line":396,"column":null}},{"start":{"line":386,"column":11},"end":{"line":396,"column":null}}]},"47":{"loc":{"start":{"line":385,"column":34},"end":{"line":385,"column":60}},"type":"cond-expr","locations":[{"start":{"line":385,"column":51},"end":{"line":385,"column":57}},{"start":{"line":385,"column":57},"end":{"line":385,"column":60}}]},"48":{"loc":{"start":{"line":386,"column":11},"end":{"line":396,"column":null}},"type":"if","locations":[{"start":{"line":386,"column":11},"end":{"line":396,"column":null}},{"start":{"line":388,"column":11},"end":{"line":396,"column":null}}]},"49":{"loc":{"start":{"line":387,"column":33},"end":{"line":387,"column":60}},"type":"cond-expr","locations":[{"start":{"line":387,"column":51},"end":{"line":387,"column":57}},{"start":{"line":387,"column":57},"end":{"line":387,"column":60}}]},"50":{"loc":{"start":{"line":388,"column":11},"end":{"line":396,"column":null}},"type":"if","locations":[{"start":{"line":388,"column":11},"end":{"line":396,"column":null}},{"start":{"line":390,"column":11},"end":{"line":396,"column":null}}]},"51":{"loc":{"start":{"line":389,"column":31},"end":{"line":389,"column":57}},"type":"cond-expr","locations":[{"start":{"line":389,"column":48},"end":{"line":389,"column":54}},{"start":{"line":389,"column":54},"end":{"line":389,"column":57}}]},"52":{"loc":{"start":{"line":428,"column":13},"end":{"line":428,"column":79}},"type":"binary-expr","locations":[{"start":{"line":428,"column":13},"end":{"line":428,"column":28}},{"start":{"line":428,"column":28},"end":{"line":428,"column":79}}]},"53":{"loc":{"start":{"line":431,"column":13},"end":{"line":431,"column":null}},"type":"binary-expr","locations":[{"start":{"line":431,"column":13},"end":{"line":431,"column":null}}]},"54":{"loc":{"start":{"line":438,"column":55},"end":{"line":438,"column":85}},"type":"binary-expr","locations":[{"start":{"line":438,"column":55},"end":{"line":438,"column":66}},{"start":{"line":438,"column":66},"end":{"line":438,"column":85}}]},"55":{"loc":{"start":{"line":444,"column":9},"end":{"line":444,"column":null}},"type":"binary-expr","locations":[{"start":{"line":444,"column":9},"end":{"line":444,"column":null}}]},"56":{"loc":{"start":{"line":451,"column":9},"end":{"line":451,"column":null}},"type":"binary-expr","locations":[{"start":{"line":451,"column":9},"end":{"line":451,"column":null}}]},"57":{"loc":{"start":{"line":458,"column":9},"end":{"line":458,"column":36}},"type":"binary-expr","locations":[{"start":{"line":458,"column":9},"end":{"line":458,"column":36}},{"start":{"line":458,"column":36},"end":{"line":458,"column":null}}]},"58":{"loc":{"start":{"line":466,"column":10},"end":{"line":481,"column":11}},"type":"cond-expr","locations":[{"start":{"line":466,"column":10},"end":{"line":481,"column":11}}]},"59":{"loc":{"start":{"line":483,"column":14},"end":{"line":484,"column":35}},"type":"cond-expr","locations":[{"start":{"line":483,"column":14},"end":{"line":484,"column":35}}]},"60":{"loc":{"start":{"line":486,"column":21},"end":{"line":486,"column":34}},"type":"binary-expr","locations":[{"start":{"line":486,"column":21},"end":{"line":486,"column":34}}]},"61":{"loc":{"start":{"line":489,"column":31},"end":{"line":489,"column":null}},"type":"binary-expr","locations":[{"start":{"line":489,"column":31},"end":{"line":489,"column":44}},{"start":{"line":489,"column":48},"end":{"line":489,"column":null}}]},"62":{"loc":{"start":{"line":498,"column":25},"end":{"line":498,"column":null}},"type":"binary-expr","locations":[{"start":{"line":498,"column":25},"end":{"line":498,"column":null}}]},"63":{"loc":{"start":{"line":515,"column":23},"end":{"line":515,"column":54}},"type":"binary-expr","locations":[{"start":{"line":515,"column":23},"end":{"line":515,"column":54}},{"start":{"line":515,"column":54},"end":{"line":515,"column":66}}]},"64":{"loc":{"start":{"line":517,"column":27},"end":{"line":517,"column":null}},"type":"binary-expr","locations":[{"start":{"line":517,"column":27},"end":{"line":517,"column":null}}]},"65":{"loc":{"start":{"line":520,"column":27},"end":{"line":520,"column":null}},"type":"binary-expr","locations":[{"start":{"line":520,"column":27},"end":{"line":520,"column":null}}]},"66":{"loc":{"start":{"line":529,"column":28},"end":{"line":538,"column":29}},"type":"cond-expr","locations":[{"start":{"line":529,"column":28},"end":{"line":538,"column":29}}]},"67":{"loc":{"start":{"line":528,"column":27},"end":{"line":528,"column":null}},"type":"binary-expr","locations":[{"start":{"line":528,"column":27},"end":{"line":528,"column":58}},{"start":{"line":528,"column":58},"end":{"line":528,"column":null}}]},"68":{"loc":{"start":{"line":531,"column":37},"end":{"line":531,"column":null}},"type":"binary-expr","locations":[{"start":{"line":531,"column":37},"end":{"line":531,"column":64}},{"start":{"line":531,"column":68},"end":{"line":531,"column":null}}]}},"s":{"0":0,"1":0,"2":0,"3":0,"4":0,"5":0,"6":0,"7":0,"8":0,"9":0,"10":0,"11":0,"12":0,"13":0,"14":0,"15":0,"16":0,"17":0,"18":0,"19":0,"20":0,"21":0,"22":0,"23":0,"24":0,"25":0,"26":0,"27":0,"28":0,"29":0,"30":0,"31":0,"32":0,"33":0,"34":0,"35":0,"36":0,"37":0,"38":0,"39":0,"40":0,"41":0,"42":0,"43":0,"44":0,"45":0,"46":0,"47":0,"48":0,"49":0,"50":0,"51":0,"52":0,"53":0,"54":0,"55":0,"56":0,"57":0,"58":0,"59":0,"60":0,"61":0,"62":0,"63":0,"64":0,"65":0,"66":0,"67":0,"68":0,"69":0,"70":0,"71":0,"72":0,"73":0,"74":0,"75":0,"76":0,"77":0,"78":0,"79":0,"80":0,"81":0,"82":0,"83":0,"84":0,"85":0,"86":0,"87":0,"88":0,"89":0,"90":0,"91":0,"92":0,"93":0,"94":0,"95":0,"96":0,"97":0,"98":0,"99":0,"100":0,"101":0,"102":0,"103":0,"104":0,"105":0,"106":0,"107":0,"108":0,"109":0,"110":0,"111":0,"112":0,"113":0,"114":0,"115":0,"116":0,"117":0,"118":0,"119":0,"120":0,"121":0,"122":0,"123":0,"124":0,"125":0,"126":0,"127":0,"128":0,"129":0,"130":0,"131":0,"132":0,"133":0,"134":0,"135":0,"136":0,"137":0,"138":0,"139":0,"140":0,"141":0,"142":0,"143":0,"144":0,"145":0,"146":0,"147":0,"148":0,"149":0,"150":0,"151":0},"f":{"0":0,"1":0,"2":0,"3":0,"4":0,"5":0,"6":0,"7":0,"8":0,"9":0,"10":0,"11":0,"12":0,"13":0,"14":0,"15":0},"b":{"0":[0],"1":[0,0],"2":[0],"3":[0,0],"4":[0],"5":[0],"6":[0,0],"7":[0],"8":[0,0],"9":[0,0],"10":[0,0],"11":[0,0],"12":[0,0],"13":[0,0],"14":[0,0],"15":[0,0],"16":[0,0],"17":[0,0],"18":[0,0],"19":[0,0],"20":[0,0],"21":[0,0],"22":[0,0],"23":[0,0],"24":[0,0],"25":[0,0],"26":[0],"27":[0],"28":[0,0],"29":[0],"30":[0],"31":[0,0],"32":[0],"33":[0,0],"34":[0],"35":[0],"36":[0,0],"37":[0,0],"38":[0,0],"39":[0,0],"40":[0,0],"41":[0,0],"42":[0,0],"43":[0,0],"44":[0],"45":[0,0],"46":[0,0],"47":[0,0],"48":[0,0],"49":[0,0],"50":[0,0],"51":[0,0],"52":[0,0],"53":[0],"54":[0,0],"55":[0],"56":[0],"57":[0,0],"58":[0],"59":[0],"60":[0],"61":[0,0],"62":[0],"63":[0,0],"64":[0],"65":[0],"66":[0],"67":[0,0],"68":[0,0]}}
,"D:\\CODE\\CODING DIRECTORY\\Portfolio Projects\\pi-dashboard\\components\\pi-calculator.tsx": {"path":"D:\\CODE\\CODING DIRECTORY\\Portfolio Projects\\pi-dashboard\\components\\pi-calculator.tsx","statementMap":{"0":{"start":{"line":29,"column":24},"end":{"line":29,"column":null}},"1":{"start":{"line":5,"column":36},"end":{"line":5,"column":null}},"2":{"start":{"line":6,"column":57},"end":{"line":6,"column":null}},"3":{"start":{"line":7,"column":22},"end":{"line":7,"column":null}},"4":{"start":{"line":8,"column":22},"end":{"line":8,"column":null}},"5":{"start":{"line":9,"column":23},"end":{"line":9,"column":null}},"6":{"start":{"line":10,"column":43},"end":{"line":10,"column":null}},"7":{"start":{"line":11,"column":45},"end":{"line":11,"column":null}},"8":{"start":{"line":13,"column":50},"end":{"line":19,"column":null}},"9":{"start":{"line":22,"column":21},"end":{"line":27,"column":null}},"10":{"start":{"line":23,"column":2},"end":{"line":26,"column":null}},"11":{"start":{"line":30,"column":23},"end":{"line":30,"column":null}},"12":{"start":{"line":31,"column":34},"end":{"line":31,"column":null}},"13":{"start":{"line":32,"column":32},"end":{"line":32,"column":null}},"14":{"start":{"line":33,"column":32},"end":{"line":33,"column":null}},"15":{"start":{"line":34,"column":28},"end":{"line":34,"column":null}},"16":{"start":{"line":37,"column":2},"end":{"line":63,"column":null}},"17":{"start":{"line":38,"column":23},"end":{"line":60,"column":null}},"18":{"start":{"line":39,"column":6},"end":{"line":39,"column":null}},"19":{"start":{"line":40,"column":6},"end":{"line":40,"column":null}},"20":{"start":{"line":42,"column":6},"end":{"line":59,"column":null}},"21":{"start":{"line":44,"column":55},"end":{"line":44,"column":null}},"22":{"start":{"line":46,"column":8},"end":{"line":52,"column":null}},"23":{"start":{"line":47,"column":10},"end":{"line":47,"column":null}},"24":{"start":{"line":49,"column":10},"end":{"line":49,"column":null}},"25":{"start":{"line":51,"column":10},"end":{"line":51,"column":null}},"26":{"start":{"line":54,"column":8},"end":{"line":54,"column":null}},"27":{"start":{"line":55,"column":8},"end":{"line":55,"column":null}},"28":{"start":{"line":56,"column":8},"end":{"line":56,"column":null}},"29":{"start":{"line":58,"column":8},"end":{"line":58,"column":null}},"30":{"start":{"line":62,"column":4},"end":{"line":62,"column":null}},"31":{"start":{"line":66,"column":25},"end":{"line":82,"column":null}},"32":{"start":{"line":67,"column":4},"end":{"line":67,"column":null}},"33":{"start":{"line":67,"column":26},"end":{"line":67,"column":null}},"34":{"start":{"line":69,"column":19},"end":{"line":69,"column":null}},"35":{"start":{"line":70,"column":18},"end":{"line":70,"column":null}},"36":{"start":{"line":73,"column":4},"end":{"line":81,"column":null}},"37":{"start":{"line":74,"column":6},"end":{"line":74,"column":null}},"38":{"start":{"line":75,"column":11},"end":{"line":81,"column":null}},"39":{"start":{"line":76,"column":6},"end":{"line":76,"column":null}},"40":{"start":{"line":77,"column":11},"end":{"line":81,"column":null}},"41":{"start":{"line":78,"column":6},"end":{"line":78,"column":null}},"42":{"start":{"line":80,"column":6},"end":{"line":80,"column":null}},"43":{"start":{"line":85,"column":29},"end":{"line":91,"column":null}},"44":{"start":{"line":86,"column":18},"end":{"line":86,"column":32}},"45":{"start":{"line":88,"column":4},"end":{"line":90,"column":null}},"46":{"start":{"line":89,"column":6},"end":{"line":89,"column":null}},"47":{"start":{"line":94,"column":24},"end":{"line":94,"column":null}},"48":{"start":{"line":116,"column":14},"end":{"line":117,"column":null}},"49":{"start":{"line":120,"column":31},"end":{"line":120,"column":null}}},"fnMap":{"0":{"name":"(anonymous_1)","decl":{"start":{"line":22,"column":21},"end":{"line":22,"column":22}},"loc":{"start":{"line":22,"column":22},"end":{"line":27,"column":null}}},"1":{"name":"PiCalculator","decl":{"start":{"line":29,"column":24},"end":{"line":29,"column":null}},"loc":{"start":{"line":29,"column":24},"end":{"line":171,"column":null}}},"2":{"name":"(anonymous_3)","decl":{"start":{"line":37,"column":12},"end":{"line":37,"column":null}},"loc":{"start":{"line":37,"column":12},"end":{"line":63,"column":5}}},"3":{"name":"(anonymous_4)","decl":{"start":{"line":38,"column":23},"end":{"line":38,"column":null}},"loc":{"start":{"line":38,"column":23},"end":{"line":60,"column":null}}},"4":{"name":"(anonymous_5)","decl":{"start":{"line":66,"column":25},"end":{"line":66,"column":null}},"loc":{"start":{"line":66,"column":25},"end":{"line":82,"column":null}}},"5":{"name":"(anonymous_6)","decl":{"start":{"line":85,"column":29},"end":{"line":85,"column":30}},"loc":{"start":{"line":85,"column":30},"end":{"line":91,"column":null}}},"6":{"name":"(anonymous_7)","decl":{"start":{"line":115,"column":31},"end":{"line":115,"column":null}},"loc":{"start":{"line":116,"column":14},"end":{"line":117,"column":null}}},"7":{"name":"(anonymous_8)","decl":{"start":{"line":120,"column":25},"end":{"line":120,"column":31}},"loc":{"start":{"line":120,"column":31},"end":{"line":120,"column":null}}}},"branchMap":{"0":{"loc":{"start":{"line":46,"column":8},"end":{"line":52,"column":null}},"type":"if","locations":[{"start":{"line":46,"column":8},"end":{"line":52,"column":null}},{"start":{"line":48,"column":15},"end":{"line":52,"column":null}}]},"1":{"loc":{"start":{"line":67,"column":4},"end":{"line":67,"column":null}},"type":"if","locations":[{"start":{"line":67,"column":4},"end":{"line":67,"column":null}}]},"2":{"loc":{"start":{"line":69,"column":19},"end":{"line":69,"column":null}},"type":"binary-expr","locations":[{"start":{"line":69,"column":19},"end":{"line":69,"column":50}},{"start":{"line":69,"column":50},"end":{"line":69,"column":null}}]},"3":{"loc":{"start":{"line":73,"column":4},"end":{"line":81,"column":null}},"type":"if","locations":[{"start":{"line":73,"column":4},"end":{"line":81,"column":null}},{"start":{"line":75,"column":11},"end":{"line":81,"column":null}}]},"4":{"loc":{"start":{"line":75,"column":11},"end":{"line":81,"column":null}},"type":"if","locations":[{"start":{"line":75,"column":11},"end":{"line":81,"column":null}},{"start":{"line":77,"column":11},"end":{"line":81,"column":null}}]},"5":{"loc":{"start":{"line":77,"column":11},"end":{"line":81,"column":null}},"type":"if","locations":[{"start":{"line":77,"column":11},"end":{"line":81,"column":null}},{"start":{"line":79,"column":11},"end":{"line":81,"column":null}}]},"6":{"loc":{"start":{"line":88,"column":4},"end":{"line":90,"column":null}},"type":"if","locations":[{"start":{"line":88,"column":4},"end":{"line":90,"column":null}}]},"7":{"loc":{"start":{"line":88,"column":8},"end":{"line":88,"column":57}},"type":"binary-expr","locations":[{"start":{"line":88,"column":8},"end":{"line":88,"column":24}},{"start":{"line":88,"column":24},"end":{"line":88,"column":57}}]},"8":{"loc":{"start":{"line":132,"column":16},"end":{"line":134,"column":null}},"type":"cond-expr","locations":[{"start":{"line":132,"column":16},"end":{"line":134,"column":null}}]},"9":{"loc":{"start":{"line":140,"column":13},"end":{"line":140,"column":22}},"type":"binary-expr","locations":[{"start":{"line":140,"column":13},"end":{"line":140,"column":22}}]}},"s":{"0":0,"1":0,"2":0,"3":0,"4":0,"5":0,"6":0,"7":0,"8":0,"9":0,"10":0,"11":0,"12":0,"13":0,"14":0,"15":0,"16":0,"17":0,"18":0,"19":0,"20":0,"21":0,"22":0,"23":0,"24":0,"25":0,"26":0,"27":0,"28":0,"29":0,"30":0,"31":0,"32":0,"33":0,"34":0,"35":0,"36":0,"37":0,"38":0,"39":0,"40":0,"41":0,"42":0,"43":0,"44":0,"45":0,"46":0,"47":0,"48":0,"49":0},"f":{"0":0,"1":0,"2":0,"3":0,"4":0,"5":0,"6":0,"7":0},"b":{"0":[0,0],"1":[0],"2":[0,0],"3":[0,0],"4":[0,0],"5":[0,0],"6":[0],"7":[0,0],"8":[0],"9":[0]}}
,"D:\\CODE\\CODING DIRECTORY\\Portfolio Projects\\pi-dashboard\\components\\price-prediction.tsx": {"path":"D:\\CODE\\CODING DIRECTORY\\Portfolio Projects\\pi-dashboard\\components\\price-prediction.tsx","statementMap":{"0":{"start":{"line":62,"column":24},"end":{"line":62,"column":null}},"1":{"start":{"line":3,"column":57},"end":{"line":3,"column":null}},"2":{"start":{"line":4,"column":57},"end":{"line":4,"column":null}},"3":{"start":{"line":5,"column":44},"end":{"line":5,"column":null}},"4":{"start":{"line":13,"column":19},"end":{"line":13,"column":null}},"5":{"start":{"line":14,"column":43},"end":{"line":14,"column":null}},"6":{"start":{"line":15,"column":68},"end":{"line":15,"column":null}},"7":{"start":{"line":20,"column":7},"end":{"line":20,"column":null}},"8":{"start":{"line":25,"column":7},"end":{"line":25,"column":null}},"9":{"start":{"line":30,"column":7},"end":{"line":30,"column":null}},"10":{"start":{"line":35,"column":7},"end":{"line":35,"column":null}},"11":{"start":{"line":40,"column":7},"end":{"line":40,"column":null}},"12":{"start":{"line":63,"column":23},"end":{"line":63,"column":null}},"13":{"start":{"line":64,"column":38},"end":{"line":64,"column":null}},"14":{"start":{"line":65,"column":32},"end":{"line":65,"column":null}},"15":{"start":{"line":66,"column":52},"end":{"line":66,"column":null}},"16":{"start":{"line":67,"column":42},"end":{"line":67,"column":null}},"17":{"start":{"line":68,"column":46},"end":{"line":68,"column":null}},"18":{"start":{"line":69,"column":28},"end":{"line":69,"column":null}},"19":{"start":{"line":70,"column":48},"end":{"line":70,"column":null}},"20":{"start":{"line":71,"column":35},"end":{"line":71,"column":null}},"21":{"start":{"line":72,"column":54},"end":{"line":72,"column":null}},"22":{"start":{"line":73,"column":20},"end":{"line":73,"column":null}},"23":{"start":{"line":74,"column":23},"end":{"line":74,"column":null}},"24":{"start":{"line":75,"column":27},"end":{"line":75,"column":null}},"25":{"start":{"line":78,"column":24},"end":{"line":88,"column":null}},"26":{"start":{"line":91,"column":27},"end":{"line":91,"column":null}},"27":{"start":{"line":92,"column":2},"end":{"line":94,"column":null}},"28":{"start":{"line":93,"column":4},"end":{"line":93,"column":null}},"29":{"start":{"line":96,"column":33},"end":{"line":98,"column":null}},"30":{"start":{"line":102,"column":2},"end":{"line":102,"column":null}},"31":{"start":{"line":105,"column":2},"end":{"line":168,"column":null}},"32":{"start":{"line":106,"column":27},"end":{"line":163,"column":null}},"33":{"start":{"line":107,"column":6},"end":{"line":107,"column":null}},"34":{"start":{"line":108,"column":6},"end":{"line":108,"column":null}},"35":{"start":{"line":110,"column":6},"end":{"line":162,"column":null}},"36":{"start":{"line":112,"column":55},"end":{"line":112,"column":null}},"37":{"start":{"line":114,"column":8},"end":{"line":120,"column":null}},"38":{"start":{"line":115,"column":10},"end":{"line":115,"column":null}},"39":{"start":{"line":117,"column":10},"end":{"line":117,"column":null}},"40":{"start":{"line":119,"column":10},"end":{"line":119,"column":null}},"41":{"start":{"line":123,"column":33},"end":{"line":136,"column":null}},"42":{"start":{"line":124,"column":10},"end":{"line":135,"column":null}},"43":{"start":{"line":126,"column":14},"end":{"line":126,"column":47}},"44":{"start":{"line":128,"column":14},"end":{"line":128,"column":48}},"45":{"start":{"line":130,"column":14},"end":{"line":130,"column":49}},"46":{"start":{"line":132,"column":14},"end":{"line":132,"column":49}},"47":{"start":{"line":134,"column":14},"end":{"line":134,"column":48}},"48":{"start":{"line":138,"column":31},"end":{"line":138,"column":null}},"49":{"start":{"line":139,"column":59},"end":{"line":139,"column":null}},"50":{"start":{"line":141,"column":8},"end":{"line":153,"column":null}},"51":{"start":{"line":143,"column":55},"end":{"line":147,"column":null}},"52":{"start":{"line":144,"column":41},"end":{"line":147,"column":null}},"53":{"start":{"line":150,"column":10},"end":{"line":150,"column":null}},"54":{"start":{"line":151,"column":15},"end":{"line":153,"column":null}},"55":{"start":{"line":152,"column":10},"end":{"line":152,"column":null}},"56":{"start":{"line":155,"column":8},"end":{"line":155,"column":null}},"57":{"start":{"line":156,"column":8},"end":{"line":156,"column":null}},"58":{"start":{"line":159,"column":8},"end":{"line":161,"column":null}},"59":{"start":{"line":160,"column":10},"end":{"line":160,"column":null}},"60":{"start":{"line":165,"column":4},"end":{"line":165,"column":null}},"61":{"start":{"line":171,"column":2},"end":{"line":382,"column":null}},"62":{"start":{"line":172,"column":4},"end":{"line":172,"column":null}},"63":{"start":{"line":172,"column":31},"end":{"line":172,"column":null}},"64":{"start":{"line":174,"column":31},"end":{"line":375,"column":null}},"65":{"start":{"line":176,"column":6},"end":{"line":178,"column":null}},"66":{"start":{"line":177,"column":8},"end":{"line":177,"column":null}},"67":{"start":{"line":181,"column":23},"end":{"line":181,"column":29}},"68":{"start":{"line":182,"column":35},"end":{"line":182,"column":null}},"69":{"start":{"line":183,"column":23},"end":{"line":183,"column":null}},"70":{"start":{"line":185,"column":6},"end":{"line":226,"column":null}},"71":{"start":{"line":187,"column":33},"end":{"line":187,"column":60}},"72":{"start":{"line":189,"column":8},"end":{"line":225,"column":null}},"73":{"start":{"line":191,"column":28},"end":{"line":191,"column":null}},"74":{"start":{"line":192,"column":10},"end":{"line":196,"column":null}},"75":{"start":{"line":192,"column":23},"end":{"line":192,"column":26}},"76":{"start":{"line":193,"column":12},"end":{"line":195,"column":null}},"77":{"start":{"line":197,"column":28},"end":{"line":197,"column":null}},"78":{"start":{"line":200,"column":31},"end":{"line":200,"column":null}},"79":{"start":{"line":201,"column":10},"end":{"line":206,"column":null}},"80":{"start":{"line":201,"column":23},"end":{"line":201,"column":26}},"81":{"start":{"line":203,"column":14},"end":{"line":204,"column":43}},"82":{"start":{"line":205,"column":12},"end":{"line":205,"column":null}},"83":{"start":{"line":207,"column":10},"end":{"line":207,"column":null}},"84":{"start":{"line":210,"column":33},"end":{"line":210,"column":62}},"85":{"start":{"line":211,"column":29},"end":{"line":211,"column":52}},"86":{"start":{"line":212,"column":27},"end":{"line":212,"column":74}},"87":{"start":{"line":213,"column":32},"end":{"line":213,"column":null}},"88":{"start":{"line":215,"column":10},"end":{"line":224,"column":null}},"89":{"start":{"line":216,"column":12},"end":{"line":216,"column":null}},"90":{"start":{"line":217,"column":12},"end":{"line":217,"column":null}},"91":{"start":{"line":218,"column":17},"end":{"line":224,"column":null}},"92":{"start":{"line":219,"column":12},"end":{"line":219,"column":null}},"93":{"start":{"line":220,"column":12},"end":{"line":220,"column":null}},"94":{"start":{"line":222,"column":12},"end":{"line":222,"column":null}},"95":{"start":{"line":223,"column":12},"end":{"line":223,"column":null}}
[...]
,"173":7,"174":56,"175":7,"176":56,"177":7,"178":56,"179":7,"180":7,"181":6,"182":6,"183":1,"184":13,"185":13,"186":57,"187":433,"188":433,"189":375,"190":58,"191":26,"192":32,"193":32,"194":32,"195":0,"196":32,"197":15,"198":15,"199":9,"200":1,"201":8,"202":24,"203":8,"204":8,"205":0,"206":0,"207":0,"208":0,"209":0,"210":0,"211":0,"212":0,"213":6,"214":0,"215":6,"216":6,"217":6,"218":6,"219":0,"220":6,"221":6,"222":0,"223":6,"224":6,"225":0,"226":6,"227":0,"228":6,"229":9,"230":6,"231":6,"232":0,"233":6,"234":0,"235":0,"236":0,"237":0,"238":0,"239":0,"240":0,"241":0,"242":0,"243":0,"244":0,"245":0,"246":0,"247":0,"248":0,"249":0,"250":11,"251":11,"252":11,"253":2,"254":11,"255":42,"256":11,"257":18,"258":11,"259":11,"260":2,"261":11,"262":11,"263":2,"264":11,"265":8,"266":11,"267":16,"268":11,"269":2,"270":11,"271":0,"272":0,"273":0,"274":0,"275":0,"276":0,"277":0,"278":0,"279":0,"280":0},"f":{"0":13,"1":433,"2":413,"3":43,"4":164,"5":56,"6":550,"7":603,"8":603,"9":603,"10":334,"11":53,"12":96,"13":32,"14":0,"15":0,"16":0,"17":0,"18":0,"19":0,"20":0,"21":0,"22":0,"23":454,"24":3766,"25":70,"26":0,"27":0,"28":0,"29":0,"30":0,"31":13,"32":56,"33":56,"34":56,"35":57,"36":433,"37":15,"38":9,"39":24,"40":0,"41":6,"42":6,"43":9,"44":0,"45":0,"46":0,"47":0,"48":0,"49":0,"50":11,"51":42,"52":18,"53":8,"54":16,"55":0},"b":{"0":[13],"1":[10],"2":[13],"3":[413,401],"4":[1],"5":[20],"6":[399,391],"7":[3],"8":[17],"9":[396,389],"10":[17],"11":[79],"12":[379,338],"13":[11],"14":[300,295],"15":[6],"16":[11,6],"17":[2],"18":[9],"19":[43,0],"20":[1],"21":[2],"22":[61],"23":[25],"24":[0],"25":[0,0],"26":[0],"27":[64,32],"28":[19],"29":[19],"30":[0],"31":[0],"32":[0],"33":[0,0],"34":[0,0],"35":[0,0],"36":[0,0],"37":[0,0],"38":[0],"39":[2],"40":[0],"41":[0,0],"42":[7],"43":[6,1],"44":[375],"45":[433,66],"46":[26],"47":[0,32],"48":[8],"49":[1],"50":[9,15],"51":[0],"52":[0],"53":[0],"54":[0],"55":[0],"56":[0],"57":[6,0],"58":[0],"59":[0],"60":[2],"61":[2],"62":[10,1],"63":[2],"64":[11,2],"65":[2],"66":[0,0],"67":[0,0],"68":[0,0],"69":[0,0]}}
,"D:\\CODE\\CODING DIRECTORY\\Portfolio Projects\\pi-dashboard\\lib\\twitter-client.ts": {"path":"D:\\CODE\\CODING DIRECTORY\\Portfolio Projects\\pi-dashboard\\lib\\twitter-client.ts","statementMap":{"0":{"start":{"line":51,"column":13},"end":{"line":51,"column":28}},"1":{"start":{"line":76,"column":13},"end":{"line":76,"column":26}},"2":{"start":{"line":62,"column":4},"end":{"line":62,"column":null}},"3":{"start":{"line":63,"column":4},"end":{"line":63,"column":null}},"4":{"start":{"line":64,"column":4},"end":{"line":64,"column":null}},"5":{"start":{"line":65,"column":4},"end":{"line":65,"column":null}},"6":{"start":{"line":66,"column":4},"end":{"line":66,"column":null}},"7":{"start":{"line":82,"column":18},"end":{"line":82,"column":76}},"8":{"start":{"line":83,"column":4},"end":{"line":87,"column":null}},"9":{"start":{"line":84,"column":6},"end":{"line":85,"column":null}},"10":{"start":{"line":89,"column":4},"end":{"line":89,"column":null}},"11":{"start":{"line":90,"column":4},"end":{"line":90,"column":null}},"12":{"start":{"line":91,"column":4},"end":{"line":91,"column":null}},"13":{"start":{"line":101,"column":16},"end":{"line":101,"column":null}},"14":{"start":{"line":106,"column":45},"end":{"line":114,"column":null}},"15":{"start":{"line":116,"column":25},"end":{"line":116,"column":null}},"16":{"start":{"line":117,"column":4},"end":{"line":119,"column":null}},"17":{"start":{"line":118,"column":6},"end":{"line":118,"column":null}},"18":{"start":{"line":120,"column":4},"end":{"line":120,"column":null}},"19":{"start":{"line":122,"column":16},"end":{"line":129,"column":null}},"20":{"start":{"line":131,"column":4},"end":{"line":145,"column":null}},"21":{"start":{"line":133,"column":6},"end":{"line":137,"column":null}},"22":{"start":{"line":134,"column":8},"end":{"line":134,"column":null}},"23":{"start":{"line":138,"column":25},"end":{"line":138,"column":null}},"24":{"start":{"line":139,"column":6},"end":{"line":143,"column":null}},"25":{"start":{"line":147,"column":4},"end":{"line":147,"column":null}}},"fnMap":{"0":{"name":"(anonymous_3)","decl":{"start":{"line":56,"column":2},"end":{"line":56,"column":null}},"loc":{"start":{"line":61,"column":4},"end":{"line":67,"column":null}}},"1":{"name":"(anonymous_4)","decl":{"start":{"line":81,"column":2},"end":{"line":81,"column":14}},"loc":{"start":{"line":81,"column":50},"end":{"line":92,"column":null}}},"2":{"name":"(anonymous_5)","decl":{"start":{"line":98,"column":2},"end":{"line":98,"column":8}},"loc":{"start":{"line":100,"column":35},"end":{"line":148,"column":null}}},"3":{"name":"(anonymous_6)","decl":{"start":{"line":117,"column":39},"end":{"line":117,"column":40}},"loc":{"start":{"line":117,"column":46},"end":{"line":119,"column":null}}}},"branchMap":{"0":{"loc":{"start":{"line":81,"column":14},"end":{"line":81,"column":48}},"type":"default-arg","locations":[{"start":{"line":81,"column":46},"end":{"line":81,"column":48}}]},"1":{"loc":{"start":{"line":82,"column":18},"end":{"line":82,"column":76}},"type":"binary-expr","locations":[{"start":{"line":82,"column":18},"end":{"line":82,"column":37}},{"start":{"line":82,"column":41},"end":{"line":82,"column":76}}]},"2":{"loc":{"start":{"line":83,"column":4},"end":{"line":87,"column":null}},"type":"if","locations":[{"start":{"line":83,"column":4},"end":{"line":87,"column":null}}]},"3":{"loc":{"start":{"line":89,"column":19},"end":{"line":89,"column":null}},"type":"binary-expr","locations":[{"start":{"line":89,"column":19},"end":{"line":89,"column":34}},{"start":{"line":89,"column":38},"end":{"line":89,"column":null}}]},"4":{"loc":{"start":{"line":91,"column":19},"end":{"line":91,"column":55}},"type":"binary-expr","locations":[{"start":{"line":91,"column":19},"end":{"line":91,"column":34}},{"start":{"line":91,"column":39},"end":{"line":91,"column":55}}]},"5":{"loc":{"start":{"line":109,"column":8},"end":{"line":109,"column":null}},"type":"binary-expr","locations":[{"start":{"line":109,"column":8},"end":{"line":109,"column":30}},{"start":{"line":109,"column":34},"end":{"line":109,"column":null}}]},"6":{"loc":{"start":{"line":110,"column":18},"end":{"line":110,"column":null}},"type":"binary-expr","locations":[{"start":{"line":110,"column":18},"end":{"line":110,"column":35}},{"start":{"line":110,"column":39},"end":{"line":110,"column":null}}]},"7":{"loc":{"start":{"line":112,"column":8},"end":{"line":112,"column":null}},"type":"binary-expr","locations":[{"start":{"line":112,"column":8},"end":{"line":112,"column":29}},{"start":{"line":112,"column":33},"end":{"line":112,"column":null}}]},"8":{"loc":{"start":{"line":113,"column":19},"end":{"line":113,"column":null}},"type":"binary-expr","locations":[{"start":{"line":113,"column":19},"end":{"line":113,"column":37}},{"start":{"line":113,"column":41},"end":{"line":113,"column":null}}]},"9":{"loc":{"start":{"line":131,"column":4},"end":{"line":145,"column":null}},"type":"if","locations":[{"start":{"line":131,"column":4},"end":{"line":145,"column":null}}]}},"s":{"0":2,"1":6,"2":1,"3":1,"4":1,"5":1,"6":1,"7":6,"8":6,"9":0,"10":6,"11":6,"12":6,"13":2,"14":2,"15":2,"16":2,"17":10,"18":2,"19":2,"20":2,"21":0,"22":0,"23":0,"24":0,"25":2},"f":{"0":1,"1":6,"2":2,"3":10},"b":{"0":[0],"1":[6,2],"2":[0],"3":[6,6],"4":[6,3],"5":[2,2],"6":[2,2],"7":[2,2],"8":[2,2],"9":[0]}}
,"D:\\CODE\\CODING DIRECTORY\\Portfolio Projects\\pi-dashboard\\lib\\twitter-service.ts": {"path":"D:\\CODE\\CODING DIRECTORY\\Portfolio Projects\\pi-dashboard\\lib\\twitter-service.ts","statementMap":{"0":{"start":{"line":28,"column":13},"end":{"line":28,"column":null}},"1":{"start":{"line":1,"column":47},"end":{"line":1,"column":null}},"2":{"start":{"line":37,"column":10},"end":{"line":37,"column":null}},"3":{"start":{"line":38,"column":10},"end":{"line":38,"column":null}},"4":{"start":{"line":39,"column":10},"end":{"line":39,"column":null}},"5":{"start":{"line":42,"column":4},"end":{"line":42,"column":null}},"6":{"start":{"line":43,"column":4},"end":{"line":43,"column":null}},"7":{"start":{"line":44,"column":4},"end":{"line":44,"column":null}},"8":{"start":{"line":45,"column":4},"end":{"line":45,"column":null}},"9":{"start":{"line":46,"column":4},"end":{"line":46,"column":51}},"10":{"start":{"line":47,"column":4},"end":{"line":47,"column":null}},"11":{"start":{"line":54,"column":19},"end":{"line":54,"column":null}},"12":{"start":{"line":55,"column":4},"end":{"line":62,"column":null}},"13":{"start":{"line":56,"column":6},"end":{"line":61,"column":null}},"14":{"start":{"line":67,"column":17},"end":{"line":67,"column":null}},"15":{"start":{"line":68,"column":4},"end":{"line":95,"column":null}},"16":{"start":{"line":69,"column":22},"end":{"line":69,"column":40}},"17":{"start":{"line":70,"column":6},"end":{"line":79,"column":null}},"18":{"start":{"line":71,"column":21},"end":{"line":77,"column":null}},"19":{"start":{"line":78,"column":8},"end":{"line":78,"column":null}},"20":{"start":{"line":81,"column":6},"end":{"line":91,"column":null}},"21":{"start":{"line":82,"column":21},"end":{"line":88,"column":null}},"22":{"start":{"line":89,"column":24},"end":{"line":89,"column":42}},"23":{"start":{"line":90,"column":8},"end":{"line":90,"column":null}},"24":{"start":{"line":92,"column":6},"end":{"line":93,"column":null}},"25":{"start":{"line":98,"column":4},"end":{"line":185,"column":null}},"26":{"start":{"line":99,"column":20},"end":{"line":105,"column":null}},"27":{"start":{"line":108,"column":6},"end":{"line":113,"column":null}},"28":{"start":{"line":109,"column":22},"end":{"line":109,"column":null}},"29":{"start":{"line":110,"column":8},"end":{"line":112,"column":null}},"30":{"start":{"line":111,"column":10},"end":{"line":111,"column":null}},"31":{"start":{"line":116,"column":6},"end":{"line":116,"column":null}},"32":{"start":{"line":117,"column":6},"end":{"line":117,"column":null}},"33":{"start":{"line":118,"column":6},"end":{"line":118,"column":null}},"34":{"start":{"line":119,"column":6},"end":{"line":119,"column":null}},"35":{"start":{"line":121,"column":6},"end":{"line":126,"column":null}},"36":{"start":{"line":129,"column":6},"end":{"line":172,"column":null}},"37":{"start":{"line":131,"column":24},"end":{"line":131,"column":null}},"38":{"start":{"line":132,"column":33},"end":{"line":132,"column":81}},"39":{"start":{"line":134,"column":10},"end":{"line":134,"column":72}},"40":{"start":{"line":135,"column":8},"end":{"line":139,"column":null}},"41":{"start":{"line":136,"column":10},"end":{"line":136,"column":null}},"42":{"start":{"line":137,"column":15},"end":{"line":139,"column":null}},"43":{"start":{"line":138,"column":10},"end":{"line":138,"column":null}},"44":{"start":{"line":141,"column":8},"end":{"line":153,"column":null}},"45":{"start":{"line":142,"column":23},"end":{"line":151,"column":null}},"46":{"start":{"line":152,"column":10},"end":{"line":152,"column":null}},"47":{"start":{"line":156,"column":8},"end":{"line":168,"column":null}},"48":{"start":{"line":157,"column":23},"end":{"line":166,"column":null}},"49":{"start":{"line":167,"column":10},"end":{"line":167,"column":null}},"50":{"start":{"line":171,"column":8},"end":{"line":171,"column":null}},"51":{"start":{"line":175,"column":6},"end":{"line":183,"column":null}},"52":{"start":{"line":176,"column":8},"end":{"line":182,"column":null}},"53":{"start":{"line":184,"column":6},"end":{"line":184,"column":null}}},"fnMap":{"0":{"name":"(anonymous_1)","decl":{"start":{"line":41,"column":2},"end":{"line":41,"column":14}},"loc":{"start":{"line":41,"column":43},"end":{"line":48,"column":null}}},"1":{"name":"(anonymous_2)","decl":{"start":{"line":51,"column":2},"end":{"line":51,"column":8}},"loc":{"start":{"line":51,"column":83},"end":{"line":186,"column":null}}}},"branchMap":{"0":{"loc":{"start":{"line":45,"column":20},"end":{"line":45,"column":null}},"type":"binary-expr","locations":[{"start":{"line":45,"column":20},"end":{"line":45,"column":33}},{"start":{"line":45,"column":37},"end":{"line":45,"column":null}}]},"1":{"loc":{"start":{"line":46,"column":17},"end":{"line":46,"column":51}},"type":"binary-expr","locations":[{"start":{"line":46,"column":17},"end":{"line":46,"column":27}},{"start":{"line":46,"column":31},"end":{"line":46,"column":51}}]},"2":{"loc":{"start":{"line":47,"column":22},"end":{"line":47,"column":null}},"type":"binary-expr","locations":[{"start":{"line":47,"column":22},"end":{"line":47,"column":37}},{"start":{"line":47,"column":41},"end":{"line":47,"column":null}}]},"3":{"loc":{"start":{"line":55,"column":4},"end":{"line":62,"column":null}},"type":"if","locations":[{"start":{"line":55,"column":4},"end":{"line":62,"column":null}}]},"4":{"loc":{"start":{"line":55,"column":8},"end":{"line":55,"column":52}},"type":"binary-expr","locations":[{"start":{"line":55,"column":8},"end":{"line":55,"column":36}},{"start":{"line":55,"column":40},"end":{"line":55,"column":52}}]},"5":{"loc":{"start":{"line":68,"column":4},"end":{"line":95,"column":null}},"type":"if","locations":[{"start":{"line":68,"column":4},"end":{"line":95,"column":null}}]},"6":{"loc":{"start":{"line":70,"column":6},"end":{"line":79,"column":null}},"type":"if","locations":[{"start":{"line":70,"column":6},"end":{"line":79,"column":null}}]},"7":{"loc":{"start":{"line":78,"column":15},"end":{"line":78,"column":null}},"type":"cond-expr","locations":[{"start":{"line":78,"column":39},"end":{"line":78,"column":62}},{"start":{"line":78,"column":62},"end":{"line":78,"column":null}}]},"8":{"loc":{"start":{"line":81,"column":6},"end":{"line":91,"column":null}},"type":"if","locations":[{"start":{"line":81,"column":6},"end":{"line":91,"column":null}}]},"9":{"loc":{"start":{"line":87,"column":23},"end":{"line":87,"column":67}},"type":"binary-expr","locations":[{"start":{"line":87,"column":23},"end":{"line":87,"column":41}},{"start":{"line":87,"column":45},"end":{"line":87,"column":67}}]},"10":{"loc":{"start":{"line":90,"column":15},"end":{"line":90,"column":null}},"type":"cond-expr","locations":[{"start":{"line":90,"column":39},"end":{"line":90,"column":62}},{"start":{"line":90,"column":62},"end":{"line":90,"column":null}}]},"11":{"loc":{"start":{"line":108,"column":6},"end":{"line":113,"column":null}},"type":"if","locations":[{"start":{"line":108,"column":6},"end":{"line":113,"column":null}}]},"12":{"loc":{"start":{"line":108,"column":10},"end":{"line":108,"column":64}},"type":"binary-expr","locations":[{"start":{"line":108,"column":10},"end":{"line":108,"column":19}},{"start":{"line":108,"column":19},"end":{"line":108,"column":48}},{"start":{"line":108,"column":48},"end":{"line":108,"column":64}}]},"13":{"loc":{"start":{"line":110,"column":8},"end":{"line":112,"column":null}},"type":"if","locations":[{"start":{"line":110,"column":8},"end":{"line":112,"column":null}}]},"14":{"loc":{"start":{"line":110,"column":12},"end":{"line":110,"column":62}},"type":"binary-expr","locations":[{"start":{"line":110,"column":12},"end":{"line":110,"column":41}},{"start":{"line":110,"column":41},"end":{"line":110,"column":62}}]},"15":{"loc":{"start":{"line":129,"column":6},"end":{"line":172,"column":null}},"type":"if","locations":[{"start":{"line":129,"column":6},"end":{"line":172,"column":null}}]},"16":{"loc":{"start":{"line":131,"column":24},"end":{"line":131,"column":null}},"type":"binary-expr","locations":[{"start":{"line":131,"column":24},"end":{"line":131,"column":35}},{"start":{"line":131,"column":39},"end":{"line":131,"column":null}}]},"17":{"loc":{"start":{"line":132,"column":33},"end":{"line":132,"column":81}},"type":"binary-expr","locations":[{"start":{"line":132,"column":33},"end":{"line":132,"column":55}},{"start":{"line":132,"column":59},"end":{"line":132,"column":81}}]},"18":{"loc":{"start":{"line":134,"column":10},"end":{"line":134,"column":72}},"type":"binary-expr","locations":[{"start":{"line":134,"column":10},"end":{"line":134,"column":39}},{"start":{"line":134,"column":43},"end":{"line":134,"column":72}}]},"19":{"loc":{"start":{"line":135,"column":8},"end":{"line":139,"column":null}},"type":"if","locations":[{"start":{"line":135,"column":8},"end":{"line":139,"column":null}},{"start":{"line":137,"column":15},"end":{"line":139,"column":null}}]},"20":{"loc":{"start":{"line":135,"column":12},"end":{"line":135,"column":73}},"type":"binary-expr","locations":[{"start":{"line":135,"column":12},"end":{"line":135,"column":32}},{"start":{"line":135,"column":32},"end":{"line":135,"column":73}}]},"21":{"loc":{"start":{"line":137,"column":15},"end":{"line":139,"column":null}},"type":"if","locations":[{"start":{"line":137,"column":15},"end":{"line":139,"column":null}}]},"22":{"loc":{"start":{"line":137,"column":19},"end":{"line":137,"column":78}},"type":"binary-expr","locations":[{"start":{"line":137,"column":19},"end":{"line":137,"column":38}},{"start":{"line":137,"column":38},"end":{"line":137,"column":78}}]},"23":{"loc":{"start":{"line":141,"column":8},"end":{"line":153,"column":null}},"type":"if","locations":[{"start":{"line":141,"column":8},"end":{"line":153,"column":null}}]},"24":{"loc":{"start":{"line":147,"column":14},"end":{"line":149,"column":null}},"type":"cond-expr","locations":[{"start":{"line":148,"column":18},"end":{"line":148,"column":null}},{"start":{"line":149,"column":18},"end":{"line":149,"column":null}}]},"25":{"loc":{"start":{"line":152,"column":17},"end":{"line":152,"column":null}},"type":"cond-expr","locations":[{"start":{"line":152,"column":41},"end":{"line":152,"column":64}},{"start":{"line":152,"column":64},"end":{"line":152,"column":null}}]},"26":{"loc":{"start":{"line":156,"column":8},"end":{"line":168,"column":null}},"type":"if","locations":[{"start":{"line":156,"column":8},"end":{"line":168,"column":null}}]},"27":{"loc":{"start":{"line":162,"column":14},"end":{"line":164,"column":null}},"type":"cond-expr","locations":[{"start":{"line":163,"column":18},"end":{"line":163,"column":null}},{"start":{"line":164,"column":18},"end":{"line":164,"column":null}}]},"28":{"loc":{"start":{"line":165,"column":25},"end":{"line":165,"column":69}},"type":"binary-expr","locations":[{"start":{"line":165,"column":25},"end":{"line":165,"column":43}},{"start":{"line":165,"column":47},"end":{"line":165,"column":69}}]},"29":{"loc":{"start":{"line":167,"column":17},"end":{"line":167,"column":null}},"type":"cond-expr","locations":[{"start":{"line":167,"column":41},"end":{"line":167,"column":64}},{"start":{"line":167,"column":64},"end":{"line":167,"column":null}}]},"30":{"loc":{"start":{"line":175,"column":6},"end":{"line":183,"column":null}},"type":"if","locations":[{"start":{"line":175,"column":6},"end":{"line":183,"column":null}}]}},"s":{"0":4,"1":1,"2":4,"3":4,"4":4,"5":4,"6":4,"7":4,"8":4,"9":4,"10":4,"11":6,"12":6,"13":1,"14":5,"15":5,"16":1,"17":1,"18":1,"19":1,"20":0,"21":0,"22":0,"23":0,"24":0,"25":4,"26":4,"27":3,"28":3,"29":3,"30":3,"31":3,"32":3,"33":3,"34":3,"35":3,"36":1,"37":1,"38":1,"39":1,"40":1,"41":1,"42":0,"43":0,"44":1,"45":1,"46":1,"47":0,"48":0,"49":0,"50":0,"51":0,"52":0,"53":0},"f":{"0":4,"1":6},"b":{"0":[4,4],"1":[4,0],"2":[4,0],"3":[1],"4":[6,4],"5":[1],"6":[1],"7":[1,0],"8":[0],"9":[0,0],"10":[0,0],"11":[3],"12":[3,3,3],"13":[3],"14":[3,3],"15":[1],"16":[1,0],"17":[1,0],"18":[1,1],"19":[1,0],"20":[1,1],"21":[0],"22":[0,0],"23":[1],"24":[1,0],"25":[1,0],"26":[0],"27":[0,0],"28":[0,0],"29":[0,0],"30":[0]}}
,"D:\\CODE\\CODING DIRECTORY\\Portfolio Projects\\pi-dashboard\\lib\\utils.ts": {"path":"D:\\CODE\\CODING DIRECTORY\\Portfolio Projects\\pi-dashboard\\lib\\utils.ts","statementMap":{"0":{"start":{"line":4,"column":16},"end":{"line":4,"column":19}},"1":{"start":{"line":1,"column":38},"end":{"line":1,"column":null}},"2":{"start":{"line":2,"column":24},"end":{"line":2,"column":null}},"3":{"start":{"line":5,"column":2},"end":{"line":5,"column":null}}},"fnMap":{"0":{"name":"cn","decl":{"start":{"line":4,"column":16},"end":{"line":4,"column":19}},"loc":{"start":{"line":4,"column":42},"end":{"line":6,"column":null}}}},"branchMap":{},"s":{"0":71,"1":3,"2":3,"3":71},"f":{"0":71},"b":{}}
}
