TN:
SF:eslint.config.js
FNF:0
FNH:0
DA:1,0
DA:2,0
DA:3,0
DA:4,0
DA:5,0
DA:6,0
DA:7,0
DA:8,0
DA:9,0
DA:11,0
LF:10
LH:0
BRDA:54,0,0,0
BRDA:54,0,1,0
BRF:2
BRH:0
end_of_record
TN:
SF:jest.config.js
FNF:0
FNH:0
DA:1,0
DA:3,0
DA:9,0
DA:34,0
DA:35,0
DA:36,0
DA:37,0
DA:41,0
LF:8
LH:0
BRDA:34,0,0,0
BRF:1
BRH:0
end_of_record
TN:
SF:playwright.config.ts
FNF:0
FNH:0
DA:1,0
DA:3,0
LF:2
LH:0
BRDA:7,0,0,0
BRDA:7,0,1,0
BRDA:41,1,0,0
BRDA:41,1,1,0
BRF:4
BRH:0
end_of_record
TN:
SF:tailwind.config.ts
FNF:0
FNH:0
DA:2,0
DA:4,0
DA:97,0
LF:3
LH:0
BRF:0
BRH:0
end_of_record
TN:
SF:app\layout.tsx
FN:17,RootLayout
FNF:1
FNH:0
FNDA:0,RootLayout
DA:2,0
DA:3,0
DA:4,0
DA:5,0
DA:6,0
DA:7,0
DA:9,0
DA:11,0
DA:17,0
LF:9
LH:0
BRF:0
BRH:0
end_of_record
TN:
SF:app\page.tsx
FN:8,Dashboard
FNF:1
FNH:0
FNDA:0,Dashboard
DA:1,0
DA:2,0
DA:3,0
DA:4,0
DA:5,0
DA:6,0
DA:8,0
LF:7
LH:0
BRF:0
BRH:0
end_of_record
TN:
SF:app\api\metrics\route.ts
FN:5,GET
FNF:1
FNH:0
FNDA:0,GET
DA:1,0
DA:2,0
DA:3,0
DA:5,0
DA:6,0
DA:7,0
DA:9,0
DA:14,0
LF:8
LH:0
BRF:0
BRH:0
end_of_record
TN:
SF:app\api\twitter-news\route.ts
FN:21,shouldFetchNewTweets
FN:31,normalizeResponse
FN:74,GET
FNF:3
FNH:0
FNDA:0,shouldFetchNewTweets
FNDA:0,normalizeResponse
FNDA:0,GET
DA:1,0
DA:2,0
DA:4,0
DA:5,0
DA:11,0
DA:14,0
DA:17,0
DA:18,0
DA:22,0
DA:23,0
DA:26,0
DA:27,0
DA:32,0
DA:33,0
DA:36,0
DA:40,0
DA:44,0
DA:46,0
DA:49,0
DA:53,0
DA:58,0
DA:59,0
DA:61,0
DA:62,0
DA:63,0
DA:64,0
DA:65,0
DA:66,0
DA:67,0
DA:68,0
DA:69,0
DA:70,0
DA:71,0
DA:74,0
DA:75,0
DA:76,0
DA:77,0
DA:80,0
DA:81,0
DA:84,0
DA:87,0
DA:88,0
DA:89,0
DA:90,0
DA:91,0
DA:92,0
DA:93,0
DA:97,0
DA:104,0
DA:105,0
DA:109,0
DA:110,0
DA:111,0
DA:112,0
DA:113,0
DA:114,0
DA:115,0
DA:119,0
DA:121,0
DA:122,0
DA:130,0
DA:131,0
DA:133,0
DA:134,0
DA:135,0
DA:136,0
DA:137,0
DA:138,0
DA:139,0
DA:140,0
DA:141,0
DA:142,0
DA:144,0
DA:146,0
DA:147,0
DA:149,0
DA:150,0
DA:151,0
DA:152,0
DA:153,0
DA:154,0
DA:155,0
DA:156,0
DA:160,0
DA:161,0
DA:162,0
DA:173,0
DA:174,0
DA:175,0
DA:176,0
DA:182,0
DA:192,0
DA:193,0
DA:194,0
DA:198,0
DA:204,0
DA:206,0
DA:207,0
DA:208,0
DA:209,0
DA:211,0
DA:212,0
DA:213,0
DA:216,0
DA:217,0
DA:218,0
DA:219,0
DA:220,0
DA:221,0
DA:222,0
DA:223,0
DA:226,0
LF:112
LH:0
BRDA:23,0,0,0
BRDA:23,0,1,0
BRDA:26,1,0,0
BRDA:32,2,0,0
BRDA:32,3,0,0
BRDA:32,3,1,0
BRDA:40,4,0,0
BRDA:40,4,1,0
BRDA:46,5,0,0
BRDA:46,5,1,0
BRDA:46,6,0,0
BRDA:46,6,1,0
BRDA:49,7,0,0
BRDA:49,7,1,0
BRDA:58,8,0,0
BRDA:62,9,0,0
BRDA:64,10,0,0
BRDA:66,11,0,0
BRDA:68,12,0,0
BRDA:70,13,0,0
BRDA:80,14,0,0
BRDA:80,15,0,0
BRDA:80,15,1,0
BRDA:87,16,0,0
BRDA:104,17,0,0
BRDA:104,18,0,0
BRDA:104,18,1,0
BRDA:109,19,0,0
BRDA:109,20,0,0
BRDA:109,20,1,0
BRDA:131,21,0,0
BRDA:133,22,0,0
BRDA:135,23,0,0
BRDA:135,23,1,0
BRDA:136,24,0,0
BRDA:136,24,1,0
BRDA:137,25,0,0
BRDA:137,25,1,0
BRDA:138,26,0,0
BRDA:138,26,1,0
BRDA:138,27,0,0
BRDA:138,27,1,0
BRDA:141,28,0,0
BRDA:141,28,1,0
BRDA:141,29,0,0
BRDA:141,29,1,0
BRDA:149,30,0,0
BRDA:166,31,0,0
BRDA:166,31,1,0
BRDA:173,32,0,0
BRDA:173,32,1,0
BRDA:175,33,0,0
BRDA:185,34,0,0
BRDA:185,34,1,0
BRDA:193,35,0,0
BRDA:212,36,0,0
BRDA:212,36,1,0
BRDA:216,37,0,0
BRDA:229,38,0,0
BRDA:229,38,1,0
BRF:60
BRH:0
end_of_record
TN:
SF:components\footer.tsx
FN:5,Footer
FNF:1
FNH:0
FNDA:0,Footer
DA:1,0
DA:2,0
DA:3,0
DA:5,0
LF:4
LH:0
BRF:0
BRH:0
end_of_record
TN:
SF:components\header.tsx
FN:16,BellIcon
FN:34,Header
FNF:2
FNH:0
FNDA:0,BellIcon
FNDA:0,Header
DA:2,0
DA:3,0
DA:11,0
DA:12,0
DA:13,0
DA:34,0
LF:6
LH:0
BRF:0
BRH:0
end_of_record
TN:
SF:components\mobile-nav.tsx
FN:10,MobileNav
FN:26,(anonymous_6)
FN:34,(anonymous_7)
FN:50,(anonymous_8)
FN:57,(anonymous_9)
FN:64,(anonymous_10)
FN:82,MenuIcon
FN:101,CloseIcon
FNF:8
FNH:0
FNDA:0,MobileNav
FNDA:0,(anonymous_6)
FNDA:0,(anonymous_7)
FNDA:0,(anonymous_8)
FNDA:0,(anonymous_9)
FNDA:0,(anonymous_10)
FNDA:0,MenuIcon
FNDA:0,CloseIcon
DA:3,0
DA:4,0
DA:5,0
DA:6,0
DA:8,0
DA:10,0
DA:11,0
DA:26,0
DA:34,0
DA:50,0
DA:57,0
DA:64,0
LF:12
LH:0
BRF:0
BRH:0
end_of_record
TN:
SF:components\network-stats.tsx
FN:16,NetworkStats
FN:21,(anonymous_2)
FN:22,(anonymous_3)
FN:27,(anonymous_4)
FN:51,(anonymous_5)
FN:54,(anonymous_6)
FNF:6
FNH:0
FNDA:0,NetworkStats
FNDA:0,(anonymous_2)
FNDA:0,(anonymous_3)
FNDA:0,(anonymous_4)
FNDA:0,(anonymous_5)
FNDA:0,(anonymous_6)
DA:3,0
DA:4,0
DA:5,0
DA:16,0
DA:17,0
DA:18,0
DA:21,0
DA:22,0
DA:23,0
DA:25,0
DA:27,0
DA:30,0
DA:38,0
DA:40,0
DA:42,0
DA:46,0
DA:49,0
DA:51,0
DA:54,0
DA:55,0
LF:20
LH:0
BRDA:55,0,0,0
BRDA:55,0,1,0
BRDA:57,1,0,0
BRDA:57,1,1,0
BRDA:69,2,0,0
BRDA:68,3,0,0
BRDA:68,3,1,0
BRF:7
BRH:0
end_of_record
TN:
SF:components\news-feed.tsx
FN:40,NewsFeed
FN:50,(anonymous_2)
FN:79,(anonymous_3)
FN:80,(anonymous_4)
FN:101,(anonymous_5)
FN:281,(anonymous_6)
FN:291,(anonymous_7)
FN:300,(anonymous_8)
FN:310,(anonymous_9)
FN:352,(anonymous_10)
FN:359,(anonymous_11)
FN:363,(anonymous_12)
FN:374,(anonymous_13)
FN:376,(anonymous_14)
FN:467,(anonymous_15)
FN:483,(anonymous_16)
FNF:16
FNH:0
FNDA:0,NewsFeed
FNDA:0,(anonymous_2)
FNDA:0,(anonymous_3)
FNDA:0,(anonymous_4)
FNDA:0,(anonymous_5)
FNDA:0,(anonymous_6)
FNDA:0,(anonymous_7)
FNDA:0,(anonymous_8)
FNDA:0,(anonymous_9)
FNDA:0,(anonymous_10)
FNDA:0,(anonymous_11)
FNDA:0,(anonymous_12)
FNDA:0,(anonymous_13)
FNDA:0,(anonymous_14)
FNDA:0,(anonymous_15)
FNDA:0,(anonymous_16)
DA:3,0
DA:4,0
DA:5,0
DA:6,0
DA:7,0
DA:8,0
DA:9,0
DA:34,0
DA:37,0
DA:38,0
DA:40,0
DA:41,0
DA:42,0
DA:43,0
DA:44,0
DA:45,0
DA:46,0
DA:47,0
DA:50,0
DA:51,0
DA:53,0
DA:54,0
DA:55,0
DA:56,0
DA:58,0
DA:59,0
DA:60,0
DA:61,0
DA:65,0
DA:70,0
DA:71,0
DA:72,0
DA:73,0
DA:74,0
DA:77,0
DA:78,0
DA:79,0
DA:80,0
DA:81,0
DA:83,0
DA:84,0
DA:85,0
DA:86,0
DA:92,0
DA:96,0
DA:101,0
DA:102,0
DA:103,0
DA:105,0
DA:106,0
DA:110,0
DA:163,0
DA:164,0
DA:166,0
DA:167,0
DA:168,0
DA:175,0
DA:177,0
DA:178,0
DA:179,0
DA:180,0
DA:182,0
DA:183,0
DA:190,0
DA:193,0
DA:196,0
DA:204,0
DA:205,0
DA:208,0
DA:212,0
DA:217,0
DA:218,0
DA:221,0
DA:222,0
DA:223,0
DA:224,0
DA:225,0
DA:227,0
DA:230,0
DA:233,0
DA:246,0
DA:247,0
DA:249,0
DA:250,0
DA:253,0
DA:254,0
DA:255,0
DA:256,0
DA:257,0
DA:259,0
DA:263,0
DA:266,0
DA:267,0
DA:268,0
DA:273,0
DA:274,0
DA:281,0
DA:283,0
DA:284,0
DA:285,0
DA:287,0
DA:291,0
DA:292,0
DA:294,0
DA:295,0
DA:299,0
DA:301,0
DA:302,0
DA:304,0
DA:310,0
DA:311,0
DA:312,0
DA:313,0
DA:316,0
DA:319,0
DA:322,0
DA:323,0
DA:331,0
DA:348,0
DA:352,0
DA:353,0
DA:356,0
DA:359,0
DA:363,0
DA:364,0
DA:366,0
DA:367,0
DA:368,0
DA:369,0
DA:374,0
DA:376,0
DA:377,0
DA:378,0
DA:379,0
DA:380,0
DA:381,0
DA:382,0
DA:384,0
DA:385,0
DA:386,0
DA:387,0
DA:388,0
DA:389,0
DA:391,0
DA:468,0
DA:484,0
LF:146
LH:0
BRDA:54,0,0,0
BRDA:58,1,0,0
BRDA:58,1,1,0
BRDA:71,2,0,0
BRDA:77,3,0,0
BRDA:77,3,1,0
BRDA:85,4,0,0
BRDA:105,5,0,0
BRDA:105,6,0,0
BRDA:105,6,1,0
BRDA:166,7,0,0
BRDA:175,8,0,0
BRDA:175,8,1,0
BRDA:190,9,0,0
BRDA:190,9,1,0
BRDA:193,10,0,0
BRDA:193,10,1,0
BRDA:193,11,0,0
BRDA:193,11,1,0
BRDA:196,12,0,0
BRDA:196,12,1,0
BRDA:196,13,0,0
BRDA:196,13,1,0
BRDA:198,14,0,0
BRDA:198,14,1,0
BRDA:198,15,0,0
BRDA:198,15,1,0
BRDA:200,16,0,0
BRDA:200,16,1,0
BRDA:204,17,0,0
BRDA:204,17,1,0
BRDA:208,18,0,0
BRDA:208,18,1,0
BRDA:208,19,0,0
BRDA:208,19,1,0
BRDA:239,20,0,0
BRDA:239,20,1,0
BRDA:249,21,0,0
BRDA:249,21,1,0
BRDA:251,22,0,0
BRDA:251,22,1,0
BRDA:253,23,0,0
BRDA:253,23,1,0
BRDA:255,24,0,0
BRDA:255,24,1,0
BRDA:255,25,0,0
BRDA:255,25,1,0
BRDA:257,26,0,0
BRDA:266,27,0,0
BRDA:275,28,0,0
BRDA:275,28,1,0
BRDA:284,29,0,0
BRDA:294,30,0,0
BRDA:294,31,0,0
BRDA:294,31,1,0
BRDA:301,32,0,0
BRDA:301,33,0,0
BRDA:301,33,1,0
BRDA:311,34,0,0
BRDA:313,35,0,0
BRDA:323,36,0,0
BRDA:323,36,1,0
BRDA:325,37,0,0
BRDA:325,37,1,0
BRDA:326,38,0,0
BRDA:326,38,1,0
BRDA:327,39,0,0
BRDA:327,39,1,0
BRDA:337,40,0,0
BRDA:337,40,1,0
BRDA:341,41,0,0
BRDA:341,41,1,0
BRDA:342,42,0,0
BRDA:342,42,1,0
BRDA:344,43,0,0
BRDA:344,43,1,0
BRDA:364,44,0,0
BRDA:374,45,0,0
BRDA:374,45,1,0
BRDA:384,46,0,0
BRDA:384,46,1,0
BRDA:385,47,0,0
BRDA:385,47,1,0
BRDA:386,48,0,0
BRDA:386,48,1,0
BRDA:387,49,0,0
BRDA:387,49,1,0
BRDA:388,50,0,0
BRDA:388,50,1,0
BRDA:389,51,0,0
BRDA:389,51,1,0
BRDA:428,52,0,0
BRDA:428,52,1,0
BRDA:431,53,0,0
BRDA:438,54,0,0
BRDA:438,54,1,0
BRDA:444,55,0,0
BRDA:451,56,0,0
BRDA:458,57,0,0
BRDA:458,57,1,0
BRDA:466,58,0,0
BRDA:483,59,0,0
BRDA:486,60,0,0
BRDA:489,61,0,0
BRDA:489,61,1,0
BRDA:498,62,0,0
BRDA:515,63,0,0
BRDA:515,63,1,0
BRDA:517,64,0,0
BRDA:520,65,0,0
BRDA:529,66,0,0
BRDA:528,67,0,0
BRDA:528,67,1,0
BRDA:531,68,0,0
BRDA:531,68,1,0
BRF:115
BRH:0
end_of_record
TN:
SF:components\pi-calculator.tsx
FN:22,(anonymous_1)
FN:29,PiCalculator
FN:37,(anonymous_3)
FN:38,(anonymous_4)
FN:66,(anonymous_5)
FN:85,(anonymous_6)
FN:115,(anonymous_7)
FN:120,(anonymous_8)
FNF:8
FNH:0
FNDA:0,(anonymous_1)
FNDA:0,PiCalculator
FNDA:0,(anonymous_3)
FNDA:0,(anonymous_4)
FNDA:0,(anonymous_5)
FNDA:0,(anonymous_6)
FNDA:0,(anonymous_7)
FNDA:0,(anonymous_8)
DA:5,0
DA:6,0
DA:7,0
DA:8,0
DA:9,0
DA:10,0
DA:11,0
DA:13,0
DA:22,0
DA:23,0
DA:29,0
DA:30,0
DA:31,0
DA:32,0
DA:33,0
DA:34,0
DA:37,0
DA:38,0
DA:39,0
DA:40,0
DA:42,0
DA:44,0
DA:46,0
DA:47,0
DA:49,0
DA:51,0
DA:54,0
DA:55,0
DA:56,0
DA:58,0
DA:62,0
DA:66,0
DA:67,0
DA:69,0
DA:70,0
DA:73,0
DA:74,0
DA:75,0
DA:76,0
DA:77,0
DA:78,0
DA:80,0
DA:85,0
DA:86,0
DA:88,0
DA:89,0
DA:94,0
DA:116,0
DA:120,0
LF:49
LH:0
BRDA:46,0,0,0
BRDA:46,0,1,0
BRDA:67,1,0,0
BRDA:69,2,0,0
BRDA:69,2,1,0
BRDA:73,3,0,0
BRDA:73,3,1,0
BRDA:75,4,0,0
BRDA:75,4,1,0
BRDA:77,5,0,0
BRDA:77,5,1,0
BRDA:88,6,0,0
BRDA:88,7,0,0
BRDA:88,7,1,0
BRDA:132,8,0,0
BRDA:140,9,0,0
BRF:16
BRH:0
end_of_record
TN:
SF:components\price-prediction.tsx
FN:62,PricePrediction
FN:92,(anonymous_2)
FN:105,(anonymous_3)
FN:106,(anonymous_4)
FN:123,(anonymous_5)
FN:144,(anonymous_6)
FN:171,(anonymous_7)
FN:174,(anonymous_8)
FN:341,(anonymous_9)
FN:379,(anonymous_10)
FN:385,(anonymous_11)
FN:405,(anonymous_12)
FN:451,(anonymous_13)
FN:452,(anonymous_14)
FN:466,(anonymous_15)
FN:467,(anonymous_16)
FN:484,(anonymous_17)
FN:487,(anonymous_18)
FN:506,(anonymous_19)
FN:510,(anonymous_20)
FN:539,(anonymous_21)
FN:585,(anonymous_22)
FN:601,(anonymous_23)
FN:684,(anonymous_24)
FN:724,(anonymous_25)
FN:785,(anonymous_26)
FN:793,(anonymous_27)
FN:799,(anonymous_28)
FN:810,(anonymous_29)
FN:814,(anonymous_30)
FN:830,(anonymous_31)
FN:858,(anonymous_32)
FN:862,(anonymous_33)
FN:869,(anonymous_34)
FN:877,(anonymous_35)
FN:882,(anonymous_36)
FN:888,(anonymous_37)
FN:889,(anonymous_38)
FN:903,(anonymous_39)
FN:1012,(anonymous_40)
FNF:40
FNH:0
FNDA:0,PricePrediction
FNDA:0,(anonymous_2)
FNDA:0,(anonymous_3)
FNDA:0,(anonymous_4)
FNDA:0,(anonymous_5)
FNDA:0,(anonymous_6)
FNDA:0,(anonymous_7)
FNDA:0,(anonymous_8)
FNDA:0,(anonymous_9)
FNDA:0,(anonymous_10)
FNDA:0,(anonymous_11)
FNDA:0,(anonymous_12)
FNDA:0,(anonymous_13)
FNDA:0,(anonymous_14)
FNDA:0,(anonymous_15)
FNDA:0,(anonymous_16)
FNDA:0,(anonymous_17)
FNDA:0,(anonymous_18)
FNDA:0,(anonymous_19)
FNDA:0,(anonymous_20)
FNDA:0,(anonymous_21)
FNDA:0,(anonymous_22)
FNDA:0,(anonymous_23)
FNDA:0,(anonymous_24)
FNDA:0,(anonymous_25)
FNDA:0,(anonymous_26)
FNDA:0,(anonymous_27)
FNDA:0,(anonymous_28)
FNDA:0,(anonymous_29)
FNDA:0,(anonymous_30)
FNDA:0,(anonymous_31)
FNDA:0,(anonymous_32)
FNDA:0,(anonymous_33)
FNDA:0,(anonymous_34)
FNDA:0,(anonymous_35)
FNDA:0,(anonymous_36)
FNDA:0,(anonymous_37)
FNDA:0,(anonymous_38)
FNDA:0,(anonymous_39)
FNDA:0,(anonymous_40)
DA:3,0
DA:4,0
DA:5,0
DA:13,0
DA:14,0
DA:15,0
DA:20,0
DA:25,0
DA:30,0
DA:35,0
DA:40,0
DA:62,0
DA:63,0
DA:64,0
DA:65,0
DA:66,0
DA:67,0
DA:68,0
DA:69,0
DA:70,0
DA:71,0
DA:72,0
DA:73,0
DA:74,0
DA:75,0
DA:78,0
DA:91,0
DA:92,0
DA:93,0
DA:96,0
DA:102,0
DA:105,0
DA:106,0
DA:107,0
DA:108,0
DA:110,0
DA:112,0
DA:114,0
DA:115,0
DA:117,0
DA:119,0
DA:123,0
DA:124,0
DA:126,0
DA:128,0
DA:130,0
DA:132,0
DA:134,0
DA:138,0
DA:139,0
DA:141,0
DA:143,0
DA:144,0
DA:150,0
DA:151,0
DA:152,0
DA:155,0
DA:156,0
DA:159,0
DA:160,0
DA:165,0
DA:171,0
DA:172,0
DA:174,0
DA:176,0
DA:177,0
DA:181,0
DA:182,0
DA:183,0
DA:185,0
DA:187,0
DA:189,0
DA:191,0
DA:192,0
DA:193,0
DA:197,0
DA:200,0
DA:201,0
DA:203,0
DA:205,0
DA:207,0
DA:210,0
DA:211,0
DA:212,0
DA:213,0
DA:215,0
DA:216,0
DA:217,0
DA:218,0
DA:219,0
DA:220,0
DA:222,0
DA:223,0
DA:229,0
DA:231,0
DA:233,0
DA:235,0
DA:236,0
DA:237,0
DA:242,0
DA:245,0
DA:251,0
DA:263,0
DA:265,0
DA:267,0
DA:268,0
DA:270,0
DA:279,0
DA:280,0
DA:289,0
DA:291,0
DA:292,0
DA:294,0
DA:303,0
DA:304,0
DA:315,0
DA:316,0
DA:318,0
DA:327,0
DA:328,0
DA:340,0
DA:341,0
DA:342,0
DA:344,0
DA:353,0
DA:356,0
DA:369,0
DA:372,0
DA:374,0
DA:378,0
DA:379,0
DA:385,0
DA:393,0
DA:395,0
DA:398,0
DA:401,0
DA:402,0
DA:405,0
DA:406,0
DA:416,0
DA:417,0
DA:421,0
DA:434,0
DA:435,0
DA:438,0
DA:439,0
DA:440,0
DA:444,0
DA:445,0
DA:446,0
DA:447,0
DA:450,0
DA:451,0
DA:452,0
DA:455,0
DA:456,0
DA:464,0
DA:465,0
DA:466,0
DA:467,0
DA:468,0
DA:469,0
DA:470,0
DA:472,0
DA:473,0
DA:475,0
DA:477,0
DA:479,0
DA:480,0
DA:483,0
DA:484,0
DA:487,0
DA:490,0
DA:493,0
DA:494,0
DA:495,0
DA:498,0
DA:499,0
DA:501,0
DA:502,0
DA:503,0
DA:506,0
DA:507,0
DA:510,0
DA:511,0
DA:515,0
DA:526,0
DA:534,0
DA:535,0
DA:536,0
DA:539,0
DA:540,0
DA:541,0
DA:542,0
DA:546,0
DA:547,0
DA:548,0
DA:549,0
DA:550,0
DA:552,0
DA:555,0
DA:556,0
DA:557,0
DA:558,0
DA:559,0
DA:560,0
DA:561,0
DA:564,0
DA:565,0
DA:566,0
DA:567,0
DA:568,0
DA:570,0
DA:571,0
DA:572,0
DA:575,0
DA:576,0
DA:580,0
DA:581,0
DA:582,0
DA:583,0
DA:585,0
DA:586,0
DA:587,0
DA:591,0
DA:592,0
DA:593,0
DA:594,0
DA:597,0
DA:598,0
DA:601,0
DA:602,0
DA:603,0
DA:607,0
DA:609,0
DA:613,0
DA:614,0
DA:615,0
DA:618,0
DA:619,0
DA:622,0
DA:623,0
DA:624,0
DA:625,0
DA:626,0
DA:627,0
DA:628,0
DA:629,0
DA:632,0
DA:633,0
DA:634,0
DA:635,0
DA:636,0
DA:638,0
DA:639,0
DA:640,0
DA:641,0
DA:644,0
DA:645,0
DA:646,0
DA:648,0
DA:649,0
DA:652,0
DA:653,0
DA:654,0
DA:655,0
DA:658,0
DA:659,0
DA:662,0
DA:663,0
DA:664,0
DA:665,0
DA:666,0
DA:667,0
DA:668,0
DA:669,0
DA:672,0
DA:673,0
DA:674,0
DA:675,0
DA:676,0
DA:679,0
DA:680,0
DA:683,0
DA:684,0
DA:701,0
DA:702,0
DA:706,0
DA:709,0
DA:710,0
DA:711,0
DA:712,0
DA:713,0
DA:714,0
DA:724,0
DA:725,0
DA:727,0
DA:728,0
DA:729,0
DA:732,0
DA:735,0
DA:745,0
DA:746,0
DA:750,0
DA:751,0
DA:752,0
DA:753,0
DA:756,0
DA:759,0
DA:760,0
DA:762,0
DA:763,0
DA:764,0
DA:768,0
DA:771,0
DA:772,0
DA:773,0
DA:774,0
DA:775,0
DA:779,0
DA:780,0
DA:783,0
DA:786,0
DA:793,0
DA:797,0
DA:800,0
DA:810,0
DA:811,0
DA:814,0
DA:815,0
DA:817,0
DA:819,0
DA:821,0
DA:823,0
DA:825,0
DA:830,0
DA:831,0
DA:833,0
DA:834,0
DA:835,0
DA:836,0
DA:837,0
DA:840,0
DA:841,0
DA:844,0
DA:851,0
DA:852,0
DA:855,0
DA:858,0
DA:859,0
DA:862,0
DA:863,0
DA:869,0
DA:870,0
DA:871,0
DA:872,0
DA:877,0
DA:878,0
DA:879,0
DA:881,0
DA:882,0
DA:883,0
DA:888,0
DA:889,0
DA:890,0
DA:903,0
DA:1013,0
LF:367
LH:0
BRDA:114,0,0,0
BRDA:114,0,1,0
BRDA:124,1,0,0
BRDA:124,1,1,0
BRDA:124,1,2,0
BRDA:124,1,3,0
BRDA:124,1,4,0
BRDA:141,2,0,0
BRDA:141,2,1,0
BRDA:141,3,0,0
BRDA:141,3,1,0
BRDA:151,4,0,0
BRDA:159,5,0,0
BRDA:172,6,0,0
BRDA:176,7,0,0
BRDA:185,8,0,0
BRDA:189,9,0,0
BRDA:215,10,0,0
BRDA:215,10,1,0
BRDA:218,11,0,0
BRDA:218,11,1,0
BRDA:229,12,0,0
BRDA:229,13,0,0
BRDA:229,13,1,0
BRDA:233,14,0,0
BRDA:251,15,0,0
BRDA:251,15,1,0
BRDA:253,16,0,0
BRDA:253,16,1,0
BRDA:255,17,0,0
BRDA:255,17,1,0
BRDA:257,18,0,0
BRDA:257,18,1,0
BRDA:265,19,0,0
BRDA:265,19,1,0
BRDA:279,20,0,0
BRDA:279,21,0,0
BRDA:279,21,1,0
BRDA:289,22,0,0
BRDA:289,22,1,0
BRDA:303,23,0,0
BRDA:303,24,0,0
BRDA:303,24,1,0
BRDA:316,25,0,0
BRDA:316,25,1,0
BRDA:327,26,0,0
BRDA:327,27,0,0
BRDA:327,27,1,0
BRDA:430,28,0,0
BRDA:430,28,1,0
BRDA:438,29,0,0
BRDA:438,30,0,0
BRDA:438,30,1,0
BRDA:451,31,0,0
BRDA:451,31,1,0
BRDA:455,32,0,0
BRDA:455,33,0,0
BRDA:455,33,1,0
BRDA:465,34,0,0
BRDA:465,34,1,0
BRDA:468,35,0,0
BRDA:468,35,1,0
BRDA:468,36,0,0
BRDA:468,36,1,0
BRDA:469,37,0,0
BRDA:469,37,1,0
BRDA:475,38,0,0
BRDA:479,39,0,0
BRDA:487,40,0,0
BRDA:487,40,1,0
BRDA:490,41,0,0
BRDA:498,42,0,0
BRDA:498,42,1,0
BRDA:522,43,0,0
BRDA:522,43,1,0
BRDA:522,44,0,0
BRDA:522,44,1,0
BRDA:546,45,0,0
BRDA:546,45,1,0
BRDA:546,46,0,0
BRDA:546,46,1,0
BRDA:591,47,0,0
BRDA:594,48,0,0
BRDA:594,48,1,0
BRDA:602,49,0,0
BRDA:623,50,0,0
BRDA:623,50,1,0
BRDA:623,51,0,0
BRDA:623,51,1,0
BRDA:633,52,0,0
BRDA:633,52,1,0
BRDA:633,53,0,0
BRDA:633,53,1,0
BRDA:634,54,0,0
BRDA:634,54,1,0
BRDA:635,55,0,0
BRDA:635,55,1,0
BRDA:644,56,0,0
BRDA:644,56,1,0
BRDA:653,57,0,0
BRDA:653,57,1,0
BRDA:653,58,0,0
BRDA:653,58,1,0
BRDA:664,59,0,0
BRDA:664,59,1,0
BRDA:701,60,0,0
BRDA:725,61,0,0
BRDA:725,62,0,0
BRDA:725,62,1,0
BRDA:729,63,0,0
BRDA:745,64,0,0
BRDA:751,65,0,0
BRDA:751,65,1,0
BRDA:774,66,0,0
BRDA:779,67,0,0
BRDA:779,67,1,0
BRDA:779,68,0,0
BRDA:779,68,1,0
BRDA:815,69,0,0
BRDA:815,69,1,0
BRDA:815,69,2,0
BRDA:815,69,3,0
BRDA:815,69,4,0
BRDA:831,70,0,0
BRDA:834,71,0,0
BRDA:841,72,0,0
BRDA:841,72,1,0
BRDA:841,73,0,0
BRDA:841,73,1,0
BRDA:871,74,0,0
BRDA:879,75,0,0
BRDA:914,76,0,0
BRDA:914,76,1,0
BRDA:918,77,0,0
BRDA:918,77,1,0
BRDA:926,78,0,0
BRDA:926,78,1,0
BRDA:930,79,0,0
BRDA:938,80,0,0
BRDA:938,80,1,0
BRDA:941,81,0,0
BRDA:967,82,0,0
BRDA:967,82,1,0
BRDA:969,83,0,0
BRDA:969,83,1,0
BRDA:988,84,0,0
BRDA:993,85,0,0
BRDA:1024,86,0,0
BRF:148
BRH:0
end_of_record
TN:
SF:components\price-tracker.tsx
FN:19,PriceTracker
FN:28,(anonymous_2)
FN:75,(anonymous_3)
FN:81,(anonymous_4)
FN:97,(anonymous_5)
FN:102,(anonymous_6)
FNF:6
FNH:0
FNDA:0,PriceTracker
FNDA:0,(anonymous_2)
FNDA:0,(anonymous_3)
FNDA:0,(anonymous_4)
FNDA:0,(anonymous_5)
FNDA:0,(anonymous_6)
DA:3,0
DA:4,0
DA:5,0
DA:7,0
DA:8,0
DA:9,0
DA:11,0
DA:19,0
DA:20,0
DA:21,0
DA:22,0
DA:23,0
DA:24,0
DA:25,0
DA:28,0
DA:29,0
DA:30,0
DA:33,0
DA:34,0
DA:37,0
DA:38,0
DA:40,0
DA:41,0
DA:44,0
DA:45,0
DA:46,0
DA:48,0
DA:51,0
DA:52,0
DA:55,0
DA:58,0
DA:66,0
DA:67,0
DA:68,0
DA:70,0
DA:75,0
DA:76,0
DA:79,0
DA:81,0
DA:85,0
DA:88,0
DA:98,0
DA:102,0
LF:43
LH:0
BRDA:33,0,0,0
BRDA:40,1,0,0
BRDA:44,2,0,0
BRDA:44,2,1,0
BRDA:85,3,0,0
BRDA:85,3,1,0
BRDA:85,4,0,0
BRDA:85,4,1,0
BRDA:88,5,0,0
BRDA:88,5,1,0
BRDA:88,6,0,0
BRDA:88,6,1,0
BRDA:88,6,2,0
BRDA:100,7,0,0
BRDA:100,7,1,0
BRDA:113,8,0,0
BRDA:120,9,0,0
BRDA:120,9,1,0
BRDA:120,10,0,0
BRDA:120,10,1,0
BRDA:123,11,0,0
BRDA:127,12,0,0
BRDA:127,12,1,0
BRDA:129,13,0,0
BRDA:129,13,1,0
BRDA:134,14,0,0
BRDA:134,14,1,0
BRDA:136,15,0,0
BRDA:136,15,1,0
BRDA:140,16,0,0
BRDA:140,16,1,0
BRDA:142,17,0,0
BRDA:142,17,1,0
BRDA:143,18,0,0
BRDA:143,18,1,0
BRDA:150,19,0,0
BRF:36
BRH:0
end_of_record
TN:
SF:components\theme-provider.tsx
FN:14,ThemeProvider
FNF:1
FNH:0
FNDA:0,ThemeProvider
DA:3,0
DA:4,0
DA:14,0
LF:3
LH:0
BRF:0
BRH:0
end_of_record
TN:
SF:components\theme-toggle.tsx
FN:16,ThemeToggle
FN:21,(anonymous_4)
FN:43,(anonymous_5)
FN:47,(anonymous_6)
FN:51,(anonymous_7)
FN:75,ThemeToggleSwitch
FN:80,(anonymous_9)
FN:84,(anonymous_10)
FNF:8
FNH:0
FNDA:0,ThemeToggle
FNDA:0,(anonymous_4)
FNDA:0,(anonymous_5)
FNDA:0,(anonymous_6)
FNDA:0,(anonymous_7)
FNDA:0,ThemeToggleSwitch
FNDA:0,(anonymous_9)
FNDA:0,(anonymous_10)
DA:3,0
DA:4,0
DA:5,0
DA:7,0
DA:8,0
DA:14,0
DA:16,0
DA:17,0
DA:18,0
DA:21,0
DA:22,0
DA:25,0
DA:43,0
DA:47,0
DA:51,0
DA:75,0
DA:76,0
DA:77,0
DA:80,0
DA:81,0
DA:84,0
DA:85,0
DA:88,0
DA:89,0
LF:24
LH:0
BRDA:25,0,0,0
BRDA:85,1,0,0
BRDA:85,1,1,0
BRDA:88,2,0,0
BRF:4
BRH:0
end_of_record
TN:
SF:components\ui\accordion.tsx
FNF:0
FNH:0
DA:3,0
DA:4,0
DA:5,0
DA:7,0
DA:9,0
DA:17,0
DA:37,0
DA:52,0
DA:54,0
LF:9
LH:0
BRF:0
BRH:0
end_of_record
TN:
SF:components\ui\alert-dialog.tsx
FNF:0
FNH:0
DA:3,0
DA:4,0
DA:6,0
DA:7,0
DA:9,0
DA:11,0
DA:13,0
DA:28,0
DA:46,0
DA:51,0
DA:59,0
DA:71,0
DA:83,0
DA:91,0
DA:103,0
DA:106,0
DA:107,0
DA:108,0
DA:109,0
DA:110,0
DA:111,0
DA:112,0
DA:113,0
DA:114,0
DA:115,0
DA:116,0
LF:26
LH:0
BRF:0
BRH:0
end_of_record
TN:
SF:components\ui\alert.tsx
FNF:0
FNH:0
DA:1,0
DA:2,0
DA:4,0
DA:6,0
DA:28,0
DA:39,0
DA:47,0
DA:49,0
LF:8
LH:0
BRF:0
BRH:0
end_of_record
TN:
SF:components\ui\aspect-ratio.tsx
FNF:0
FNH:0
DA:3,0
DA:5,0
DA:7,0
LF:3
LH:0
BRF:0
BRH:0
end_of_record
TN:
SF:components\ui\avatar.tsx
FNF:0
FNH:0
DA:3,0
DA:4,0
DA:6,0
DA:18,0
DA:30,0
DA:45,0
DA:47,0
LF:7
LH:0
BRF:0
BRH:0
end_of_record
TN:
SF:components\ui\badge.tsx
FN:29,Badge
FNF:1
FNH:0
FNDA:0,Badge
DA:1,0
DA:2,0
DA:4,0
DA:6,0
DA:33,0
LF:5
LH:0
BRF:0
BRH:0
end_of_record
TN:
SF:components\ui\breadcrumb.tsx
FN:41,(anonymous_14)
FNF:1
FNH:0
FNDA:0,(anonymous_14)
DA:1,0
DA:2,0
DA:3,0
DA:5,0
DA:13,0
DA:27,0
DA:34,0
DA:36,0
DA:42,0
DA:52,0
DA:66,0
DA:78,0
DA:91,0
DA:94,0
DA:95,0
DA:96,0
DA:97,0
DA:98,0
DA:99,0
DA:100,0
LF:20
LH:0
BRDA:42,0,0,0
BRDA:42,0,1,0
BRDA:75,1,0,0
BRF:3
BRH:0
end_of_record
TN:
SF:components\ui\button.tsx
FN:40,(anonymous_6)
FNF:1
FNH:0
FNDA:0,(anonymous_6)
DA:1,0
DA:2,0
DA:3,0
DA:5,0
DA:7,0
DA:39,0
DA:41,0
DA:47,0
DA:49,0
LF:9
LH:0
BRDA:40,0,0,0
BRDA:41,1,0,0
BRDA:41,1,1,0
BRF:3
BRH:0
end_of_record
TN:
SF:components\ui\calendar.tsx
FN:12,Calendar
FNF:1
FNH:0
FNDA:0,Calendar
DA:3,0
DA:4,0
DA:5,0
DA:7,0
DA:8,0
DA:57,0
DA:59,0
LF:7
LH:0
BRDA:12,0,0,0
BRF:1
BRH:0
end_of_record
TN:
SF:components\ui\card.tsx
FNF:0
FNH:0
DA:1,0
DA:3,0
DA:14,0
DA:21,0
DA:32,0
DA:39,0
DA:46,0
DA:53,0
DA:55,0
LF:9
LH:0
BRF:0
BRH:0
end_of_record
TN:
SF:components\ui\carousel.tsx
FN:33,useCarousel
FN:46,(anonymous_11)
FN:57,(anonymous_12)
FN:66,(anonymous_13)
FN:70,(anonymous_14)
FN:75,(anonymous_15)
FN:87,(anonymous_16)
FN:95,(anonymous_17)
FN:104,(anonymous_18)
FN:138,(anonymous_19)
FN:159,(anonymous_20)
FN:180,(anonymous_21)
FN:208,(anonymous_22)
FNF:13
FNH:0
FNDA:0,useCarousel
FNDA:0,(anonymous_11)
FNDA:0,(anonymous_12)
FNDA:0,(anonymous_13)
FNDA:0,(anonymous_14)
FNDA:0,(anonymous_15)
FNDA:0,(anonymous_16)
FNDA:0,(anonymous_17)
FNDA:0,(anonymous_18)
FNDA:0,(anonymous_19)
FNDA:0,(anonymous_20)
FNDA:0,(anonymous_21)
FNDA:0,(anonymous_22)
DA:3,0
DA:4,0
DA:5,0
DA:7,0
DA:8,0
DA:31,0
DA:34,0
DA:36,0
DA:37,0
DA:40,0
DA:43,0
DA:47,0
DA:54,0
DA:55,0
DA:57,0
DA:58,0
DA:59,0
DA:62,0
DA:63,0
DA:66,0
DA:67,0
DA:70,0
DA:71,0
DA:74,0
DA:76,0
DA:77,0
DA:78,0
DA:79,0
DA:80,0
DA:81,0
DA:87,0
DA:88,0
DA:89,0
DA:92,0
DA:95,0
DA:96,0
DA:97,0
DA:100,0
DA:101,0
DA:102,0
DA:104,0
DA:105,0
DA:135,0
DA:137,0
DA:139,0
DA:156,0
DA:158,0
DA:160,0
DA:177,0
DA:179,0
DA:181,0
DA:205,0
DA:207,0
DA:209,0
DA:233,0
DA:237,0
DA:238,0
DA:239,0
DA:240,0
DA:241,0
LF:60
LH:0
BRDA:36,0,0,0
BRDA:46,1,0,0
BRDA:50,2,0,0
BRDA:50,2,1,0
BRDA:58,3,0,0
BRDA:76,4,0,0
BRDA:76,4,1,0
BRDA:79,5,0,0
BRDA:88,6,0,0
BRDA:88,7,0,0
BRDA:88,7,1,0
BRDA:96,8,0,0
BRDA:115,9,0,0
BRDA:115,9,1,0
BRDA:115,10,0,0
BRDA:115,10,1,0
BRDA:147,11,0,0
BRDA:147,11,1,0
BRDA:169,12,0,0
BRDA:169,12,1,0
BRDA:180,13,0,0
BRDA:180,14,0,0
BRDA:190,15,0,0
BRDA:190,15,1,0
BRDA:208,16,0,0
BRDA:208,17,0,0
BRDA:218,18,0,0
BRDA:218,18,1,0
BRF:28
BRH:0
end_of_record
TN:
SF:components\ui\chart.tsx
FN:27,useChart
FN:43,(anonymous_11)
FN:66,(anonymous_12)
FN:67,(anonymous_13)
FN:78,(anonymous_14)
FN:81,(anonymous_15)
FN:108,(anonymous_16)
FN:128,(anonymous_17)
FN:170,(anonymous_18)
FN:250,(anonymous_19)
FN:266,(anonymous_20)
FN:297,getPayloadConfigFromPayload
FNF:12
FNH:0
FNDA:0,useChart
FNDA:0,(anonymous_11)
FNDA:0,(anonymous_12)
FNDA:0,(anonymous_13)
FNDA:0,(anonymous_14)
FNDA:0,(anonymous_15)
FNDA:0,(anonymous_16)
FNDA:0,(anonymous_17)
FNDA:0,(anonymous_18)
FNDA:0,(anonymous_19)
FNDA:0,(anonymous_20)
FNDA:0,getPayloadConfigFromPayload
DA:3,0
DA:4,0
DA:6,0
DA:9,0
DA:25,0
DA:28,0
DA:30,0
DA:31,0
DA:34,0
DA:37,0
DA:44,0
DA:45,0
DA:64,0
DA:66,0
DA:67,0
DA:69,0
DA:70,0
DA:78,0
DA:82,0
DA:83,0
DA:95,0
DA:97,0
DA:126,0
DA:128,0
DA:129,0
DA:130,0
DA:133,0
DA:134,0
DA:135,0
DA:137,0
DA:141,0
DA:147,0
DA:148,0
DA:154,0
DA:155,0
DA:158,0
DA:171,0
DA:172,0
DA:173,0
DA:175,0
DA:239,0
DA:241,0
DA:243,0
DA:251,0
DA:253,0
DA:254,0
DA:267,0
DA:268,0
DA:270,0
DA:294,0
DA:298,0
DA:299,0
DA:303,0
DA:307,0
DA:309,0
DA:310,0
DA:311,0
DA:316,0
DA:319,0
DA:323,0
DA:324,0
DA:325,0
DA:326,0
DA:327,0
DA:328,0
LF:65
LH:0
BRDA:30,0,0,0
BRDA:45,1,0,0
BRDA:45,1,1,0
BRDA:67,2,0,0
BRDA:67,2,1,0
BRDA:69,3,0,0
BRDA:82,4,0,0
BRDA:82,4,1,0
BRDA:83,5,0,0
BRDA:83,5,1,0
BRDA:113,6,0,0
BRDA:114,7,0,0
BRDA:115,8,0,0
BRDA:129,9,0,0
BRDA:129,10,0,0
BRDA:129,10,1,0
BRDA:134,11,0,0
BRDA:134,11,1,0
BRDA:134,11,2,0
BRDA:134,11,3,0
BRDA:137,12,0,0
BRDA:137,12,1,0
BRDA:137,13,0,0
BRDA:137,13,1,0
BRDA:138,14,0,0
BRDA:138,14,1,0
BRDA:141,15,0,0
BRDA:147,16,0,0
BRDA:154,17,0,0
BRDA:154,18,0,0
BRDA:154,18,1,0
BRDA:158,19,0,0
BRDA:158,19,1,0
BRDA:168,20,0,0
BRDA:168,20,1,0
BRDA:171,21,0,0
BRDA:171,21,1,0
BRDA:171,21,2,0
BRDA:171,21,3,0
BRDA:173,22,0,0
BRDA:173,22,1,0
BRDA:173,22,2,0
BRDA:180,23,0,0
BRDA:180,23,1,0
BRDA:184,24,0,0
BRDA:183,25,0,0
BRDA:183,25,1,0
BRDA:183,25,2,0
BRDA:188,26,0,0
BRDA:190,27,0,0
BRDA:199,28,0,0
BRDA:199,28,1,0
BRDA:214,29,0,0
BRDA:214,29,1,0
BRDA:218,30,0,0
BRDA:218,30,1,0
BRDA:220,31,0,0
BRDA:220,31,1,0
BRDA:223,32,0,0
BRDA:250,33,0,0
BRDA:250,34,0,0
BRDA:253,35,0,0
BRDA:262,36,0,0
BRDA:262,36,1,0
BRDA:267,37,0,0
BRDA:267,37,1,0
BRDA:267,37,2,0
BRDA:278,38,0,0
BRDA:277,39,0,0
BRDA:277,39,1,0
BRDA:298,40,0,0
BRDA:298,41,0,0
BRDA:298,41,1,0
BRDA:303,42,0,0
BRDA:303,42,1,0
BRDA:303,43,0,0
BRDA:303,43,1,0
BRDA:303,43,2,0
BRDA:309,44,0,0
BRDA:309,44,1,0
BRDA:309,45,0,0
BRDA:309,45,1,0
BRDA:311,46,0,0
BRDA:312,47,0,0
BRDA:312,47,1,0
BRDA:312,47,2,0
BRDA:319,48,0,0
BRDA:319,48,1,0
BRF:88
BRH:0
end_of_record
TN:
SF:components\ui\checkbox.tsx
FNF:0
FNH:0
DA:3,0
DA:4,0
DA:5,0
DA:7,0
DA:26,0
DA:28,0
LF:6
LH:0
BRF:0
BRH:0
end_of_record
TN:
SF:components\ui\collapsible.tsx
FNF:0
FNH:0
DA:3,0
DA:5,0
DA:7,0
DA:9,0
DA:11,0
LF:5
LH:0
BRF:0
BRH:0
end_of_record
TN:
SF:components\ui\command.tsx
FN:26,(anonymous_14)
FN:123,(anonymous_21)
FNF:2
FNH:0
FNDA:0,(anonymous_14)
FNDA:0,(anonymous_21)
DA:3,0
DA:5,0
DA:6,0
DA:8,0
DA:9,0
DA:24,0
DA:26,0
DA:55,0
DA:68,0
DA:77,0
DA:93,0
DA:105,0
DA:121,0
DA:123,0
DA:131,0
DA:134,0
DA:135,0
DA:136,0
DA:137,0
DA:138,0
DA:139,0
DA:140,0
DA:141,0
DA:142,0
LF:24
LH:0
BRF:0
BRH:0
end_of_record
TN:
SF:components\ui\context-menu.tsx
FN:163,(anonymous_27)
FNF:1
FNH:0
FNDA:0,(anonymous_27)
DA:3,0
DA:4,0
DA:5,0
DA:7,0
DA:9,0
DA:11,0
DA:13,0
DA:15,0
DA:17,0
DA:19,0
DA:40,0
DA:55,0
DA:72,0
DA:90,0
DA:113,0
DA:135,0
DA:149,0
DA:161,0
DA:163,0
DA:171,0
DA:174,0
DA:175,0
DA:176,0
DA:177,0
DA:178,0
DA:179,0
DA:180,0
DA:181,0
DA:182,0
DA:183,0
DA:184,0
DA:185,0
DA:186,0
DA:187,0
DA:188,0
LF:35
LH:0
BRDA:31,0,0,0
BRDA:31,0,1,0
BRDA:84,1,0,0
BRDA:84,1,1,0
BRDA:145,2,0,0
BRDA:145,2,1,0
BRF:6
BRH:0
end_of_record
TN:
SF:components\ui\dialog.tsx
FNF:0
FNH:0
DA:3,0
DA:4,0
DA:5,0
DA:7,0
DA:9,0
DA:11,0
DA:13,0
DA:15,0
DA:30,0
DA:54,0
DA:59,0
DA:67,0
DA:79,0
DA:91,0
DA:94,0
DA:95,0
DA:96,0
DA:97,0
DA:98,0
DA:99,0
DA:100,0
DA:101,0
DA:102,0
DA:103,0
LF:24
LH:0
BRF:0
BRH:0
end_of_record
TN:
SF:components\ui\drawer.tsx
FNF:0
FNH:0
DA:3,0
DA:4,0
DA:6,0
DA:14,0
DA:16,0
DA:18,0
DA:20,0
DA:32,0
DA:53,0
DA:58,0
DA:63,0
DA:75,0
DA:87,0
DA:90,0
DA:91,0
DA:92,0
DA:93,0
DA:94,0
DA:95,0
DA:96,0
DA:97,0
DA:98,0
DA:99,0
LF:23
LH:0
BRDA:9,0,0,0
BRF:1
BRH:0
end_of_record
TN:
SF:components\ui\dropdown-menu.tsx
FN:164,(anonymous_27)
FNF:1
FNH:0
FNDA:0,(anonymous_27)
DA:3,0
DA:4,0
DA:5,0
DA:7,0
DA:9,0
DA:11,0
DA:13,0
DA:15,0
DA:17,0
DA:19,0
DA:40,0
DA:55,0
DA:73,0
DA:91,0
DA:114,0
DA:136,0
DA:150,0
DA:162,0
DA:164,0
DA:169,0
DA:172,0
DA:173,0
DA:174,0
DA:175,0
DA:176,0
DA:177,0
DA:178,0
DA:179,0
DA:180,0
DA:181,0
DA:182,0
DA:183,0
DA:184,0
DA:185,0
DA:186,0
LF:35
LH:0
BRDA:31,0,0,0
BRDA:31,0,1,0
BRDA:60,1,0,0
BRDA:85,2,0,0
BRDA:85,2,1,0
BRDA:146,3,0,0
BRDA:146,3,1,0
BRF:7
BRH:0
end_of_record
TN:
SF:components\ui\form.tsx
FN:29,(anonymous_12)
FN:42,(anonymous_13)
FN:72,(anonymous_14)
FN:87,(anonymous_15)
FN:104,(anonymous_16)
FN:122,(anonymous_17)
FN:139,(anonymous_18)
FNF:7
FNH:0
FNDA:0,(anonymous_12)
FNDA:0,(anonymous_13)
FNDA:0,(anonymous_14)
FNDA:0,(anonymous_15)
FNDA:0,(anonymous_16)
FNDA:0,(anonymous_17)
FNDA:0,(anonymous_18)
DA:3,0
DA:5,0
DA:13,0
DA:15,0
DA:16,0
DA:18,0
DA:27,0
DA:29,0
DA:42,0
DA:43,0
DA:44,0
DA:45,0
DA:47,0
DA:49,0
DA:50,0
DA:53,0
DA:55,0
DA:69,0
DA:71,0
DA:73,0
DA:82,0
DA:84,0
DA:88,0
DA:99,0
DA:101,0
DA:105,0
DA:117,0
DA:119,0
DA:123,0
DA:134,0
DA:136,0
DA:140,0
DA:141,0
DA:143,0
DA:144,0
DA:158,0
DA:161,0
DA:162,0
DA:163,0
DA:164,0
DA:165,0
DA:166,0
DA:167,0
DA:168,0
LF:44
LH:0
BRDA:49,0,0,0
BRDA:93,1,0,0
BRDA:93,1,1,0
BRDA:111,2,0,0
BRDA:111,2,1,0
BRDA:141,3,0,0
BRDA:141,3,1,0
BRDA:143,4,0,0
BRF:8
BRH:0
end_of_record
TN:
SF:components\ui\hover-card.tsx
FNF:0
FNH:0
DA:3,0
DA:4,0
DA:6,0
DA:8,0
DA:10,0
DA:27,0
DA:29,0
LF:7
LH:0
BRDA:15,0,0,0
BRDA:15,1,0,0
BRF:2
BRH:0
end_of_record
TN:
SF:components\ui\input-otp.tsx
FN:36,(anonymous_10)
FNF:1
FNH:0
FNDA:0,(anonymous_10)
DA:3,0
DA:4,0
DA:5,0
DA:7,0
DA:23,0
DA:31,0
DA:33,0
DA:37,0
DA:38,0
DA:59,0
DA:69,0
DA:71,0
LF:12
LH:0
BRDA:45,0,0,0
BRDA:45,0,1,0
BRDA:51,1,0,0
BRF:3
BRH:0
end_of_record
TN:
SF:components\ui\input.tsx
FN:6,(anonymous_4)
FNF:1
FNH:0
FNDA:0,(anonymous_4)
DA:1,0
DA:3,0
DA:5,0
DA:20,0
DA:22,0
LF:5
LH:0
BRF:0
BRH:0
end_of_record
TN:
SF:components\ui\label.tsx
FNF:0
FNH:0
DA:3,0
DA:4,0
DA:5,0
DA:7,0
DA:9,0
DA:19,0
DA:21,0
LF:7
LH:0
BRF:0
BRH:0
end_of_record
TN:
SF:components\ui\menubar.tsx
FN:194,(anonymous_30)
FNF:1
FNH:0
FNDA:0,(anonymous_30)
DA:3,0
DA:4,0
DA:5,0
DA:7,0
DA:9,0
DA:11,0
DA:13,0
DA:15,0
DA:17,0
DA:32,0
DA:47,0
DA:68,0
DA:83,0
DA:103,0
DA:121,0
DA:144,0
DA:166,0
DA:180,0
DA:192,0
DA:194,0
DA:202,0
DA:205,0
DA:206,0
DA:207,0
DA:208,0
DA:209,0
DA:210,0
DA:211,0
DA:212,0
DA:213,0
DA:214,0
DA:215,0
DA:216,0
DA:217,0
DA:218,0
DA:219,0
DA:220,0
LF:37
LH:0
BRDA:59,0,0,0
BRDA:59,0,1,0
BRDA:88,1,0,0
BRDA:88,2,0,0
BRDA:88,3,0,0
BRDA:115,4,0,0
BRDA:115,4,1,0
BRDA:176,5,0,0
BRDA:176,5,1,0
BRF:9
BRH:0
end_of_record
TN:
SF:components\ui\navigation-menu.tsx
FNF:0
FNH:0
DA:1,0
DA:2,0
DA:3,0
DA:4,0
DA:6,0
DA:21,0
DA:33,0
DA:35,0
DA:37,0
DA:57,0
DA:72,0
DA:74,0
DA:91,0
DA:108,0
DA:111,0
DA:112,0
DA:113,0
DA:114,0
DA:115,0
DA:116,0
DA:117,0
DA:118,0
DA:119,0
LF:23
LH:0
BRF:0
BRH:0
end_of_record
TN:
SF:components\ui\pagination.tsx
FNF:0
FNH:0
DA:1,0
DA:2,0
DA:4,0
DA:5,0
DA:15,0
DA:22,0
DA:27,0
DA:47,0
DA:63,0
DA:76,0
DA:88,0
DA:91,0
DA:92,0
DA:93,0
DA:94,0
DA:95,0
DA:96,0
DA:97,0
LF:18
LH:0
BRDA:34,0,0,0
BRDA:36,1,0,0
BRDA:36,1,1,0
BRDA:39,2,0,0
BRDA:39,2,1,0
BRF:5
BRH:0
end_of_record
TN:
SF:components\ui\popover.tsx
FNF:0
FNH:0
DA:3,0
DA:4,0
DA:6,0
DA:8,0
DA:10,0
DA:29,0
DA:31,0
LF:7
LH:0
BRDA:15,0,0,0
BRDA:15,1,0,0
BRF:2
BRH:0
end_of_record
TN:
SF:components\ui\progress.tsx
FNF:0
FNH:0
DA:3,0
DA:4,0
DA:6,0
DA:23,0
DA:25,0
LF:5
LH:0
BRDA:19,0,0,0
BRDA:19,0,1,0
BRF:2
BRH:0
end_of_record
TN:
SF:components\ui\radio-group.tsx
FN:12,(anonymous_6)
FN:20,(anonymous_7)
FNF:2
FNH:0
FNDA:0,(anonymous_6)
FNDA:0,(anonymous_7)
DA:3,0
DA:4,0
DA:5,0
DA:7,0
DA:9,0
DA:15,0
DA:17,0
DA:36,0
DA:38,0
LF:9
LH:0
BRF:0
BRH:0
end_of_record
TN:
SF:components\ui\resizable.tsx
FNF:0
FNH:0
DA:3,0
DA:4,0
DA:6,0
DA:18,0
DA:42,0
LF:5
LH:0
BRDA:34,0,0,0
BRF:1
BRH:0
end_of_record
TN:
SF:components\ui\scroll-area.tsx
FNF:0
FNH:0
DA:3,0
DA:4,0
DA:6,0
DA:24,0
DA:44,0
DA:46,0
LF:6
LH:0
BRDA:29,0,0,0
BRDA:35,1,0,0
BRDA:35,1,1,0
BRDA:36,2,0,0
BRDA:36,2,1,0
BRF:5
BRH:0
end_of_record
TN:
SF:components\ui\select.tsx
FNF:0
FNH:0
DA:3,0
DA:4,0
DA:5,0
DA:7,0
DA:9,0
DA:11,0
DA:13,0
DA:33,0
DA:47,0
DA:61,0
DA:93,0
DA:105,0
DA:128,0
DA:140,0
DA:143,0
DA:144,0
DA:145,0
DA:146,0
DA:147,0
DA:148,0
DA:149,0
DA:150,0
DA:151,0
DA:152,0
LF:24
LH:0
BRDA:66,0,0,0
BRDA:72,1,0,0
BRDA:72,1,1,0
BRDA:83,2,0,0
BRDA:83,2,1,0
BRF:5
BRH:0
end_of_record
TN:
SF:components\ui\separator.tsx
FNF:0
FNH:0
DA:3,0
DA:4,0
DA:6,0
DA:24,0
DA:26,0
LF:5
LH:0
BRDA:11,0,0,0
BRDA:11,1,0,0
BRDA:18,2,0,0
BRDA:18,2,1,0
BRF:4
BRH:0
end_of_record
TN:
SF:components\ui\sheet.tsx
FNF:0
FNH:0
DA:3,0
DA:4,0
DA:5,0
DA:6,0
DA:8,0
DA:10,0
DA:12,0
DA:14,0
DA:16,0
DA:31,0
DA:33,0
DA:71,0
DA:76,0
DA:84,0
DA:96,0
DA:108,0
DA:111,0
DA:112,0
DA:113,0
DA:114,0
DA:115,0
DA:116,0
DA:117,0
DA:118,0
DA:119,0
DA:120,0
LF:26
LH:0
BRDA:59,0,0,0
BRF:1
BRH:0
end_of_record
TN:
SF:components\ui\sidebar.tsx
FN:36,useSidebar
FN:53,(anonymous_29)
FN:73,(anonymous_30)
FN:88,(anonymous_31)
FN:89,(anonymous_32)
FN:89,(anonymous_33)
FN:93,(anonymous_34)
FN:94,(anonymous_35)
FN:102,(anonymous_36)
FN:110,(anonymous_37)
FN:157,(anonymous_38)
FN:255,(anonymous_39)
FN:265,(anonymous_40)
FN:279,(anonymous_41)
FN:307,(anonymous_42)
FN:326,(anonymous_43)
FN:342,(anonymous_44)
FN:356,(anonymous_45)
FN:372,(anonymous_46)
FN:385,(anonymous_47)
FN:402,(anonymous_48)
FN:418,(anonymous_49)
FN:439,(anonymous_50)
FN:525,(anonymous_54)
FN:582,(anonymous_55)
FN:632,(anonymous_57)
FN:634,(anonymous_58)
FN:688,(anonymous_61)
FNF:28
FNH:0
FNDA:0,useSidebar
FNDA:0,(anonymous_29)
FNDA:0,(anonymous_30)
FNDA:0,(anonymous_31)
FNDA:0,(anonymous_32)
FNDA:0,(anonymous_33)
FNDA:0,(anonymous_34)
FNDA:0,(anonymous_35)
FNDA:0,(anonymous_36)
FNDA:0,(anonymous_37)
FNDA:0,(anonymous_38)
FNDA:0,(anonymous_39)
FNDA:0,(anonymous_40)
FNDA:0,(anonymous_41)
FNDA:0,(anonymous_42)
FNDA:0,(anonymous_43)
FNDA:0,(anonymous_44)
FNDA:0,(anonymous_45)
FNDA:0,(anonymous_46)
FNDA:0,(anonymous_47)
FNDA:0,(anonymous_48)
FNDA:0,(anonymous_49)
FNDA:0,(anonymous_50)
FNDA:0,(anonymous_54)
FNDA:0,(anonymous_55)
FNDA:0,(anonymous_57)
FNDA:0,(anonymous_58)
FNDA:0,(anonymous_61)
DA:3,0
DA:4,0
DA:5,0
DA:6,0
DA:8,0
DA:9,0
DA:10,0
DA:11,0
DA:12,0
DA:13,0
DA:14,0
DA:15,0
DA:17,0
DA:18,0
DA:19,0
DA:20,0
DA:21,0
DA:22,0
DA:34,0
DA:37,0
DA:38,0
DA:39,0
DA:42,0
DA:45,0
DA:65,0
DA:66,0
DA:70,0
DA:71,0
DA:72,0
DA:74,0
DA:75,0
DA:76,0
DA:78,0
DA:82,0
DA:88,0
DA:89,0
DA:93,0
DA:94,0
DA:95,0
DA:96,0
DA:97,0
DA:101,0
DA:102,0
DA:107,0
DA:109,0
DA:110,0
DA:147,0
DA:149,0
DA:168,0
DA:170,0
DA:185,0
DA:250,0
DA:252,0
DA:256,0
DA:266,0
DA:267,0
DA:276,0
DA:278,0
DA:280,0
DA:304,0
DA:306,0
DA:321,0
DA:323,0
DA:339,0
DA:341,0
DA:353,0
DA:355,0
DA:367,0
DA:369,0
DA:382,0
DA:384,0
DA:399,0
DA:401,0
DA:413,0
DA:415,0
DA:419,0
DA:434,0
DA:436,0
DA:440,0
DA:457,0
DA:469,0
DA:481,0
DA:493,0
DA:495,0
DA:517,0
DA:537,0
DA:538,0
DA:551,0
DA:552,0
DA:555,0
DA:556,0
DA:574,0
DA:576,0
DA:583,0
DA:605,0
DA:625,0
DA:627,0
DA:634,0
DA:635,0
DA:658,0
DA:674,0
DA:679,0
DA:681,0
DA:689,0
DA:709,0
DA:712,0
DA:713,0
DA:714,0
DA:715,0
DA:716,0
DA:717,0
DA:718,0
DA:719,0
DA:720,0
DA:721,0
DA:722,0
DA:723,0
DA:724,0
DA:725,0
DA:726,0
DA:727,0
DA:728,0
DA:729,0
DA:730,0
DA:731,0
DA:732,0
DA:733,0
DA:734,0
DA:735,0
LF:129
LH:0
BRDA:38,0,0,0
BRDA:55,1,0,0
BRDA:71,2,0,0
BRDA:71,2,1,0
BRDA:74,3,0,0
BRDA:74,3,1,0
BRDA:75,4,0,0
BRDA:75,4,1,0
BRDA:89,5,0,0
BRDA:89,5,1,0
BRDA:95,6,0,0
BRDA:95,7,0,0
BRDA:95,7,1,0
BRDA:95,7,2,0
BRDA:107,8,0,0
BRDA:107,8,1,0
BRDA:159,9,0,0
BRDA:160,10,0,0
BRDA:161,11,0,0
BRDA:170,12,0,0
BRDA:185,13,0,0
BRDA:210,14,0,0
BRDA:210,14,1,0
BRDA:220,15,0,0
BRDA:220,15,1,0
BRDA:220,16,0,0
BRDA:220,16,1,0
BRDA:228,17,0,0
BRDA:228,17,1,0
BRDA:232,18,0,0
BRDA:232,18,1,0
BRDA:232,19,0,0
BRDA:232,19,1,0
BRDA:418,20,0,0
BRDA:419,21,0,0
BRDA:419,21,1,0
BRDA:439,22,0,0
BRDA:440,23,0,0
BRDA:440,23,1,0
BRDA:527,24,0,0
BRDA:528,25,0,0
BRDA:529,26,0,0
BRDA:530,27,0,0
BRDA:537,28,0,0
BRDA:537,28,1,0
BRDA:551,29,0,0
BRDA:555,30,0,0
BRDA:567,31,0,0
BRDA:567,31,1,0
BRDA:582,32,0,0
BRDA:582,33,0,0
BRDA:583,34,0,0
BRDA:583,34,1,0
BRDA:597,35,0,0
BRDA:597,35,1,0
BRDA:632,36,0,0
BRDA:645,37,0,0
BRDA:688,38,0,0
BRDA:688,39,0,0
BRDA:689,40,0,0
BRDA:689,40,1,0
BRDA:700,41,0,0
BRDA:700,41,1,0
BRDA:701,42,0,0
BRDA:701,42,1,0
BRF:65
BRH:0
end_of_record
TN:
SF:components\ui\skeleton.tsx
FN:3,Skeleton
FNF:1
FNH:0
FNDA:0,Skeleton
DA:1,0
DA:7,0
LF:2
LH:0
BRF:0
BRH:0
end_of_record
TN:
SF:components\ui\slider.tsx
FNF:0
FNH:0
DA:3,0
DA:4,0
DA:6,0
DA:23,0
DA:25,0
LF:5
LH:0
BRF:0
BRH:0
end_of_record
TN:
SF:components\ui\sonner.tsx
FN:8,(anonymous_1)
FNF:1
FNH:0
FNDA:0,(anonymous_1)
DA:3,0
DA:4,0
DA:8,0
DA:9,0
DA:29,0
LF:5
LH:0
BRDA:9,0,0,0
BRDA:13,1,0,0
BRDA:13,1,1,0
BRDA:13,2,0,0
BRDA:13,2,1,0
BRDA:13,2,2,0
BRF:6
BRH:0
end_of_record
TN:
SF:components\ui\switch.tsx
FNF:0
FNH:0
DA:3,0
DA:4,0
DA:6,0
DA:27,0
DA:29,0
LF:5
LH:0
BRF:0
BRH:0
end_of_record
TN:
SF:components\ui\table.tsx
FNF:0
FNH:0
DA:1,0
DA:3,0
DA:12,0
DA:20,0
DA:28,0
DA:40,0
DA:54,0
DA:69,0
DA:81,0
DA:89,0
DA:91,0
LF:11
LH:0
BRF:0
BRH:0
end_of_record
TN:
SF:components\ui\tabs.tsx
FNF:0
FNH:0
DA:3,0
DA:4,0
DA:6,0
DA:8,0
DA:23,0
DA:38,0
DA:53,0
DA:55,0
LF:8
LH:0
BRF:0
BRH:0
end_of_record
TN:
SF:components\ui\textarea.tsx
FN:6,(anonymous_4)
FNF:1
FNH:0
FNDA:0,(anonymous_4)
DA:1,0
DA:3,0
DA:5,0
DA:19,0
DA:21,0
LF:5
LH:0
BRF:0
BRH:0
end_of_record
TN:
SF:components\ui\toast.tsx
FN:46,(anonymous_12)
FNF:1
FNH:0
FNDA:0,(anonymous_12)
DA:3,0
DA:4,0
DA:5,0
DA:6,0
DA:8,0
DA:10,0
DA:25,0
DA:27,0
DA:43,0
DA:55,0
DA:70,0
DA:88,0
DA:96,0
DA:108,0
DA:117,0
DA:118,0
DA:119,0
DA:120,0
DA:121,0
DA:122,0
DA:123,0
LF:21
LH:0
BRF:0
BRH:0
end_of_record
TN:
SF:components\ui\toaster.tsx
FN:13,Toaster
FN:18,(anonymous_2)
FNF:2
FNH:0
FNDA:0,Toaster
FNDA:0,(anonymous_2)
DA:3,0
DA:11,0
DA:13,0
DA:14,0
DA:19,0
LF:5
LH:0
BRDA:22,0,0,0
BRDA:23,1,0,0
BRF:2
BRH:0
end_of_record
TN:
SF:components\ui\toggle-group.tsx
FN:35,(anonymous_7)
FNF:1
FNH:0
FNDA:0,(anonymous_7)
DA:3,0
DA:4,0
DA:7,0
DA:8,0
DA:10,0
DA:29,0
DA:31,0
DA:36,0
DA:55,0
DA:57,0
LF:10
LH:0
BRDA:43,0,0,0
BRDA:43,0,1,0
BRDA:44,1,0,0
BRDA:44,1,1,0
BRF:4
BRH:0
end_of_record
TN:
SF:components\ui\toggle.tsx
FNF:0
FNH:0
DA:3,0
DA:4,0
DA:5,0
DA:7,0
DA:9,0
DA:41,0
DA:43,0
LF:7
LH:0
BRF:0
BRH:0
end_of_record
TN:
SF:components\ui\tooltip.tsx
FNF:0
FNH:0
DA:3,0
DA:4,0
DA:6,0
DA:8,0
DA:10,0
DA:12,0
DA:28,0
DA:30,0
LF:8
LH:0
BRDA:17,0,0,0
BRF:1
BRH:0
end_of_record
TN:
SF:components\ui\use-mobile.tsx
FN:5,useIsMobile
FN:8,(anonymous_5)
FN:10,(anonymous_6)
FN:15,(anonymous_7)
FNF:4
FNH:0
FNDA:0,useIsMobile
FNDA:0,(anonymous_5)
FNDA:0,(anonymous_6)
FNDA:0,(anonymous_7)
DA:1,0
DA:3,0
DA:5,0
DA:6,0
DA:8,0
DA:9,0
DA:10,0
DA:11,0
DA:13,0
DA:14,0
DA:15,0
DA:18,0
LF:12
LH:0
BRF:0
BRH:0
end_of_record
TN:
SF:components\ui\use-toast.ts
FN:27,genId
FN:58,(anonymous_8)
FN:63,(anonymous_9)
FN:74,(anonymous_10)
FN:85,(anonymous_11)
FN:96,(anonymous_12)
FN:103,(anonymous_13)
FN:122,(anonymous_14)
FN:131,dispatch
FN:133,(anonymous_16)
FN:140,toast
FN:143,(anonymous_18)
FN:148,(anonymous_19)
FN:156,(anonymous_20)
FN:169,useToast
FN:172,(anonymous_22)
FN:174,(anonymous_23)
FN:185,(anonymous_24)
FNF:18
FNH:0
FNDA:0,genId
FNDA:0,(anonymous_8)
FNDA:0,(anonymous_9)
FNDA:0,(anonymous_10)
FNDA:0,(anonymous_11)
FNDA:0,(anonymous_12)
FNDA:0,(anonymous_13)
FNDA:0,(anonymous_14)
FNDA:0,dispatch
FNDA:0,(anonymous_16)
FNDA:0,toast
FNDA:0,(anonymous_18)
FNDA:0,(anonymous_19)
FNDA:0,(anonymous_20)
FNDA:0,useToast
FNDA:0,(anonymous_22)
FNDA:0,(anonymous_23)
FNDA:0,(anonymous_24)
DA:4,0
DA:8,0
DA:9,0
DA:18,0
DA:25,0
DA:28,0
DA:29,0
DA:56,0
DA:58,0
DA:59,0
DA:60,0
DA:63,0
DA:64,0
DA:65,0
DA:71,0
DA:74,0
DA:75,0
DA:77,0
DA:83,0
DA:85,0
DA:89,0
DA:93,0
DA:94,0
DA:96,0
DA:97,0
DA:101,0
DA:104,0
DA:114,0
DA:115,0
DA:120,0
DA:122,0
DA:127,0
DA:129,0
DA:132,0
DA:133,0
DA:134,0
DA:141,0
DA:143,0
DA:144,0
DA:148,0
DA:150,0
DA:157,0
DA:162,0
DA:170,0
DA:172,0
DA:173,0
DA:174,0
DA:175,0
DA:176,0
DA:177,0
DA:182,0
DA:186,0
DA:194,0
LF:53
LH:0
BRDA:59,0,0,0
BRDA:75,1,0,0
BRDA:75,1,1,0
BRDA:75,1,2,0
BRDA:75,1,3,0
BRDA:85,2,0,0
BRDA:85,2,1,0
BRDA:93,3,0,0
BRDA:93,3,1,0
BRDA:104,4,0,0
BRDA:104,4,1,0
BRDA:104,5,0,0
BRDA:104,5,1,0
BRDA:114,6,0,0
BRDA:157,7,0,0
BRDA:176,8,0,0
BRDA:187,9,0,0
BRDA:187,9,1,0
BRF:18
BRH:0
end_of_record
TN:
SF:contexts\currency-context.tsx
FN:14,CurrencyProvider
FN:24,useCurrency
FNF:2
FNH:0
FNDA:0,CurrencyProvider
FNDA:0,useCurrency
DA:3,0
DA:12,0
DA:14,0
DA:15,0
DA:24,0
DA:25,0
DA:26,0
DA:27,0
DA:29,0
LF:9
LH:0
BRDA:26,0,0,0
BRF:1
BRH:0
end_of_record
TN:
SF:examples\padding-demo.ts
FNF:0
FNH:0
DA:10,0
DA:13,0
DA:14,0
DA:15,0
DA:16,0
DA:17,0
DA:19,0
DA:21,0
DA:22,0
DA:23,0
DA:24,0
DA:26,0
DA:29,0
DA:30,0
DA:31,0
DA:33,0
DA:37,0
DA:41,0
DA:42,0
DA:45,0
DA:46,0
DA:55,0
DA:58,0
DA:59,0
DA:60,0
DA:63,0
DA:71,0
DA:72,0
DA:73,0
DA:76,0
DA:77,0
DA:85,0
DA:86,0
DA:87,0
LF:34
LH:0
BRF:0
BRH:0
end_of_record
TN:
SF:hooks\use-chart-accessibility.tsx
FN:62,useChartAccessibility
FN:85,(anonymous_5)
FN:96,(anonymous_6)
FN:101,(anonymous_7)
FN:107,(anonymous_8)
FN:113,(anonymous_9)
FN:119,(anonymous_10)
FN:122,(anonymous_11)
FN:133,(anonymous_12)
FN:139,(anonymous_13)
FN:145,(anonymous_14)
FN:151,(anonymous_15)
FN:156,(anonymous_16)
FN:161,(anonymous_17)
FN:180,(anonymous_18)
FN:187,(anonymous_19)
FN:194,(anonymous_20)
FN:204,(anonymous_21)
FN:212,(anonymous_22)
FN:241,useScreenReaderDescription
FN:263,useFocusIndicator
FN:269,(anonymous_26)
FN:273,(anonymous_27)
FN:274,(anonymous_28)
FN:279,(anonymous_29)
FN:286,(anonymous_30)
FNF:26
FNH:0
FNDA:0,useChartAccessibility
FNDA:0,(anonymous_5)
FNDA:0,(anonymous_6)
FNDA:0,(anonymous_7)
FNDA:0,(anonymous_8)
FNDA:0,(anonymous_9)
FNDA:0,(anonymous_10)
FNDA:0,(anonymous_11)
FNDA:0,(anonymous_12)
FNDA:0,(anonymous_13)
FNDA:0,(anonymous_14)
FNDA:0,(anonymous_15)
FNDA:0,(anonymous_16)
FNDA:0,(anonymous_17)
FNDA:0,(anonymous_18)
FNDA:0,(anonymous_19)
FNDA:0,(anonymous_20)
FNDA:0,(anonymous_21)
FNDA:0,(anonymous_22)
FNDA:0,useScreenReaderDescription
FNDA:0,useFocusIndicator
FNDA:0,(anonymous_26)
FNDA:0,(anonymous_27)
FNDA:0,(anonymous_28)
FNDA:0,(anonymous_29)
FNDA:0,(anonymous_30)
DA:5,0
DA:14,0
DA:62,0
DA:70,0
DA:73,0
DA:74,0
DA:75,0
DA:76,0
DA:77,0
DA:80,0
DA:81,0
DA:82,0
DA:85,0
DA:86,0
DA:87,0
DA:91,0
DA:92,0
DA:93,0
DA:96,0
DA:97,0
DA:101,0
DA:102,0
DA:107,0
DA:108,0
DA:109,0
DA:113,0
DA:116,0
DA:118,0
DA:120,0
DA:123,0
DA:124,0
DA:129,0
DA:133,0
DA:134,0
DA:135,0
DA:139,0
DA:140,0
DA:141,0
DA:145,0
DA:146,0
DA:147,0
DA:151,0
DA:152,0
DA:153,0
DA:156,0
DA:157,0
DA:158,0
DA:161,0
DA:162,0
DA:163,0
DA:167,0
DA:180,0
DA:181,0
DA:182,0
DA:187,0
DA:188,0
DA:189,0
DA:194,0
DA:195,0
DA:204,0
DA:205,0
DA:206,0
DA:207,0
DA:212,0
DA:213,0
DA:216,0
DA:241,0
DA:245,0
DA:257,0
DA:263,0
DA:267,0
DA:269,0
DA:270,0
DA:271,0
DA:273,0
DA:274,0
DA:276,0
DA:277,0
DA:279,0
DA:280,0
DA:281,0
DA:286,0
DA:287,0
DA:288,0
DA:290,0
DA:291,0
DA:292,0
DA:293,0
DA:295,0
DA:296,0
DA:300,0
LF:91
LH:0
BRDA:63,0,0,0
BRDA:66,1,0,0
BRDA:67,2,0,0
BRDA:68,3,0,0
BRDA:69,4,0,0
BRDA:86,5,0,0
BRDA:86,6,0,0
BRDA:86,6,1,0
BRDA:91,7,0,0
BRDA:91,8,0,0
BRDA:91,8,1,0
BRDA:102,9,0,0
BRDA:116,10,0,0
BRDA:123,11,0,0
BRDA:134,12,0,0
BRDA:140,13,0,0
BRDA:146,14,0,0
BRDA:167,15,0,0
BRDA:167,15,1,0
BRDA:181,16,0,0
BRDA:188,17,0,0
BRDA:197,18,0,0
BRDA:197,18,1,0
BRDA:198,19,0,0
BRDA:198,19,1,0
BRDA:205,20,0,0
BRDA:271,21,0,0
BRDA:288,22,0,0
BRDA:290,23,0,0
BRDA:290,23,1,0
BRDA:291,24,0,0
BRDA:291,24,1,0
BRF:32
BRH:0
end_of_record
TN:
SF:hooks\use-mobile.tsx
FN:5,useIsMobile
FN:8,(anonymous_5)
FN:10,(anonymous_6)
FN:15,(anonymous_7)
FNF:4
FNH:0
FNDA:0,useIsMobile
FNDA:0,(anonymous_5)
FNDA:0,(anonymous_6)
FNDA:0,(anonymous_7)
DA:1,0
DA:3,0
DA:5,0
DA:6,0
DA:8,0
DA:9,0
DA:10,0
DA:11,0
DA:13,0
DA:14,0
DA:15,0
DA:18,0
LF:12
LH:0
BRF:0
BRH:0
end_of_record
TN:
SF:hooks\use-toast.ts
FN:27,genId
FN:58,(anonymous_8)
FN:63,(anonymous_9)
FN:74,(anonymous_10)
FN:85,(anonymous_11)
FN:96,(anonymous_12)
FN:103,(anonymous_13)
FN:122,(anonymous_14)
FN:131,dispatch
FN:133,(anonymous_16)
FN:140,toast
FN:143,(anonymous_18)
FN:148,(anonymous_19)
FN:156,(anonymous_20)
FN:169,useToast
FN:172,(anonymous_22)
FN:174,(anonymous_23)
FN:185,(anonymous_24)
FNF:18
FNH:0
FNDA:0,genId
FNDA:0,(anonymous_8)
FNDA:0,(anonymous_9)
FNDA:0,(anonymous_10)
FNDA:0,(anonymous_11)
FNDA:0,(anonymous_12)
FNDA:0,(anonymous_13)
FNDA:0,(anonymous_14)
FNDA:0,dispatch
FNDA:0,(anonymous_16)
FNDA:0,toast
FNDA:0,(anonymous_18)
FNDA:0,(anonymous_19)
FNDA:0,(anonymous_20)
FNDA:0,useToast
FNDA:0,(anonymous_22)
FNDA:0,(anonymous_23)
FNDA:0,(anonymous_24)
DA:4,0
DA:8,0
DA:9,0
DA:18,0
DA:25,0
DA:28,0
DA:29,0
DA:56,0
DA:58,0
DA:59,0
DA:60,0
DA:63,0
DA:64,0
DA:65,0
DA:71,0
DA:74,0
DA:75,0
DA:77,0
DA:83,0
DA:85,0
DA:89,0
DA:93,0
DA:94,0
DA:96,0
DA:97,0
DA:101,0
DA:104,0
DA:114,0
DA:115,0
DA:120,0
DA:122,0
DA:127,0
DA:129,0
DA:132,0
DA:133,0
DA:134,0
DA:141,0
DA:143,0
DA:144,0
DA:148,0
DA:150,0
DA:157,0
DA:162,0
DA:170,0
DA:172,0
DA:173,0
DA:174,0
DA:175,0
DA:176,0
DA:177,0
DA:182,0
DA:185,0
DA:189,0
LF:53
LH:0
BRDA:59,0,0,0
BRDA:75,1,0,0
BRDA:75,1,1,0
BRDA:75,1,2,0
BRDA:75,1,3,0
BRDA:85,2,0,0
BRDA:85,2,1,0
BRDA:93,3,0,0
BRDA:93,3,1,0
BRDA:104,4,0,0
BRDA:104,4,1,0
BRDA:104,5,0,0
BRDA:104,5,1,0
BRDA:114,6,0,0
BRDA:157,7,0,0
BRDA:176,8,0,0
BRDA:185,9,0,0
BRDA:185,9,1,0
BRF:18
BRH:0
end_of_record
TN:
SF:lib\api-client.ts
FN:41,(anonymous_4)
FN:58,(anonymous_5)
FNF:2
FNH:0
FNDA:0,(anonymous_4)
FNDA:0,(anonymous_5)
DA:3,0
DA:6,0
DA:14,0
DA:41,0
DA:44,0
DA:45,0
DA:47,0
DA:48,0
DA:58,0
DA:63,0
DA:64,0
DA:66,0
DA:67,0
LF:13
LH:0
BRDA:60,0,0,0
BRF:1
BRH:0
end_of_record
TN:
SF:lib\cache-store.ts
FN:22,(anonymous_1)
FN:22,(anonymous_2)
FN:24,(anonymous_3)
FN:38,(anonymous_4)
FNF:4
FNH:0
FNDA:0,(anonymous_1)
FNDA:0,(anonymous_2)
FNDA:0,(anonymous_3)
FNDA:0,(anonymous_4)
DA:16,0
DA:17,0
DA:22,0
DA:25,0
DA:26,0
DA:27,0
DA:28,0
DA:30,0
DA:32,0
DA:33,0
DA:35,0
DA:39,0
DA:40,0
LF:13
LH:0
BRDA:22,0,0,0
BRDA:27,1,0,0
BRDA:30,2,0,0
BRF:3
BRH:0
end_of_record
TN:
SF:lib\chart-accessibility.ts
FN:29,generateChartAltText
FN:95,formatPriceForAccessibility
FN:124,generateLiveAnnouncement
FN:154,(anonymous_10)
FN:169,(anonymous_11)
FN:202,(anonymous_12)
FN:209,(anonymous_13)
FN:216,(anonymous_14)
FN:221,(anonymous_15)
FN:226,(anonymous_16)
FN:233,(anonymous_17)
FN:251,(anonymous_18)
FN:262,(anonymous_19)
FN:269,(anonymous_20)
FN:284,(anonymous_21)
FN:293,(anonymous_22)
FN:302,(anonymous_23)
FN:347,(anonymous_24)
FN:351,(anonymous_25)
FN:359,(anonymous_26)
FN:361,(anonymous_27)
FN:367,(anonymous_28)
FN:387,(anonymous_29)
FN:392,(anonymous_30)
FN:415,(anonymous_31)
FN:422,(anonymous_32)
FN:429,(anonymous_33)
FN:437,(anonymous_34)
FNF:28
FNH:0
FNDA:0,generateChartAltText
FNDA:0,formatPriceForAccessibility
FNDA:0,generateLiveAnnouncement
FNDA:0,(anonymous_10)
FNDA:0,(anonymous_11)
FNDA:0,(anonymous_12)
FNDA:0,(anonymous_13)
FNDA:0,(anonymous_14)
FNDA:0,(anonymous_15)
FNDA:0,(anonymous_16)
FNDA:0,(anonymous_17)
FNDA:0,(anonymous_18)
FNDA:0,(anonymous_19)
FNDA:0,(anonymous_20)
FNDA:0,(anonymous_21)
FNDA:0,(anonymous_22)
FNDA:0,(anonymous_23)
FNDA:0,(anonymous_24)
FNDA:0,(anonymous_25)
FNDA:0,(anonymous_26)
FNDA:0,(anonymous_27)
FNDA:0,(anonymous_28)
FNDA:0,(anonymous_29)
FNDA:0,(anonymous_30)
FNDA:0,(anonymous_31)
FNDA:0,(anonymous_32)
FNDA:0,(anonymous_33)
FNDA:0,(anonymous_34)
DA:29,0
DA:38,0
DA:40,0
DA:43,0
DA:44,0
DA:46,0
DA:51,0
DA:52,0
DA:53,0
DA:57,0
DA:63,0
DA:64,0
DA:69,0
DA:70,0
DA:74,0
DA:75,0
DA:82,0
DA:83,0
DA:89,0
DA:95,0
DA:96,0
DA:109,0
DA:112,0
DA:113,0
DA:116,0
DA:117,0
DA:124,0
DA:128,0
DA:130,0
DA:133,0
DA:136,0
DA:137,0
DA:141,0
DA:148,0
DA:149,0
DA:150,0
DA:161,0
DA:162,0
DA:163,0
DA:170,0
DA:172,0
DA:173,0
DA:174,0
DA:177,0
DA:178,0
DA:179,0
DA:182,0
DA:183,0
DA:184,0
DA:187,0
DA:188,0
DA:189,0
DA:193,0
DA:194,0
DA:195,0
DA:198,0
DA:203,0
DA:204,0
DA:205,0
DA:210,0
DA:211,0
DA:212,0
DA:217,0
DA:218,0
DA:222,0
DA:223,0
DA:227,0
DA:228,0
DA:229,0
DA:234,0
DA:235,0
DA:236,0
DA:237,0
DA:238,0
DA:239,0
DA:241,0
DA:244,0
DA:252,0
DA:254,0
DA:255,0
DA:263,0
DA:270,0
DA:271,0
DA:272,0
DA:280,0
DA:282,0
DA:286,0
DA:287,0
DA:294,0
DA:314,0
DA:315,0
DA:330,0
DA:348,0
DA:351,0
DA:352,0
DA:353,0
DA:354,0
DA:360,0
DA:361,0
DA:368,0
DA:370,0
DA:371,0
DA:374,0
DA:375,0
DA:383,0
DA:388,0
DA:389,0
DA:393,0
DA:394,0
DA:395,0
DA:396,0
DA:397,0
DA:408,0
DA:409,0
DA:416,0
DA:423,0
DA:430,0
DA:431,0
DA:438,0
DA:439,0
DA:441,0
DA:442,0
LF:122
LH:0
BRDA:31,0,0,0
BRDA:34,1,0,0
BRDA:35,2,0,0
BRDA:36,3,0,0
BRDA:37,4,0,0
BRDA:43,5,0,0
BRDA:43,5,1,0
BRDA:43,6,0,0
BRDA:43,6,1,0
BRDA:44,7,0,0
BRDA:44,7,1,0
BRDA:44,8,0,0
BRDA:44,8,1,0
BRDA:51,9,0,0
BRDA:52,10,0,0
BRDA:52,10,1,0
BRDA:53,11,0,0
BRDA:53,11,1,0
BRDA:63,12,0,0
BRDA:69,13,0,0
BRDA:69,14,0,0
BRDA:69,14,1,0
BRDA:74,15,0,0
BRDA:82,16,0,0
BRDA:109,17,0,0
BRDA:109,17,1,0
BRDA:112,18,0,0
BRDA:112,18,1,0
BRDA:128,19,0,0
BRDA:128,19,1,0
BRDA:128,19,2,0
BRDA:128,19,3,0
BRDA:130,20,0,0
BRDA:130,20,1,0
BRDA:133,21,0,0
BRDA:133,21,1,0
BRDA:133,22,0,0
BRDA:133,22,1,0
BRDA:136,23,0,0
BRDA:136,23,1,0
BRDA:136,24,0,0
BRDA:136,24,1,0
BRDA:156,25,0,0
BRDA:170,26,0,0
BRDA:170,26,1,0
BRDA:170,26,2,0
BRDA:170,26,3,0
BRDA:170,26,4,0
BRDA:170,26,5,0
BRDA:170,26,6,0
BRDA:203,27,0,0
BRDA:210,28,0,0
BRDA:228,29,0,0
BRDA:228,30,0,0
BRDA:228,30,1,0
BRDA:235,31,0,0
BRDA:235,32,0,0
BRDA:235,32,1,0
BRDA:239,33,0,0
BRDA:239,33,1,0
BRDA:254,34,0,0
BRDA:270,35,0,0
BRDA:270,36,0,0
BRDA:270,36,1,0
BRDA:294,37,0,0
BRDA:294,37,1,0
BRDA:294,37,2,0
BRDA:314,38,0,0
BRDA:353,39,0,0
BRDA:368,40,0,0
BRDA:438,41,0,0
BRDA:441,42,0,0
BRF:72
BRH:0
end_of_record
TN:
SF:lib\chart-performance.ts
FN:33,(anonymous_7)
FN:39,(anonymous_8)
FN:59,(anonymous_9)
FN:71,(anonymous_10)
FN:73,(anonymous_11)
FN:78,(anonymous_12)
FN:85,(anonymous_13)
FN:92,(anonymous_14)
FN:96,(anonymous_15)
FN:103,(anonymous_16)
FN:117,(anonymous_18)
FN:134,(anonymous_19)
FN:147,(anonymous_20)
FN:158,(anonymous_21)
FN:191,(anonymous_22)
FN:198,(anonymous_23)
FN:209,useResizeObserver
FN:222,(anonymous_25)
FN:228,(anonymous_26)
FN:240,(anonymous_27)
FN:259,debounce
FN:265,(anonymous_29)
FN:270,(anonymous_30)
FN:283,(anonymous_31)
FN:290,(anonymous_32)
FN:304,(anonymous_33)
FN:324,(anonymous_34)
FN:331,(anonymous_35)
FNF:28
FNH:0
FNDA:0,(anonymous_7)
FNDA:0,(anonymous_8)
FNDA:0,(anonymous_9)
FNDA:0,(anonymous_10)
FNDA:0,(anonymous_11)
FNDA:0,(anonymous_12)
FNDA:0,(anonymous_13)
FNDA:0,(anonymous_14)
FNDA:0,(anonymous_15)
FNDA:0,(anonymous_16)
FNDA:0,(anonymous_18)
FNDA:0,(anonymous_19)
FNDA:0,(anonymous_20)
FNDA:0,(anonymous_21)
FNDA:0,(anonymous_22)
FNDA:0,(anonymous_23)
FNDA:0,useResizeObserver
FNDA:0,(anonymous_25)
FNDA:0,(anonymous_26)
FNDA:0,(anonymous_27)
FNDA:0,debounce
FNDA:0,(anonymous_29)
FNDA:0,(anonymous_30)
FNDA:0,(anonymous_31)
FNDA:0,(anonymous_32)
FNDA:0,(anonymous_33)
FNDA:0,(anonymous_34)
FNDA:0,(anonymous_35)
DA:26,0
DA:27,0
DA:28,0
DA:37,0
DA:39,0
DA:40,0
DA:41,0
DA:43,0
DA:51,0
DA:52,0
DA:60,0
DA:63,0
DA:64,0
DA:72,0
DA:73,0
DA:76,0
DA:78,0
DA:79,0
DA:86,0
DA:93,0
DA:94,0
DA:96,0
DA:97,0
DA:104,0
DA:111,0
DA:112,0
DA:113,0
DA:118,0
DA:121,0
DA:128,0
DA:131,0
DA:135,0
DA:136,0
DA:138,0
DA:139,0
DA:142,0
DA:143,0
DA:147,0
DA:149,0
DA:150,0
DA:159,0
DA:160,0
DA:161,0
DA:164,0
DA:166,0
DA:167,0
DA:170,0
DA:171,0
DA:173,0
DA:179,0
DA:180,0
DA:183,0
DA:184,0
DA:192,0
DA:199,0
DA:200,0
DA:201,0
DA:209,0
DA:214,0
DA:215,0
DA:216,0
DA:219,0
DA:222,0
DA:228,0
DA:229,0
DA:230,0
DA:233,0
DA:234,0
DA:237,0
DA:238,0
DA:240,0
DA:241,0
DA:242,0
DA:243,0
DA:246,0
DA:247,0
DA:248,0
DA:253,0
DA:259,0
DA:263,0
DA:265,0
DA:266,0
DA:267,0
DA:270,0
DA:271,0
DA:279,0
DA:280,0
DA:284,0
DA:291,0
DA:293,0
DA:294,0
DA:297,0
DA:298,0
DA:310,0
DA:312,0
DA:313,0
DA:315,0
DA:318,0
DA:325,0
DA:332,0
DA:337,0
LF:101
LH:0
BRDA:63,0,0,0
BRDA:72,1,0,0
BRDA:72,1,1,0
BRDA:76,2,0,0
BRDA:85,3,0,0
BRDA:92,4,0,0
BRDA:92,5,0,0
BRDA:94,6,0,0
BRDA:119,7,0,0
BRDA:136,8,0,0
BRDA:142,9,0,0
BRDA:149,10,0,0
BRDA:159,11,0,0
BRDA:171,12,0,0
BRDA:171,12,1,0
BRDA:171,13,0,0
BRDA:171,13,1,0
BRDA:179,14,0,0
BRDA:199,15,0,0
BRDA:212,16,0,0
BRDA:230,17,0,0
BRDA:241,18,0,0
BRDA:246,19,0,0
BRDA:266,20,0,0
BRDA:293,21,0,0
BRF:25
BRH:0
end_of_record
TN:
SF:lib\chart-responsive.ts
FN:72,detectDeviceType
FN:89,calculateDynamicPadding
FN:115,calculatePaddingWithLabelProtection
FN:160,getMinimumPadding
FN:195,validatePadding
FN:220,calculateAdaptivePadding
FN:291,getOptimalFontSize
FN:309,calculateResponsiveFontSize
FN:359,constrainFontSize
FN:372,calculateFontScalingFactor
FN:399,getElementFontSize
FN:436,isValidFontSize
FN:463,getTimeframeConfig
FN:474,calculateResponsiveMetrics
FN:499,isValidScreenWidth
FNF:15
FNH:0
FNDA:0,detectDeviceType
FNDA:0,calculateDynamicPadding
FNDA:0,calculatePaddingWithLabelProtection
FNDA:0,getMinimumPadding
FNDA:0,validatePadding
FNDA:0,calculateAdaptivePadding
FNDA:0,getOptimalFontSize
FNDA:0,calculateResponsiveFontSize
FNDA:0,constrainFontSize
FNDA:0,calculateFontScalingFactor
FNDA:0,getElementFontSize
FNDA:0,isValidFontSize
FNDA:0,getTimeframeConfig
FNDA:0,calculateResponsiveMetrics
FNDA:0,isValidScreenWidth
DA:16,0
DA:23,0
DA:72,0
DA:73,0
DA:74,0
DA:75,0
DA:76,0
DA:78,0
DA:89,0
DA:94,0
DA:97,0
DA:115,0
DA:123,0
DA:124,0
DA:127,0
DA:128,0
DA:129,0
DA:132,0
DA:133,0
DA:136,0
DA:137,0
DA:140,0
DA:141,0
DA:144,0
DA:151,0
DA:160,0
DA:164,0
DA:166,0
DA:169,0
DA:173,0
DA:177,0
DA:181,0
DA:184,0
DA:195,0
DA:201,0
DA:202,0
DA:204,0
DA:220,0
DA:236,0
DA:237,0
DA:246,0
DA:250,0
DA:251,0
DA:252,0
DA:256,0
DA:257,0
DA:258,0
DA:262,0
DA:263,0
DA:264,0
DA:265,0
DA:269,0
DA:275,0
DA:291,0
DA:292,0
DA:293,0
DA:294,0
DA:295,0
DA:298,0
DA:309,0
DA:316,0
DA:322,0
DA:325,0
DA:328,0
DA:330,0
DA:331,0
DA:332,0
DA:333,0
DA:335,0
DA:337,0
DA:338,0
DA:339,0
DA:340,0
DA:344,0
DA:345,0
DA:346,0
DA:347,0
DA:351,0
DA:359,0
DA:360,0
DA:372,0
DA:377,0
DA:380,0
DA:382,0
DA:383,0
DA:385,0
DA:388,0
DA:399,0
DA:405,0
DA:408,0
DA:411,0
DA:415,0
DA:419,0
DA:423,0
DA:426,0
DA:436,0
DA:437,0
DA:438,0
DA:442,0
DA:443,0
DA:447,0
DA:453,0
DA:454,0
DA:463,0
DA:464,0
DA:474,0
DA:479,0
DA:480,0
DA:481,0
DA:482,0
DA:484,0
DA:499,0
DA:500,0
LF:113
LH:0
BRDA:73,0,0,0
BRDA:73,0,1,0
BRDA:75,1,0,0
BRDA:75,1,1,0
BRDA:75,2,0,0
BRDA:75,2,1,0
BRDA:121,3,0,0
BRDA:129,4,0,0
BRDA:129,4,1,0
BRDA:166,5,0,0
BRDA:166,5,1,0
BRDA:166,5,2,0
BRDA:166,5,3,0
BRDA:166,5,4,0
BRDA:169,6,0,0
BRDA:169,6,1,0
BRDA:173,7,0,0
BRDA:173,7,1,0
BRDA:177,8,0,0
BRDA:177,8,1,0
BRDA:177,9,0,0
BRDA:177,9,1,0
BRDA:181,10,0,0
BRDA:181,10,1,0
BRDA:224,11,0,0
BRDA:236,12,0,0
BRDA:236,12,1,0
BRDA:236,13,0,0
BRDA:236,13,1,0
BRDA:250,14,0,0
BRDA:251,15,0,0
BRDA:251,15,1,0
BRDA:256,16,0,0
BRDA:257,17,0,0
BRDA:257,17,1,0
BRDA:262,18,0,0
BRDA:262,19,0,0
BRDA:262,19,1,0
BRDA:292,20,0,0
BRDA:313,21,0,0
BRDA:328,22,0,0
BRDA:328,22,1,0
BRDA:330,23,0,0
BRDA:330,23,1,0
BRDA:332,24,0,0
BRDA:335,25,0,0
BRDA:335,25,1,0
BRDA:337,26,0,0
BRDA:337,26,1,0
BRDA:339,27,0,0
BRDA:344,28,0,0
BRDA:344,28,1,0
BRDA:346,29,0,0
BRDA:380,30,0,0
BRDA:380,30,1,0
BRDA:383,31,0,0
BRDA:408,32,0,0
BRDA:408,32,1,0
BRDA:408,32,2,0
BRDA:408,32,3,0
BRDA:408,32,4,0
BRDA:437,33,0,0
BRDA:437,34,0,0
BRDA:437,34,1,0
BRDA:442,35,0,0
BRDA:442,36,0,0
BRDA:442,36,1,0
BRDA:454,37,0,0
BRDA:454,37,1,0
BRDA:500,38,0,0
BRDA:500,38,1,0
BRDA:500,38,2,0
BRF:72
BRH:0
end_of_record
TN:
SF:lib\logger.ts
FN:10,normalizeLevel
FN:19,shouldLog
FN:23,emit
FN:48,getLogger
FN:52,(anonymous_7)
FN:53,(anonymous_8)
FN:54,(anonymous_9)
FN:55,(anonymous_10)
FN:56,(anonymous_11)
FNF:9
FNH:0
FNDA:0,normalizeLevel
FNDA:0,shouldLog
FNDA:0,emit
FNDA:0,getLogger
FNDA:0,(anonymous_7)
FNDA:0,(anonymous_8)
FNDA:0,(anonymous_9)
FNDA:0,(anonymous_10)
FNDA:0,(anonymous_11)
DA:3,0
DA:11,0
DA:12,0
DA:17,0
DA:20,0
DA:24,0
DA:30,0
DA:31,0
DA:32,0
DA:33,0
DA:34,0
DA:36,0
DA:48,0
DA:49,0
DA:51,0
DA:52,0
DA:53,0
DA:54,0
DA:55,0
DA:56,0
DA:60,0
LF:21
LH:0
BRDA:11,0,0,0
BRDA:11,0,1,0
BRDA:12,1,0,0
BRDA:12,1,1,0
BRDA:31,2,0,0
BRDA:31,2,1,0
BRDA:33,3,0,0
BRDA:33,3,1,0
BRDA:48,4,0,0
BRDA:52,5,0,0
BRDA:52,5,1,0
BRDA:53,6,0,0
BRDA:53,6,1,0
BRDA:54,7,0,0
BRDA:54,7,1,0
BRDA:55,8,0,0
BRDA:55,8,1,0
BRF:17
BRH:0
end_of_record
TN:
SF:lib\metrics.ts
FN:10,(anonymous_7)
FN:17,(anonymous_8)
FN:27,(anonymous_9)
FN:33,(anonymous_10)
FN:48,(anonymous_11)
FN:55,(anonymous_12)
FN:72,recordTwitterRateLimit
FN:76,recordTwitterApiError
FN:80,isRateLimitAlerting
FNF:9
FNH:8
FNDA:3,(anonymous_7)
FNDA:7,(anonymous_8)
FNDA:6,(anonymous_9)
FNDA:3,(anonymous_10)
FNDA:8,(anonymous_11)
FNDA:1,(anonymous_12)
FNDA:3,recordTwitterRateLimit
FNDA:0,recordTwitterApiError
FNDA:3,isRateLimitAlerting
DA:6,3
DA:7,3
DA:8,3
DA:11,3
DA:12,3
DA:13,2
DA:18,7
DA:19,7
DA:20,7
DA:21,7
DA:23,7
DA:24,9
DA:28,6
DA:29,2
DA:30,2
DA:34,3
DA:36,3
DA:37,3
DA:38,3
DA:40,3
DA:41,3
DA:46,3
DA:49,8
DA:50,3
DA:52,8
DA:56,1
DA:57,1
DA:58,1
DA:62,3
DA:65,3
DA:66,3
DA:69,3
DA:70,3
DA:72,1
DA:73,3
DA:76,0
DA:77,0
DA:80,1
DA:81,3
DA:82,3
DA:83,3
LF:41
LH:39
BRDA:12,0,0,2
BRDA:17,1,0,1
BRDA:18,2,0,2
BRDA:18,2,1,5
BRDA:19,3,0,7
BRDA:19,3,1,4
BRDA:28,4,0,4
BRDA:30,5,0,2
BRDA:30,5,1,0
BRDA:37,6,0,6
BRDA:37,6,1,5
BRDA:40,7,0,1
BRDA:49,8,0,3
BRDA:69,9,0,3
BRDA:69,9,1,2
BRDA:70,10,0,3
BRDA:70,10,1,2
BRDA:72,11,0,3
BRDA:76,12,0,0
BRF:19
BRH:17
end_of_record
TN:
SF:lib\okx-client.ts
FN:20,(anonymous_2)
FN:28,(anonymous_3)
FN:38,(anonymous_4)
FN:174,(anonymous_5)
FN:219,(anonymous_6)
FN:249,(anonymous_7)
FN:275,(anonymous_8)
FN:280,(anonymous_9)
FNF:8
FNH:0
FNDA:0,(anonymous_2)
FNDA:0,(anonymous_3)
FNDA:0,(anonymous_4)
FNDA:0,(anonymous_5)
FNDA:0,(anonymous_6)
FNDA:0,(anonymous_7)
FNDA:0,(anonymous_8)
FNDA:0,(anonymous_9)
DA:1,0
DA:9,0
DA:11,0
DA:13,0
DA:14,0
DA:15,0
DA:21,0
DA:34,0
DA:35,0
DA:41,0
DA:42,0
DA:44,0
DA:45,0
DA:46,0
DA:47,0
DA:49,0
DA:52,0
DA:53,0
DA:54,0
DA:55,0
DA:57,0
DA:66,0
DA:68,0
DA:69,0
DA:71,0
DA:74,0
DA:76,0
DA:77,0
DA:80,0
DA:82,0
DA:90,0
DA:97,0
DA:99,0
DA:100,0
DA:101,0
DA:104,0
DA:105,0
DA:106,0
DA:108,0
DA:109,0
DA:112,0
DA:124,0
DA:125,0
DA:126,0
DA:127,0
DA:128,0
DA:129,0
DA:130,0
DA:133,0
DA:137,0
DA:140,0
DA:141,0
DA:144,0
DA:148,0
DA:149,0
DA:152,0
DA:157,0
DA:158,0
DA:161,0
DA:164,0
DA:165,0
DA:167,0
DA:179,0
DA:180,0
DA:181,0
DA:182,0
DA:183,0
DA:184,0
DA:187,0
DA:190,0
DA:191,0
DA:194,0
DA:206,0
DA:207,0
DA:208,0
DA:210,0
DA:213,0
DA:215,0
DA:218,0
DA:219,0
DA:224,0
DA:226,0
DA:233,0
DA:240,0
DA:241,0
DA:242,0
DA:243,0
DA:244,0
DA:246,0
DA:247,0
DA:248,0
DA:249,0
DA:251,0
DA:263,0
DA:264,0
DA:265,0
DA:266,0
DA:267,0
DA:268,0
DA:269,0
DA:271,0
DA:272,0
DA:275,0
DA:279,0
DA:280,0
DA:285,0
DA:291,0
DA:293,0
DA:294,0
DA:296,0
LF:110
LH:0
BRDA:22,0,0,0
BRDA:22,0,1,0
BRDA:23,1,0,0
BRDA:23,1,1,0
BRDA:24,2,0,0
BRDA:24,2,1,0
BRDA:34,3,0,0
BRDA:34,3,1,0
BRDA:39,4,0,0
BRDA:44,5,0,0
BRDA:46,6,0,0
BRDA:46,7,0,0
BRDA:46,7,1,0
BRDA:66,8,0,0
BRDA:68,9,0,0
BRDA:76,10,0,0
BRDA:80,11,0,0
BRDA:105,12,0,0
BRDA:105,13,0,0
BRDA:105,13,1,0
BRDA:124,14,0,0
BRDA:124,14,1,0
BRDA:126,15,0,0
BRDA:126,15,1,0
BRDA:128,16,0,0
BRDA:128,16,1,0
BRDA:128,17,0,0
BRDA:128,17,1,0
BRDA:140,18,0,0
BRDA:148,19,0,0
BRDA:164,20,0,0
BRDA:175,21,0,0
BRDA:176,22,0,0
BRDA:187,23,0,0
BRDA:187,23,1,0
BRDA:187,24,0,0
BRDA:187,24,1,0
BRDA:190,25,0,0
BRDA:206,26,0,0
BRDA:207,27,0,0
BRDA:215,28,0,0
BRDA:224,29,0,0
BRDA:241,30,0,0
BRDA:247,31,0,0
BRDA:247,31,1,0
BRDA:247,32,0,0
BRDA:247,32,1,0
BRDA:263,33,0,0
BRDA:263,33,1,0
BRDA:264,34,0,0
BRDA:264,34,1,0
BRDA:266,35,0,0
BRDA:266,35,1,0
BRDA:267,36,0,0
BRDA:267,37,0,0
BRDA:267,37,1,0
BRDA:271,38,0,0
BRDA:279,39,0,0
BRDA:279,39,1,0
BRDA:293,40,0,0
BRF:60
BRH:0
end_of_record
TN:
SF:lib\price-formatter.ts
FN:30,(anonymous_6)
FN:35,(anonymous_7)
FN:41,(anonymous_8)
FN:92,(anonymous_9)
FN:123,(anonymous_10)
FN:160,(anonymous_11)
FN:218,(anonymous_12)
FN:262,(anonymous_13)
FN:280,(anonymous_14)
FN:285,(anonymous_15)
FN:290,(anonymous_16)
FNF:11
FNH:0
FNDA:0,(anonymous_6)
FNDA:0,(anonymous_7)
FNDA:0,(anonymous_8)
FNDA:0,(anonymous_9)
FNDA:0,(anonymous_10)
FNDA:0,(anonymous_11)
FNDA:0,(anonymous_12)
FNDA:0,(anonymous_13)
FNDA:0,(anonymous_14)
FNDA:0,(anonymous_15)
FNDA:0,(anonymous_16)
DA:21,0
DA:30,0
DA:31,0
DA:35,0
DA:36,0
DA:37,0
DA:41,0
DA:47,0
DA:48,0
DA:51,0
DA:53,0
DA:56,0
DA:57,0
DA:60,0
DA:62,0
DA:65,0
DA:66,0
DA:71,0
DA:73,0
DA:74,0
DA:76,0
DA:77,0
DA:79,0
DA:82,0
DA:86,0
DA:88,0
DA:92,0
DA:93,0
DA:96,0
DA:97,0
DA:98,0
DA:102,0
DA:103,0
DA:113,0
DA:114,0
DA:123,0
DA:124,0
DA:126,0
DA:132,0
DA:133,0
DA:134,0
DA:137,0
DA:138,0
DA:139,0
DA:143,0
DA:144,0
DA:156,0
DA:160,0
DA:166,0
DA:169,0
DA:176,0
DA:177,0
DA:181,0
DA:182,0
DA:191,0
DA:192,0
DA:193,0
DA:197,0
DA:198,0
DA:208,0
DA:209,0
DA:218,0
DA:222,0
DA:223,0
DA:226,0
DA:227,0
DA:235,0
DA:236,0
DA:245,0
DA:246,0
DA:250,0
DA:251,0
DA:252,0
DA:253,0
DA:258,0
DA:262,0
DA:268,0
DA:276,0
DA:280,0
DA:281,0
DA:285,0
DA:286,0
DA:290,0
DA:296,0
DA:297,0
DA:298,0
DA:302,0
LF:87
LH:0
BRDA:53,0,0,0
BRDA:62,1,0,0
BRDA:65,2,0,0
BRDA:65,2,1,0
BRDA:66,3,0,0
BRDA:66,3,1,0
BRDA:71,4,0,0
BRDA:71,4,1,0
BRDA:74,5,0,0
BRDA:74,5,1,0
BRDA:77,6,0,0
BRDA:77,6,1,0
BRDA:98,7,0,0
BRDA:98,7,1,0
BRDA:102,8,0,0
BRDA:133,9,0,0
BRDA:139,10,0,0
BRDA:139,10,1,0
BRDA:143,11,0,0
BRDA:177,12,0,0
BRDA:177,12,1,0
BRDA:181,13,0,0
BRDA:193,14,0,0
BRDA:193,14,1,0
BRDA:197,15,0,0
BRDA:226,16,0,0
BRDA:235,17,0,0
BRDA:235,18,0,0
BRDA:235,18,1,0
BRDA:245,19,0,0
BRDA:245,20,0,0
BRDA:245,20,1,0
BRDA:250,21,0,0
BRDA:250,22,0,0
BRDA:250,22,1,0
BRDA:252,23,0,0
BRDA:298,24,0,0
BRDA:298,24,1,0
BRF:38
BRH:0
end_of_record
TN:
SF:lib\rate-limiter.ts
FN:27,(anonymous_1)
FN:29,(anonymous_2)
FN:33,(anonymous_3)
FN:42,(anonymous_4)
FN:55,(anonymous_5)
FNF:5
FNH:0
FNDA:0,(anonymous_1)
FNDA:0,(anonymous_2)
FNDA:0,(anonymous_3)
FNDA:0,(anonymous_4)
FNDA:0,(anonymous_5)
DA:22,0
DA:27,0
DA:28,0
DA:29,0
DA:30,0
DA:34,0
DA:35,0
DA:36,0
DA:37,0
DA:38,0
DA:39,0
DA:43,0
DA:44,0
DA:45,0
DA:46,0
DA:49,0
DA:50,0
DA:51,0
DA:52,0
DA:57,0
DA:58,0
DA:59,0
DA:60,0
LF:23
LH:0
BRDA:29,0,0,0
BRDA:29,0,1,0
BRDA:36,1,0,0
BRDA:42,2,0,0
BRDA:44,3,0,0
BRDA:58,4,0,0
BRF:6
BRH:0
end_of_record
TN:
SF:lib\time-label-manager.ts
FN:39,calculateOptimalTimeLabels
FN:92,(anonymous_12)
FN:116,assignLabelPriority
FN:175,detectAndResolveCollisions
FN:182,(anonymous_15)
FN:198,resolveCollisionsWithPriority
FN:207,(anonymous_17)
FN:210,(anonymous_18)
FN:211,(anonymous_19)
FN:212,(anonymous_20)
FN:232,(anonymous_21)
FN:254,resolveHighPriorityCollisions
FN:260,(anonymous_23)
FN:303,findCompromisePosition
FN:333,createAdvancedFallbackLabels
FN:339,(anonymous_26)
FN:380,findClosestLabel
FN:381,(anonymous_28)
FN:393,createIntelligentDistribution
FN:398,(anonymous_30)
FN:434,applyFinalCollisionResolution
FN:438,(anonymous_32)
FN:465,resolveCollisionsSimple
FN:487,hasCollision
FN:492,(anonymous_35)
FN:503,hasAnyCollisions
FN:517,createKeyPointLabels
FN:520,(anonymous_38)
FN:526,(anonymous_39)
FN:534,(anonymous_40)
FN:536,(anonymous_41)
FN:548,intelligentLabelReduction
FN:560,(anonymous_43)
FN:561,(anonymous_44)
FN:562,(anonymous_45)
FN:587,(anonymous_46)
FN:596,formatTimeLabel
FN:641,estimateTextWidth
FN:654,calculateMinimumLabelDistance
FN:662,(anonymous_50)
FN:679,generateAdaptiveGridIntervals
FN:709,resolveCollisionsWithReadability
FN:747,hasReadabilityIssues
FN:766,(anonymous_54)
FN:782,optimizeForReadability
FN:787,(anonymous_56)
FN:797,(anonymous_57)
FN:801,(anonymous_58)
FN:806,(anonymous_59)
FN:808,(anonymous_60)
FN:822,validateCollisionResolution
FN:842,(anonymous_62)
FN:843,(anonymous_63)
FN:858,(anonymous_64)
FN:859,(anonymous_65)
FN:883,calculateTimeframeTransition
FNF:56
FNH:0
FNDA:0,calculateOptimalTimeLabels
FNDA:0,(anonymous_12)
FNDA:0,assignLabelPriority
FNDA:0,detectAndResolveCollisions
FNDA:0,(anonymous_15)
FNDA:0,resolveCollisionsWithPriority
FNDA:0,(anonymous_17)
FNDA:0,(anonymous_18)
FNDA:0,(anonymous_19)
FNDA:0,(anonymous_20)
FNDA:0,(anonymous_21)
FNDA:0,resolveHighPriorityCollisions
FNDA:0,(anonymous_23)
FNDA:0,findCompromisePosition
FNDA:0,createAdvancedFallbackLabels
FNDA:0,(anonymous_26)
FNDA:0,findClosestLabel
FNDA:0,(anonymous_28)
FNDA:0,createIntelligentDistribution
FNDA:0,(anonymous_30)
FNDA:0,applyFinalCollisionResolution
FNDA:0,(anonymous_32)
FNDA:0,resolveCollisionsSimple
FNDA:0,hasCollision
FNDA:0,(anonymous_35)
FNDA:0,hasAnyCollisions
FNDA:0,createKeyPointLabels
FNDA:0,(anonymous_38)
FNDA:0,(anonymous_39)
FNDA:0,(anonymous_40)
FNDA:0,(anonymous_41)
FNDA:0,intelligentLabelReduction
FNDA:0,(anonymous_43)
FNDA:0,(anonymous_44)
FNDA:0,(anonymous_45)
FNDA:0,(anonymous_46)
FNDA:0,formatTimeLabel
FNDA:0,estimateTextWidth
FNDA:0,calculateMinimumLabelDistance
FNDA:0,(anonymous_50)
FNDA:0,generateAdaptiveGridIntervals
FNDA:0,resolveCollisionsWithReadability
FNDA:0,hasReadabilityIssues
FNDA:0,(anonymous_54)
FNDA:0,optimizeForReadability
FNDA:0,(anonymous_56)
FNDA:0,(anonymous_57)
FNDA:0,(anonymous_58)
FNDA:0,(anonymous_59)
FNDA:0,(anonymous_60)
FNDA:0,validateCollisionResolution
FNDA:0,(anonymous_62)
FNDA:0,(anonymous_63)
FNDA:0,(anonymous_64)
FNDA:0,(anonymous_65)
FNDA:0,calculateTimeframeTransition
DA:7,0
DA:39,0
DA:48,0
DA:51,0
DA:52,0
DA:55,0
DA:58,0
DA:61,0
DA:69,0
DA:70,0
DA:71,0
DA:73,0
DA:80,0
DA:84,0
DA:92,0
DA:98,0
DA:105,0
DA:116,0
DA:122,0
DA:123,0
DA:126,0
DA:127,0
DA:131,0
DA:132,0
DA:133,0
DA:134,0
DA:138,0
DA:139,0
DA:140,0
DA:145,0
DA:146,0
DA:147,0
DA:148,0
DA:153,0
DA:154,0
DA:158,0
DA:159,0
DA:160,0
DA:161,0
DA:166,0
DA:175,0
DA:179,0
DA:182,0
DA:184,0
DA:185,0
DA:187,0
DA:203,0
DA:204,0
DA:207,0
DA:210,0
DA:211,0
DA:212,0
DA:215,0
DA:218,0
DA:219,0
DA:220,0
DA:225,0
DA:226,0
DA:227,0
DA:232,0
DA:235,0
DA:236,0
DA:238,0
DA:241,0
DA:245,0
DA:258,0
DA:260,0
DA:261,0
DA:263,0
DA:264,0
DA:265,0
DA:268,0
DA:269,0
DA:272,0
DA:280,0
DA:282,0
DA:291,0
DA:311,0
DA:314,0
DA:315,0
DA:319,0
DA:320,0
DA:321,0
DA:324,0
DA:337,0
DA:339,0
DA:340,0
DA:341,0
DA:342,0
DA:345,0
DA:346,0
DA:350,0
DA:352,0
DA:354,0
DA:358,0
DA:360,0
DA:361,0
DA:363,0
DA:370,0
DA:381,0
DA:382,0
DA:398,0
DA:399,0
DA:400,0
DA:401,0
DA:404,0
DA:405,0
DA:407,0
DA:412,0
DA:413,0
DA:414,0
DA:416,0
DA:423,0
DA:425,0
DA:438,0
DA:439,0
DA:441,0
DA:442,0
DA:443,0
DA:445,0
DA:447,0
DA:448,0
DA:456,0
DA:469,0
DA:471,0
DA:472,0
DA:473,0
DA:477,0
DA:492,0
DA:493,0
DA:504,0
DA:505,0
DA:506,0
DA:509,0
DA:517,0
DA:518,0
DA:520,0
DA:521,0
DA:522,0
DA:525,0
DA:526,0
DA:527,0
DA:530,0
DA:536,0
DA:555,0
DA:558,0
DA:560,0
DA:561,0
DA:562,0
DA:565,0
DA:567,0
DA:569,0
DA:574,0
DA:576,0
DA:581,0
DA:587,0
DA:597,0
DA:600,0
DA:601,0
DA:609,0
DA:610,0
DA:618,0
DA:619,0
DA:621,0
DA:622,0
DA:628,0
DA:641,0
DA:643,0
DA:644,0
DA:654,0
DA:659,0
DA:662,0
DA:663,0
DA:667,0
DA:668,0
DA:679,0
DA:685,0
DA:686,0
DA:688,0
DA:691,0
DA:693,0
DA:694,0
DA:695,0
DA:698,0
DA:709,0
DA:715,0
DA:718,0
DA:724,0
DA:730,0
DA:733,0
DA:734,0
DA:737,0
DA:752,0
DA:755,0
DA:756,0
DA:757,0
DA:761,0
DA:762,0
DA:766,0
DA:767,0
DA:768,0
DA:769,0
DA:772,0
DA:787,0
DA:790,0
DA:792,0
DA:793,0
DA:797,0
DA:799,0
DA:801,0
DA:802,0
DA:804,0
DA:806,0
DA:808,0
DA:812,0
DA:822,0
DA:833,0
DA:836,0
DA:837,0
DA:838,0
DA:842,0
DA:843,0
DA:844,0
DA:846,0
DA:847,0
DA:851,0
DA:853,0
DA:854,0
DA:858,0
DA:859,0
DA:860,0
DA:863,0
DA:864,0
DA:867,0
DA:883,0
DA:894,0
DA:895,0
DA:898,0
DA:899,0
DA:902,0
DA:903,0
DA:906,0
DA:907,0
DA:910,0
DA:912,0
LF:245
LH:0
BRDA:46,0,0,0
BRDA:47,1,0,0
BRDA:126,2,0,0
BRDA:126,3,0,0
BRDA:126,3,1,0
BRDA:133,4,0,0
BRDA:138,5,0,0
BRDA:138,6,0,0
BRDA:138,6,1,0
BRDA:139,7,0,0
BRDA:145,8,0,0
BRDA:145,9,0,0
BRDA:145,9,1,0
BRDA:147,10,0,0
BRDA:153,11,0,0
BRDA:153,12,0,0
BRDA:153,12,1,0
BRDA:158,13,0,0
BRDA:158,14,0,0
BRDA:158,14,1,0
BRDA:160,15,0,0
BRDA:160,16,0,0
BRDA:160,16,1,0
BRDA:179,17,0,0
BRDA:179,18,0,0
BRDA:184,19,0,0
BRDA:184,19,1,0
BRDA:203,20,0,0
BRDA:204,21,0,0
BRDA:219,22,0,0
BRDA:226,23,0,0
BRDA:235,24,0,0
BRDA:236,25,0,0
BRDA:236,25,1,0
BRDA:258,26,0,0
BRDA:268,27,0,0
BRDA:268,27,1,0
BRDA:280,28,0,0
BRDA:314,29,0,0
BRDA:320,30,0,0
BRDA:337,31,0,0
BRDA:345,32,0,0
BRDA:352,33,0,0
BRDA:352,33,1,0
BRDA:358,34,0,0
BRDA:358,34,1,0
BRDA:382,35,0,0
BRDA:382,35,1,0
BRDA:442,36,0,0
BRDA:442,36,1,0
BRDA:447,37,0,0
BRDA:447,37,1,0
BRDA:472,38,0,0
BRDA:505,39,0,0
BRDA:518,40,0,0
BRDA:527,41,0,0
BRDA:527,41,1,0
BRDA:558,42,0,0
BRDA:567,43,0,0
BRDA:567,43,1,0
BRDA:600,44,0,0
BRDA:600,45,0,0
BRDA:600,45,1,0
BRDA:609,46,0,0
BRDA:621,47,0,0
BRDA:621,47,1,0
BRDA:657,48,0,0
BRDA:659,49,0,0
BRDA:663,50,0,0
BRDA:663,50,1,0
BRDA:715,51,0,0
BRDA:733,52,0,0
BRDA:752,53,0,0
BRDA:756,54,0,0
BRDA:761,55,0,0
BRDA:768,56,0,0
BRDA:768,57,0,0
BRDA:768,57,1,0
BRDA:792,58,0,0
BRDA:799,59,0,0
BRDA:837,60,0,0
BRDA:846,61,0,0
BRDA:851,62,0,0
BRDA:851,62,1,0
BRDA:853,63,0,0
BRDA:853,64,0,0
BRDA:853,64,1,0
BRDA:863,65,0,0
BRDA:902,66,0,0
BRDA:902,66,1,0
BRDA:902,67,0,0
BRDA:902,67,1,0
BRDA:906,68,0,0
BRDA:906,68,1,0
BRDA:910,69,0,0
BRDA:910,69,1,0
BRF:96
BRH:0
end_of_record
TN:
SF:lib\twitter-client.ts
FN:56,(anonymous_3)
FN:81,(anonymous_4)
FN:98,(anonymous_5)
FN:117,(anonymous_6)
FNF:4
FNH:0
FNDA:0,(anonymous_3)
FNDA:0,(anonymous_4)
FNDA:0,(anonymous_5)
FNDA:0,(anonymous_6)
DA:51,0
DA:62,0
DA:63,0
DA:64,0
DA:65,0
DA:66,0
DA:76,0
DA:82,0
DA:83,0
DA:84,0
DA:89,0
DA:90,0
DA:91,0
DA:101,0
DA:106,0
DA:116,0
DA:117,0
DA:118,0
DA:120,0
DA:122,0
DA:131,0
DA:133,0
DA:134,0
DA:138,0
DA:139,0
DA:147,0
LF:26
LH:0
BRDA:81,0,0,0
BRDA:82,1,0,0
BRDA:82,1,1,0
BRDA:83,2,0,0
BRDA:89,3,0,0
BRDA:89,3,1,0
BRDA:91,4,0,0
BRDA:91,4,1,0
BRDA:109,5,0,0
BRDA:109,5,1,0
BRDA:110,6,0,0
BRDA:110,6,1,0
BRDA:112,7,0,0
BRDA:112,7,1,0
BRDA:113,8,0,0
BRDA:113,8,1,0
BRDA:131,9,0,0
BRF:17
BRH:0
end_of_record
TN:
SF:lib\twitter-service.ts
FN:41,(anonymous_1)
FN:51,(anonymous_2)
FNF:2
FNH:0
FNDA:0,(anonymous_1)
FNDA:0,(anonymous_2)
DA:1,0
DA:28,0
DA:37,0
DA:38,0
DA:39,0
DA:42,0
DA:43,0
DA:44,0
DA:45,0
DA:46,0
DA:47,0
DA:54,0
DA:55,0
DA:56,0
DA:67,0
DA:68,0
DA:69,0
DA:70,0
DA:71,0
DA:78,0
DA:81,0
DA:82,0
DA:89,0
DA:90,0
DA:92,0
DA:98,0
DA:99,0
DA:108,0
DA:109,0
DA:110,0
DA:111,0
DA:116,0
DA:117,0
DA:118,0
DA:119,0
DA:121,0
DA:129,0
DA:131,0
DA:132,0
DA:134,0
DA:135,0
DA:136,0
DA:137,0
DA:138,0
DA:141,0
DA:142,0
DA:152,0
DA:156,0
DA:157,0
DA:167,0
DA:171,0
DA:175,0
DA:176,0
DA:184,0
LF:54
LH:0
BRDA:45,0,0,0
BRDA:45,0,1,0
BRDA:46,1,0,0
BRDA:46,1,1,0
BRDA:47,2,0,0
BRDA:47,2,1,0
BRDA:55,3,0,0
BRDA:55,4,0,0
BRDA:55,4,1,0
BRDA:68,5,0,0
BRDA:70,6,0,0
BRDA:78,7,0,0
BRDA:78,7,1,0
BRDA:81,8,0,0
BRDA:87,9,0,0
BRDA:87,9,1,0
BRDA:90,10,0,0
BRDA:90,10,1,0
BRDA:108,11,0,0
BRDA:108,12,0,0
BRDA:108,12,1,0
BRDA:108,12,2,0
BRDA:110,13,0,0
BRDA:110,14,0,0
BRDA:110,14,1,0
BRDA:129,15,0,0
BRDA:131,16,0,0
BRDA:131,16,1,0
BRDA:132,17,0,0
BRDA:132,17,1,0
BRDA:134,18,0,0
BRDA:134,18,1,0
BRDA:135,19,0,0
BRDA:135,19,1,0
BRDA:135,20,0,0
BRDA:135,20,1,0
BRDA:137,21,0,0
BRDA:137,22,0,0
BRDA:137,22,1,0
BRDA:141,23,0,0
BRDA:147,24,0,0
BRDA:147,24,1,0
BRDA:152,25,0,0
BRDA:152,25,1,0
BRDA:156,26,0,0
BRDA:162,27,0,0
BRDA:162,27,1,0
BRDA:165,28,0,0
BRDA:165,28,1,0
BRDA:167,29,0,0
BRDA:167,29,1,0
BRDA:175,30,0,0
BRF:52
BRH:0
end_of_record
TN:
SF:lib\utils.ts
FN:4,cn
FNF:1
FNH:0
FNDA:0,cn
DA:1,0
DA:2,0
DA:4,0
DA:5,0
LF:4
LH:0
BRF:0
BRH:0
end_of_record
