TN:
SF:eslint.config.js
FNF:0
FNH:0
DA:1,0
DA:2,0
DA:3,0
DA:4,0
DA:5,0
DA:6,0
DA:7,0
DA:8,0
DA:9,0
DA:11,0
LF:10
LH:0
BRDA:54,0,0,0
BRDA:54,0,1,0
BRF:2
BRH:0
end_of_record
TN:
SF:jest.config.js
FNF:0
FNH:0
DA:1,0
DA:3,0
DA:9,0
DA:34,0
LF:4
LH:0
BRF:0
BRH:0
end_of_record
TN:
SF:playwright.config.ts
FNF:0
FNH:0
DA:1,0
DA:3,0
LF:2
LH:0
BRDA:7,0,0,0
BRDA:7,0,1,0
BRDA:8,1,0,0
BRDA:8,1,1,0
BRF:4
BRH:0
end_of_record
TN:
SF:tailwind.config.ts
FNF:0
FNH:0
DA:2,0
DA:4,0
DA:97,0
LF:3
LH:0
BRF:0
BRH:0
end_of_record
TN:
SF:app\layout.tsx
FN:17,RootLayout
FNF:1
FNH:1
FNDA:4,RootLayout
DA:2,1
DA:3,1
DA:4,1
DA:5,1
DA:6,1
DA:7,1
DA:9,1
DA:11,2
DA:17,4
LF:9
LH:9
BRF:0
BRH:0
end_of_record
TN:
SF:app\page.tsx
FN:8,Dashboard
FNF:1
FNH:0
FNDA:0,Dashboard
DA:1,0
DA:2,0
DA:3,0
DA:4,0
DA:5,0
DA:6,0
DA:8,0
LF:7
LH:0
BRF:0
BRH:0
end_of_record
TN:
SF:app\api\twitter-news\route.ts
FN:17,shouldFetchNewTweets
FN:26,GET
FNF:2
FNH:0
FNDA:0,shouldFetchNewTweets
FNDA:0,GET
DA:1,0
DA:7,0
DA:10,0
DA:13,0
DA:14,0
DA:18,0
DA:19,0
DA:22,0
DA:23,0
DA:26,0
DA:27,0
DA:28,0
DA:31,0
DA:32,0
DA:35,0
DA:36,0
DA:44,0
DA:51,0
DA:52,0
DA:56,0
DA:57,0
DA:58,0
DA:62,0
DA:64,0
DA:65,0
DA:66,0
DA:72,0
DA:75,0
DA:84,0
DA:87,0
DA:95,0
DA:96,0
DA:97,0
DA:100,0
DA:102,0
DA:105,0
DA:109,0
DA:110,0
DA:113,0
DA:114,0
DA:115,0
DA:116,0
DA:117,0
DA:118,0
DA:119,0
DA:122,0
DA:125,0
DA:129,0
DA:130,0
DA:131,0
DA:139,0
DA:150,0
DA:153,0
DA:159,0
DA:161,0
DA:163,0
DA:166,0
DA:168,0
DA:171,0
DA:172,0
DA:173,0
DA:180,0
LF:62
LH:0
BRDA:19,0,0,0
BRDA:19,0,1,0
BRDA:22,1,0,0
BRDA:31,2,0,0
BRDA:31,3,0,0
BRDA:31,3,1,0
BRDA:35,4,0,0
BRDA:51,5,0,0
BRDA:51,6,0,0
BRDA:51,6,1,0
BRDA:56,7,0,0
BRDA:56,8,0,0
BRDA:56,8,1,0
BRDA:64,9,0,0
BRDA:95,10,0,0
BRDA:109,11,0,0
BRDA:115,12,0,0
BRDA:115,12,1,0
BRDA:115,13,0,0
BRDA:115,13,1,0
BRDA:118,14,0,0
BRDA:118,14,1,0
BRDA:118,15,0,0
BRDA:118,15,1,0
BRDA:129,16,0,0
BRDA:129,17,0,0
BRDA:129,17,1,0
BRDA:143,18,0,0
BRDA:143,18,1,0
BRDA:161,19,0,0
BRDA:171,20,0,0
BRDA:183,21,0,0
BRDA:183,21,1,0
BRF:33
BRH:0
end_of_record
TN:
SF:components\footer.tsx
FN:5,Footer
FNF:1
FNH:1
FNDA:13,Footer
DA:1,2
DA:2,2
DA:3,2
DA:5,13
LF:4
LH:4
BRF:0
BRH:0
end_of_record
TN:
SF:components\header.tsx
FN:16,BellIcon
FN:34,Header
FNF:2
FNH:2
FNDA:8,BellIcon
FNDA:8,Header
DA:2,2
DA:3,2
DA:11,2
DA:12,2
DA:13,2
DA:34,8
LF:6
LH:6
BRF:0
BRH:0
end_of_record
TN:
SF:components\mobile-nav.tsx
FN:10,MobileNav
FN:26,(anonymous_6)
FN:34,(anonymous_7)
FN:50,(anonymous_8)
FN:57,(anonymous_9)
FN:64,(anonymous_10)
FN:82,MenuIcon
FN:101,CloseIcon
FNF:8
FNH:2
FNDA:4,MobileNav
FNDA:0,(anonymous_6)
FNDA:0,(anonymous_7)
FNDA:0,(anonymous_8)
FNDA:0,(anonymous_9)
FNDA:0,(anonymous_10)
FNDA:4,MenuIcon
FNDA:0,CloseIcon
DA:3,1
DA:4,1
DA:5,1
DA:6,1
DA:8,1
DA:10,4
DA:11,4
DA:26,0
DA:34,0
DA:50,0
DA:57,0
DA:64,0
LF:12
LH:7
BRF:0
BRH:0
end_of_record
TN:
SF:components\network-stats.tsx
FN:16,NetworkStats
FN:21,(anonymous_2)
FN:22,(anonymous_3)
FN:27,(anonymous_4)
FN:51,(anonymous_5)
FN:54,(anonymous_6)
FNF:6
FNH:0
FNDA:0,NetworkStats
FNDA:0,(anonymous_2)
FNDA:0,(anonymous_3)
FNDA:0,(anonymous_4)
FNDA:0,(anonymous_5)
FNDA:0,(anonymous_6)
DA:3,0
DA:4,0
DA:5,0
DA:16,0
DA:17,0
DA:18,0
DA:21,0
DA:22,0
DA:23,0
DA:25,0
DA:27,0
DA:30,0
DA:38,0
DA:40,0
DA:42,0
DA:46,0
DA:49,0
DA:51,0
DA:54,0
DA:55,0
LF:20
LH:0
BRDA:55,0,0,0
BRDA:55,0,1,0
BRDA:57,1,0,0
BRDA:57,1,1,0
BRDA:69,2,0,0
BRDA:68,3,0,0
BRDA:68,3,1,0
BRF:7
BRH:0
end_of_record
TN:
SF:components\news-feed.tsx
FN:39,NewsFeed
FN:49,(anonymous_2)
FN:78,(anonymous_3)
FN:79,(anonymous_4)
FN:93,(anonymous_5)
FN:247,(anonymous_6)
FN:255,(anonymous_7)
FN:263,(anonymous_8)
FN:269,(anonymous_9)
FN:305,(anonymous_10)
FN:312,(anonymous_11)
FN:316,(anonymous_12)
FN:327,(anonymous_13)
FN:329,(anonymous_14)
FN:420,(anonymous_15)
FN:436,(anonymous_16)
FNF:16
FNH:0
FNDA:0,NewsFeed
FNDA:0,(anonymous_2)
FNDA:0,(anonymous_3)
FNDA:0,(anonymous_4)
FNDA:0,(anonymous_5)
FNDA:0,(anonymous_6)
FNDA:0,(anonymous_7)
FNDA:0,(anonymous_8)
FNDA:0,(anonymous_9)
FNDA:0,(anonymous_10)
FNDA:0,(anonymous_11)
FNDA:0,(anonymous_12)
FNDA:0,(anonymous_13)
FNDA:0,(anonymous_14)
FNDA:0,(anonymous_15)
FNDA:0,(anonymous_16)
DA:3,0
DA:4,0
DA:5,0
DA:6,0
DA:7,0
DA:8,0
DA:9,0
DA:33,0
DA:36,0
DA:37,0
DA:39,0
DA:40,0
DA:41,0
DA:42,0
DA:43,0
DA:44,0
DA:45,0
DA:46,0
DA:49,0
DA:50,0
DA:52,0
DA:53,0
DA:54,0
DA:55,0
DA:57,0
DA:58,0
DA:59,0
DA:60,0
DA:64,0
DA:69,0
DA:70,0
DA:71,0
DA:72,0
DA:73,0
DA:76,0
DA:77,0
DA:78,0
DA:79,0
DA:80,0
DA:82,0
DA:84,0
DA:88,0
DA:93,0
DA:94,0
DA:95,0
DA:97,0
DA:98,0
DA:102,0
DA:155,0
DA:157,0
DA:158,0
DA:159,0
DA:166,0
DA:168,0
DA:169,0
DA:170,0
DA:171,0
DA:173,0
DA:174,0
DA:181,0
DA:183,0
DA:187,0
DA:188,0
DA:191,0
DA:195,0
DA:200,0
DA:201,0
DA:204,0
DA:205,0
DA:206,0
DA:207,0
DA:208,0
DA:210,0
DA:213,0
DA:215,0
DA:217,0
DA:225,0
DA:226,0
DA:228,0
DA:229,0
DA:232,0
DA:234,0
DA:239,0
DA:240,0
DA:247,0
DA:249,0
DA:250,0
DA:251,0
DA:255,0
DA:256,0
DA:258,0
DA:259,0
DA:263,0
DA:264,0
DA:265,0
DA:269,0
DA:270,0
DA:271,0
DA:274,0
DA:277,0
DA:280,0
DA:301,0
DA:305,0
DA:306,0
DA:309,0
DA:312,0
DA:316,0
DA:317,0
DA:319,0
DA:320,0
DA:321,0
DA:322,0
DA:327,0
DA:329,0
DA:330,0
DA:331,0
DA:332,0
DA:333,0
DA:334,0
DA:335,0
DA:337,0
DA:338,0
DA:339,0
DA:340,0
DA:341,0
DA:342,0
DA:344,0
DA:421,0
DA:437,0
LF:129
LH:0
BRDA:53,0,0,0
BRDA:57,1,0,0
BRDA:57,1,1,0
BRDA:70,2,0,0
BRDA:76,3,0,0
BRDA:76,3,1,0
BRDA:97,4,0,0
BRDA:97,5,0,0
BRDA:97,5,1,0
BRDA:157,6,0,0
BRDA:166,7,0,0
BRDA:166,7,1,0
BRDA:181,8,0,0
BRDA:181,8,1,0
BRDA:183,9,0,0
BRDA:183,9,1,0
BRDA:183,10,0,0
BRDA:183,10,1,0
BRDA:183,10,2,0
BRDA:184,11,0,0
BRDA:184,11,1,0
BRDA:185,12,0,0
BRDA:185,12,1,0
BRDA:187,13,0,0
BRDA:187,13,1,0
BRDA:191,14,0,0
BRDA:191,14,1,0
BRDA:215,15,0,0
BRDA:215,15,1,0
BRDA:215,16,0,0
BRDA:215,16,1,0
BRDA:228,17,0,0
BRDA:241,18,0,0
BRDA:241,18,1,0
BRDA:258,19,0,0
BRDA:258,20,0,0
BRDA:258,20,1,0
BRDA:271,21,0,0
BRDA:317,22,0,0
BRDA:327,23,0,0
BRDA:327,23,1,0
BRDA:337,24,0,0
BRDA:337,24,1,0
BRDA:338,25,0,0
BRDA:338,25,1,0
BRDA:339,26,0,0
BRDA:339,26,1,0
BRDA:340,27,0,0
BRDA:340,27,1,0
BRDA:341,28,0,0
BRDA:341,28,1,0
BRDA:342,29,0,0
BRDA:342,29,1,0
BRDA:381,30,0,0
BRDA:381,30,1,0
BRDA:384,31,0,0
BRDA:391,32,0,0
BRDA:391,32,1,0
BRDA:397,33,0,0
BRDA:404,34,0,0
BRDA:411,35,0,0
BRDA:411,35,1,0
BRDA:419,36,0,0
BRDA:436,37,0,0
BRDA:439,38,0,0
BRDA:442,39,0,0
BRDA:442,39,1,0
BRDA:451,40,0,0
BRDA:468,41,0,0
BRDA:468,41,1,0
BRDA:470,42,0,0
BRDA:473,43,0,0
BRDA:482,44,0,0
BRDA:481,45,0,0
BRDA:481,45,1,0
BRDA:484,46,0,0
BRDA:484,46,1,0
BRF:77
BRH:0
end_of_record
TN:
SF:components\pi-calculator.tsx
FN:22,(anonymous_1)
FN:29,PiCalculator
FN:37,(anonymous_3)
FN:38,(anonymous_4)
FN:66,(anonymous_5)
FN:85,(anonymous_6)
FN:115,(anonymous_7)
FN:120,(anonymous_8)
FNF:8
FNH:0
FNDA:0,(anonymous_1)
FNDA:0,PiCalculator
FNDA:0,(anonymous_3)
FNDA:0,(anonymous_4)
FNDA:0,(anonymous_5)
FNDA:0,(anonymous_6)
FNDA:0,(anonymous_7)
FNDA:0,(anonymous_8)
DA:5,0
DA:6,0
DA:7,0
DA:8,0
DA:9,0
DA:10,0
DA:11,0
DA:13,0
DA:22,0
DA:23,0
DA:29,0
DA:30,0
DA:31,0
DA:32,0
DA:33,0
DA:34,0
DA:37,0
DA:38,0
DA:39,0
DA:40,0
DA:42,0
DA:44,0
DA:46,0
DA:47,0
DA:49,0
DA:51,0
DA:54,0
DA:55,0
DA:56,0
DA:58,0
DA:62,0
DA:66,0
DA:67,0
DA:69,0
DA:70,0
DA:73,0
DA:74,0
DA:75,0
DA:76,0
DA:77,0
DA:78,0
DA:80,0
DA:85,0
DA:86,0
DA:88,0
DA:89,0
DA:94,0
DA:116,0
DA:120,0
LF:49
LH:0
BRDA:46,0,0,0
BRDA:46,0,1,0
BRDA:67,1,0,0
BRDA:69,2,0,0
BRDA:69,2,1,0
BRDA:73,3,0,0
BRDA:73,3,1,0
BRDA:75,4,0,0
BRDA:75,4,1,0
BRDA:77,5,0,0
BRDA:77,5,1,0
BRDA:88,6,0,0
BRDA:88,7,0,0
BRDA:88,7,1,0
BRDA:132,8,0,0
BRDA:140,9,0,0
BRF:16
BRH:0
end_of_record
TN:
SF:components\price-prediction.tsx
FN:62,PricePrediction
FN:99,(anonymous_2)
FN:100,(anonymous_3)
FN:117,(anonymous_4)
FN:138,(anonymous_5)
FN:163,(anonymous_6)
FN:166,(anonymous_7)
FN:333,(anonymous_8)
FN:371,(anonymous_9)
FN:375,(anonymous_10)
FN:436,(anonymous_11)
FN:444,(anonymous_12)
FN:448,(anonymous_13)
FN:468,(anonymous_14)
FN:514,(anonymous_15)
FN:515,(anonymous_16)
FN:529,(anonymous_17)
FN:530,(anonymous_18)
FN:547,(anonymous_19)
FN:550,(anonymous_20)
FN:569,(anonymous_21)
FN:573,(anonymous_22)
FN:602,(anonymous_23)
FN:648,(anonymous_24)
FN:664,(anonymous_25)
FN:747,(anonymous_26)
FN:788,(anonymous_27)
FN:799,(anonymous_28)
FN:803,(anonymous_29)
FN:819,(anonymous_30)
FN:847,(anonymous_31)
FN:851,(anonymous_32)
FN:858,(anonymous_33)
FN:866,(anonymous_34)
FN:871,(anonymous_35)
FN:877,(anonymous_36)
FN:878,(anonymous_37)
FN:892,(anonymous_38)
FN:1001,(anonymous_39)
FNF:39
FNH:0
FNDA:0,PricePrediction
FNDA:0,(anonymous_2)
FNDA:0,(anonymous_3)
FNDA:0,(anonymous_4)
FNDA:0,(anonymous_5)
FNDA:0,(anonymous_6)
FNDA:0,(anonymous_7)
FNDA:0,(anonymous_8)
FNDA:0,(anonymous_9)
FNDA:0,(anonymous_10)
FNDA:0,(anonymous_11)
FNDA:0,(anonymous_12)
FNDA:0,(anonymous_13)
FNDA:0,(anonymous_14)
FNDA:0,(anonymous_15)
FNDA:0,(anonymous_16)
FNDA:0,(anonymous_17)
FNDA:0,(anonymous_18)
FNDA:0,(anonymous_19)
FNDA:0,(anonymous_20)
FNDA:0,(anonymous_21)
FNDA:0,(anonymous_22)
FNDA:0,(anonymous_23)
FNDA:0,(anonymous_24)
FNDA:0,(anonymous_25)
FNDA:0,(anonymous_26)
FNDA:0,(anonymous_27)
FNDA:0,(anonymous_28)
FNDA:0,(anonymous_29)
FNDA:0,(anonymous_30)
FNDA:0,(anonymous_31)
FNDA:0,(anonymous_32)
FNDA:0,(anonymous_33)
FNDA:0,(anonymous_34)
FNDA:0,(anonymous_35)
FNDA:0,(anonymous_36)
FNDA:0,(anonymous_37)
FNDA:0,(anonymous_38)
FNDA:0,(anonymous_39)
DA:3,0
DA:4,0
DA:5,0
DA:13,0
DA:14,0
DA:15,0
DA:20,0
DA:25,0
DA:30,0
DA:35,0
DA:40,0
DA:62,0
DA:63,0
DA:64,0
DA:65,0
DA:66,0
DA:67,0
DA:68,0
DA:69,0
DA:70,0
DA:71,0
DA:72,0
DA:73,0
DA:74,0
DA:75,0
DA:78,0
DA:90,0
DA:96,0
DA:99,0
DA:100,0
DA:101,0
DA:102,0
DA:104,0
DA:106,0
DA:108,0
DA:109,0
DA:111,0
DA:113,0
DA:117,0
DA:118,0
DA:120,0
DA:122,0
DA:124,0
DA:126,0
DA:128,0
DA:132,0
DA:133,0
DA:135,0
DA:137,0
DA:138,0
DA:144,0
DA:145,0
DA:146,0
DA:149,0
DA:150,0
DA:153,0
DA:154,0
DA:159,0
DA:163,0
DA:164,0
DA:166,0
DA:168,0
DA:169,0
DA:173,0
DA:174,0
DA:175,0
DA:177,0
DA:179,0
DA:181,0
DA:183,0
DA:184,0
DA:185,0
DA:189,0
DA:192,0
DA:193,0
DA:195,0
DA:197,0
DA:199,0
DA:202,0
DA:203,0
DA:204,0
DA:205,0
DA:207,0
DA:208,0
DA:209,0
DA:210,0
DA:211,0
DA:212,0
DA:214,0
DA:215,0
DA:221,0
DA:223,0
DA:225,0
DA:227,0
DA:228,0
DA:229,0
DA:234,0
DA:237,0
DA:243,0
DA:255,0
DA:257,0
DA:259,0
DA:260,0
DA:262,0
DA:271,0
DA:272,0
DA:281,0
DA:283,0
DA:284,0
DA:286,0
DA:295,0
DA:296,0
DA:307,0
DA:308,0
DA:310,0
DA:319,0
DA:320,0
DA:332,0
DA:333,0
DA:334,0
DA:336,0
DA:345,0
DA:348,0
DA:361,0
DA:364,0
DA:366,0
DA:370,0
DA:371,0
DA:375,0
DA:376,0
DA:378,0
DA:379,0
DA:380,0
DA:383,0
DA:386,0
DA:396,0
DA:397,0
DA:401,0
DA:402,0
DA:403,0
DA:404,0
DA:407,0
DA:410,0
DA:411,0
DA:413,0
DA:414,0
DA:415,0
DA:419,0
DA:422,0
DA:423,0
DA:424,0
DA:425,0
DA:426,0
DA:430,0
DA:431,0
DA:434,0
DA:437,0
DA:444,0
DA:448,0
DA:456,0
DA:458,0
DA:461,0
DA:464,0
DA:465,0
DA:468,0
DA:469,0
DA:479,0
DA:480,0
DA:484,0
DA:497,0
DA:498,0
DA:501,0
DA:502,0
DA:503,0
DA:507,0
DA:508,0
DA:509,0
DA:510,0
DA:513,0
DA:514,0
DA:515,0
DA:518,0
DA:519,0
DA:527,0
DA:528,0
DA:529,0
DA:530,0
DA:531,0
DA:532,0
DA:533,0
DA:535,0
DA:536,0
DA:538,0
DA:540,0
DA:542,0
DA:543,0
DA:546,0
DA:547,0
DA:550,0
DA:553,0
DA:556,0
DA:557,0
DA:558,0
DA:561,0
DA:562,0
DA:564,0
DA:565,0
DA:566,0
DA:569,0
DA:570,0
DA:573,0
DA:574,0
DA:578,0
DA:589,0
DA:597,0
DA:598,0
DA:599,0
DA:602,0
DA:603,0
DA:604,0
DA:605,0
DA:609,0
DA:610,0
DA:611,0
DA:612,0
DA:613,0
DA:615,0
DA:618,0
DA:619,0
DA:620,0
DA:621,0
DA:622,0
DA:623,0
DA:624,0
DA:627,0
DA:628,0
DA:629,0
DA:630,0
DA:631,0
DA:633,0
DA:634,0
DA:635,0
DA:638,0
DA:639,0
DA:643,0
DA:644,0
DA:645,0
DA:646,0
DA:648,0
DA:649,0
DA:650,0
DA:654,0
DA:655,0
DA:656,0
DA:657,0
DA:660,0
DA:661,0
DA:664,0
DA:665,0
DA:666,0
DA:670,0
DA:672,0
DA:676,0
DA:677,0
DA:678,0
DA:681,0
DA:682,0
DA:685,0
DA:686,0
DA:687,0
DA:688,0
DA:689,0
DA:690,0
DA:691,0
DA:692,0
DA:695,0
DA:696,0
DA:697,0
DA:698,0
DA:699,0
DA:701,0
DA:702,0
DA:703,0
DA:704,0
DA:707,0
DA:708,0
DA:709,0
DA:711,0
DA:712,0
DA:715,0
DA:716,0
DA:717,0
DA:718,0
DA:721,0
DA:722,0
DA:725,0
DA:726,0
DA:727,0
DA:728,0
DA:729,0
DA:730,0
DA:731,0
DA:732,0
DA:735,0
DA:736,0
DA:737,0
DA:738,0
DA:739,0
DA:742,0
DA:743,0
DA:746,0
DA:747,0
DA:764,0
DA:765,0
DA:769,0
DA:772,0
DA:773,0
DA:774,0
DA:775,0
DA:776,0
DA:777,0
DA:786,0
DA:789,0
DA:799,0
DA:800,0
DA:803,0
DA:804,0
DA:806,0
DA:808,0
DA:810,0
DA:812,0
DA:814,0
DA:819,0
DA:820,0
DA:822,0
DA:823,0
DA:824,0
DA:825,0
DA:826,0
DA:829,0
DA:830,0
DA:833,0
DA:840,0
DA:841,0
DA:844,0
DA:847,0
DA:848,0
DA:851,0
DA:852,0
DA:858,0
DA:859,0
DA:860,0
DA:861,0
DA:866,0
DA:867,0
DA:868,0
DA:870,0
DA:871,0
DA:872,0
DA:877,0
DA:878,0
DA:879,0
DA:892,0
DA:1002,0
LF:364
LH:0
BRDA:108,0,0,0
BRDA:108,0,1,0
BRDA:118,1,0,0
BRDA:118,1,1,0
BRDA:118,1,2,0
BRDA:118,1,3,0
BRDA:118,1,4,0
BRDA:135,2,0,0
BRDA:135,2,1,0
BRDA:135,3,0,0
BRDA:135,3,1,0
BRDA:145,4,0,0
BRDA:153,5,0,0
BRDA:164,6,0,0
BRDA:168,7,0,0
BRDA:177,8,0,0
BRDA:181,9,0,0
BRDA:207,10,0,0
BRDA:207,10,1,0
BRDA:210,11,0,0
BRDA:210,11,1,0
BRDA:221,12,0,0
BRDA:221,13,0,0
BRDA:221,13,1,0
BRDA:225,14,0,0
BRDA:243,15,0,0
BRDA:243,15,1,0
BRDA:245,16,0,0
BRDA:245,16,1,0
BRDA:247,17,0,0
BRDA:247,17,1,0
BRDA:249,18,0,0
BRDA:249,18,1,0
BRDA:257,19,0,0
BRDA:257,19,1,0
BRDA:271,20,0,0
BRDA:271,21,0,0
BRDA:271,21,1,0
BRDA:281,22,0,0
BRDA:281,22,1,0
BRDA:295,23,0,0
BRDA:295,24,0,0
BRDA:295,24,1,0
BRDA:308,25,0,0
BRDA:308,25,1,0
BRDA:319,26,0,0
BRDA:319,27,0,0
BRDA:319,27,1,0
BRDA:376,28,0,0
BRDA:376,29,0,0
BRDA:376,29,1,0
BRDA:380,30,0,0
BRDA:396,31,0,0
BRDA:402,32,0,0
BRDA:402,32,1,0
BRDA:425,33,0,0
BRDA:430,34,0,0
BRDA:430,34,1,0
BRDA:430,35,0,0
BRDA:430,35,1,0
BRDA:493,36,0,0
BRDA:493,36,1,0
BRDA:501,37,0,0
BRDA:501,38,0,0
BRDA:501,38,1,0
BRDA:514,39,0,0
BRDA:514,39,1,0
BRDA:518,40,0,0
BRDA:518,41,0,0
BRDA:518,41,1,0
BRDA:528,42,0,0
BRDA:528,42,1,0
BRDA:531,43,0,0
BRDA:531,43,1,0
BRDA:531,44,0,0
BRDA:531,44,1,0
BRDA:532,45,0,0
BRDA:532,45,1,0
BRDA:538,46,0,0
BRDA:542,47,0,0
BRDA:550,48,0,0
BRDA:550,48,1,0
BRDA:553,49,0,0
BRDA:561,50,0,0
BRDA:561,50,1,0
BRDA:585,51,0,0
BRDA:585,51,1,0
BRDA:585,52,0,0
BRDA:585,52,1,0
BRDA:609,53,0,0
BRDA:609,53,1,0
BRDA:609,54,0,0
BRDA:609,54,1,0
BRDA:654,55,0,0
BRDA:657,56,0,0
BRDA:657,56,1,0
BRDA:665,57,0,0
BRDA:686,58,0,0
BRDA:686,58,1,0
BRDA:686,59,0,0
BRDA:686,59,1,0
BRDA:696,60,0,0
BRDA:696,60,1,0
BRDA:696,61,0,0
BRDA:696,61,1,0
BRDA:697,62,0,0
BRDA:697,62,1,0
BRDA:698,63,0,0
BRDA:698,63,1,0
BRDA:707,64,0,0
BRDA:707,64,1,0
BRDA:716,65,0,0
BRDA:716,65,1,0
BRDA:716,66,0,0
BRDA:716,66,1,0
BRDA:727,67,0,0
BRDA:727,67,1,0
BRDA:764,68,0,0
BRDA:804,69,0,0
BRDA:804,69,1,0
BRDA:804,69,2,0
BRDA:804,69,3,0
BRDA:804,69,4,0
BRDA:820,70,0,0
BRDA:823,71,0,0
BRDA:830,72,0,0
BRDA:830,72,1,0
BRDA:830,73,0,0
BRDA:830,73,1,0
BRDA:860,74,0,0
BRDA:868,75,0,0
BRDA:903,76,0,0
BRDA:903,76,1,0
BRDA:907,77,0,0
BRDA:907,77,1,0
BRDA:915,78,0,0
BRDA:915,78,1,0
BRDA:919,79,0,0
BRDA:927,80,0,0
BRDA:927,80,1,0
BRDA:930,81,0,0
BRDA:956,82,0,0
BRDA:956,82,1,0
BRDA:958,83,0,0
BRDA:958,83,1,0
BRDA:977,84,0,0
BRDA:982,85,0,0
BRDA:1013,86,0,0
BRF:148
BRH:0
end_of_record
TN:
SF:components\price-tracker.tsx
FN:19,PriceTracker
FN:28,(anonymous_2)
FN:75,(anonymous_3)
FN:81,(anonymous_4)
FN:97,(anonymous_5)
FN:102,(anonymous_6)
FNF:6
FNH:0
FNDA:0,PriceTracker
FNDA:0,(anonymous_2)
FNDA:0,(anonymous_3)
FNDA:0,(anonymous_4)
FNDA:0,(anonymous_5)
FNDA:0,(anonymous_6)
DA:3,0
DA:4,0
DA:5,0
DA:7,0
DA:8,0
DA:9,0
DA:11,0
DA:19,0
DA:20,0
DA:21,0
DA:22,0
DA:23,0
DA:24,0
DA:25,0
DA:28,0
DA:29,0
DA:30,0
DA:33,0
DA:34,0
DA:37,0
DA:38,0
DA:40,0
DA:41,0
DA:44,0
DA:45,0
DA:46,0
DA:48,0
DA:51,0
DA:52,0
DA:55,0
DA:58,0
DA:66,0
DA:67,0
DA:68,0
DA:70,0
DA:75,0
DA:76,0
DA:79,0
DA:81,0
DA:85,0
DA:88,0
DA:98,0
DA:102,0
LF:43
LH:0
BRDA:33,0,0,0
BRDA:40,1,0,0
BRDA:44,2,0,0
BRDA:44,2,1,0
BRDA:85,3,0,0
BRDA:85,3,1,0
BRDA:85,4,0,0
BRDA:85,4,1,0
BRDA:88,5,0,0
BRDA:88,5,1,0
BRDA:88,6,0,0
BRDA:88,6,1,0
BRDA:88,6,2,0
BRDA:100,7,0,0
BRDA:100,7,1,0
BRDA:113,8,0,0
BRDA:120,9,0,0
BRDA:120,9,1,0
BRDA:120,10,0,0
BRDA:120,10,1,0
BRDA:123,11,0,0
BRDA:127,12,0,0
BRDA:127,12,1,0
BRDA:129,13,0,0
BRDA:129,13,1,0
BRDA:134,14,0,0
BRDA:134,14,1,0
BRDA:136,15,0,0
BRDA:136,15,1,0
BRDA:140,16,0,0
BRDA:140,16,1,0
BRDA:142,17,0,0
BRDA:142,17,1,0
BRDA:143,18,0,0
BRDA:143,18,1,0
BRDA:150,19,0,0
BRF:36
BRH:0
end_of_record
TN:
SF:components\theme-provider.tsx
FN:14,ThemeProvider
FNF:1
FNH:1
FNDA:21,ThemeProvider
DA:3,3
DA:4,3
DA:14,21
LF:3
LH:3
BRF:0
BRH:0
end_of_record
TN:
SF:components\theme-toggle.tsx
FN:16,ThemeToggle
FN:21,(anonymous_4)
FN:43,(anonymous_5)
FN:47,(anonymous_6)
FN:51,(anonymous_7)
FN:75,ThemeToggleSwitch
FN:80,(anonymous_9)
FN:84,(anonymous_10)
FNF:8
FNH:2
FNDA:8,ThemeToggle
FNDA:8,(anonymous_4)
FNDA:0,(anonymous_5)
FNDA:0,(anonymous_6)
FNDA:0,(anonymous_7)
FNDA:0,ThemeToggleSwitch
FNDA:0,(anonymous_9)
FNDA:0,(anonymous_10)
DA:3,2
DA:4,2
DA:5,2
DA:7,2
DA:8,2
DA:14,2
DA:16,8
DA:17,8
DA:18,8
DA:21,8
DA:22,8
DA:25,8
DA:43,0
DA:47,0
DA:51,0
DA:75,4
DA:76,0
DA:77,0
DA:80,0
DA:81,0
DA:84,0
DA:85,0
DA:88,0
DA:89,0
LF:24
LH:13
BRDA:25,0,0,8
BRDA:85,1,0,0
BRDA:85,1,1,0
BRDA:88,2,0,0
BRF:4
BRH:1
end_of_record
TN:
SF:components\ui\accordion.tsx
FNF:0
FNH:0
DA:3,0
DA:4,0
DA:5,0
DA:7,0
DA:9,0
DA:17,0
DA:37,0
DA:52,0
DA:54,0
LF:9
LH:0
BRF:0
BRH:0
end_of_record
TN:
SF:components\ui\alert-dialog.tsx
FNF:0
FNH:0
DA:3,0
DA:4,0
DA:6,0
DA:7,0
DA:9,0
DA:11,0
DA:13,0
DA:28,0
DA:46,0
DA:51,0
DA:59,0
DA:71,0
DA:83,0
DA:91,0
DA:103,0
DA:106,0
DA:107,0
DA:108,0
DA:109,0
DA:110,0
DA:111,0
DA:112,0
DA:113,0
DA:114,0
DA:115,0
DA:116,0
LF:26
LH:0
BRF:0
BRH:0
end_of_record
TN:
SF:components\ui\alert.tsx
FNF:0
FNH:0
DA:1,0
DA:2,0
DA:4,0
DA:6,0
DA:28,0
DA:39,0
DA:47,0
DA:49,0
LF:8
LH:0
BRF:0
BRH:0
end_of_record
TN:
SF:components\ui\aspect-ratio.tsx
FNF:0
FNH:0
DA:3,0
DA:5,0
DA:7,0
LF:3
LH:0
BRF:0
BRH:0
end_of_record
TN:
SF:components\ui\avatar.tsx
FNF:0
FNH:0
DA:3,0
DA:4,0
DA:6,0
DA:18,0
DA:30,0
DA:45,0
DA:47,0
LF:7
LH:0
BRF:0
BRH:0
end_of_record
TN:
SF:components\ui\badge.tsx
FN:29,Badge
FNF:1
FNH:0
FNDA:0,Badge
DA:1,0
DA:2,0
DA:4,0
DA:6,0
DA:33,0
LF:5
LH:0
BRF:0
BRH:0
end_of_record
TN:
SF:components\ui\breadcrumb.tsx
FN:41,(anonymous_14)
FNF:1
FNH:0
FNDA:0,(anonymous_14)
DA:1,0
DA:2,0
DA:3,0
DA:5,0
DA:13,0
DA:27,0
DA:34,0
DA:36,0
DA:42,0
DA:52,0
DA:66,0
DA:78,0
DA:91,0
DA:94,0
DA:95,0
DA:96,0
DA:97,0
DA:98,0
DA:99,0
DA:100,0
LF:20
LH:0
BRDA:42,0,0,0
BRDA:42,0,1,0
BRDA:75,1,0,0
BRF:3
BRH:0
end_of_record
TN:
SF:components\ui\button.tsx
FN:40,(anonymous_6)
FNF:1
FNH:1
FNDA:59,(anonymous_6)
DA:1,3
DA:2,3
DA:3,3
DA:5,3
DA:7,3
DA:39,3
DA:41,59
DA:47,3
DA:49,63
LF:9
LH:9
BRDA:40,0,0,33
BRDA:41,1,0,26
BRDA:41,1,1,33
BRF:3
BRH:3
end_of_record
TN:
SF:components\ui\calendar.tsx
FN:12,Calendar
FNF:1
FNH:0
FNDA:0,Calendar
DA:3,0
DA:4,0
DA:5,0
DA:7,0
DA:8,0
DA:57,0
DA:59,0
LF:7
LH:0
BRDA:12,0,0,0
BRF:1
BRH:0
end_of_record
TN:
SF:components\ui\card.tsx
FNF:0
FNH:0
DA:1,0
DA:3,0
DA:14,0
DA:21,0
DA:32,0
DA:39,0
DA:46,0
DA:53,0
DA:55,0
LF:9
LH:0
BRF:0
BRH:0
end_of_record
TN:
SF:components\ui\carousel.tsx
FN:33,useCarousel
FN:46,(anonymous_11)
FN:57,(anonymous_12)
FN:66,(anonymous_13)
FN:70,(anonymous_14)
FN:75,(anonymous_15)
FN:87,(anonymous_16)
FN:95,(anonymous_17)
FN:104,(anonymous_18)
FN:138,(anonymous_19)
FN:159,(anonymous_20)
FN:180,(anonymous_21)
FN:208,(anonymous_22)
FNF:13
FNH:0
FNDA:0,useCarousel
FNDA:0,(anonymous_11)
FNDA:0,(anonymous_12)
FNDA:0,(anonymous_13)
FNDA:0,(anonymous_14)
FNDA:0,(anonymous_15)
FNDA:0,(anonymous_16)
FNDA:0,(anonymous_17)
FNDA:0,(anonymous_18)
FNDA:0,(anonymous_19)
FNDA:0,(anonymous_20)
FNDA:0,(anonymous_21)
FNDA:0,(anonymous_22)
DA:3,0
DA:4,0
DA:5,0
DA:7,0
DA:8,0
DA:31,0
DA:34,0
DA:36,0
DA:37,0
DA:40,0
DA:43,0
DA:47,0
DA:54,0
DA:55,0
DA:57,0
DA:58,0
DA:59,0
DA:62,0
DA:63,0
DA:66,0
DA:67,0
DA:70,0
DA:71,0
DA:74,0
DA:76,0
DA:77,0
DA:78,0
DA:79,0
DA:80,0
DA:81,0
DA:87,0
DA:88,0
DA:89,0
DA:92,0
DA:95,0
DA:96,0
DA:97,0
DA:100,0
DA:101,0
DA:102,0
DA:104,0
DA:105,0
DA:135,0
DA:137,0
DA:139,0
DA:156,0
DA:158,0
DA:160,0
DA:177,0
DA:179,0
DA:181,0
DA:205,0
DA:207,0
DA:209,0
DA:233,0
DA:237,0
DA:238,0
DA:239,0
DA:240,0
DA:241,0
LF:60
LH:0
BRDA:36,0,0,0
BRDA:46,1,0,0
BRDA:50,2,0,0
BRDA:50,2,1,0
BRDA:58,3,0,0
BRDA:76,4,0,0
BRDA:76,4,1,0
BRDA:79,5,0,0
BRDA:88,6,0,0
BRDA:88,7,0,0
BRDA:88,7,1,0
BRDA:96,8,0,0
BRDA:115,9,0,0
BRDA:115,9,1,0
BRDA:115,10,0,0
BRDA:115,10,1,0
BRDA:147,11,0,0
BRDA:147,11,1,0
BRDA:169,12,0,0
BRDA:169,12,1,0
BRDA:180,13,0,0
BRDA:180,14,0,0
BRDA:190,15,0,0
BRDA:190,15,1,0
BRDA:208,16,0,0
BRDA:208,17,0,0
BRDA:218,18,0,0
BRDA:218,18,1,0
BRF:28
BRH:0
end_of_record
TN:
SF:components\ui\chart.tsx
FN:27,useChart
FN:43,(anonymous_11)
FN:66,(anonymous_12)
FN:67,(anonymous_13)
FN:78,(anonymous_14)
FN:81,(anonymous_15)
FN:108,(anonymous_16)
FN:128,(anonymous_17)
FN:170,(anonymous_18)
FN:250,(anonymous_19)
FN:266,(anonymous_20)
FN:297,getPayloadConfigFromPayload
FNF:12
FNH:0
FNDA:0,useChart
FNDA:0,(anonymous_11)
FNDA:0,(anonymous_12)
FNDA:0,(anonymous_13)
FNDA:0,(anonymous_14)
FNDA:0,(anonymous_15)
FNDA:0,(anonymous_16)
FNDA:0,(anonymous_17)
FNDA:0,(anonymous_18)
FNDA:0,(anonymous_19)
FNDA:0,(anonymous_20)
FNDA:0,getPayloadConfigFromPayload
DA:3,0
DA:4,0
DA:6,0
DA:9,0
DA:25,0
DA:28,0
DA:30,0
DA:31,0
DA:34,0
DA:37,0
DA:44,0
DA:45,0
DA:64,0
DA:66,0
DA:67,0
DA:69,0
DA:70,0
DA:78,0
DA:82,0
DA:83,0
DA:95,0
DA:97,0
DA:126,0
DA:128,0
DA:129,0
DA:130,0
DA:133,0
DA:134,0
DA:135,0
DA:137,0
DA:141,0
DA:147,0
DA:148,0
DA:154,0
DA:155,0
DA:158,0
DA:171,0
DA:172,0
DA:173,0
DA:175,0
DA:239,0
DA:241,0
DA:243,0
DA:251,0
DA:253,0
DA:254,0
DA:267,0
DA:268,0
DA:270,0
DA:294,0
DA:298,0
DA:299,0
DA:303,0
DA:307,0
DA:309,0
DA:310,0
DA:311,0
DA:316,0
DA:319,0
DA:323,0
DA:324,0
DA:325,0
DA:326,0
DA:327,0
DA:328,0
LF:65
LH:0
BRDA:30,0,0,0
BRDA:45,1,0,0
BRDA:45,1,1,0
BRDA:67,2,0,0
BRDA:67,2,1,0
BRDA:69,3,0,0
BRDA:82,4,0,0
BRDA:82,4,1,0
BRDA:83,5,0,0
BRDA:83,5,1,0
BRDA:113,6,0,0
BRDA:114,7,0,0
BRDA:115,8,0,0
BRDA:129,9,0,0
BRDA:129,10,0,0
BRDA:129,10,1,0
BRDA:134,11,0,0
BRDA:134,11,1,0
BRDA:134,11,2,0
BRDA:134,11,3,0
BRDA:137,12,0,0
BRDA:137,12,1,0
BRDA:137,13,0,0
BRDA:137,13,1,0
BRDA:138,14,0,0
BRDA:138,14,1,0
BRDA:141,15,0,0
BRDA:147,16,0,0
BRDA:154,17,0,0
BRDA:154,18,0,0
BRDA:154,18,1,0
BRDA:158,19,0,0
BRDA:158,19,1,0
BRDA:168,20,0,0
BRDA:168,20,1,0
BRDA:171,21,0,0
BRDA:171,21,1,0
BRDA:171,21,2,0
BRDA:171,21,3,0
BRDA:173,22,0,0
BRDA:173,22,1,0
BRDA:173,22,2,0
BRDA:180,23,0,0
BRDA:180,23,1,0
BRDA:184,24,0,0
BRDA:183,25,0,0
BRDA:183,25,1,0
BRDA:183,25,2,0
BRDA:188,26,0,0
BRDA:190,27,0,0
BRDA:199,28,0,0
BRDA:199,28,1,0
BRDA:214,29,0,0
BRDA:214,29,1,0
BRDA:218,30,0,0
BRDA:218,30,1,0
BRDA:220,31,0,0
BRDA:220,31,1,0
BRDA:223,32,0,0
BRDA:250,33,0,0
BRDA:250,34,0,0
BRDA:253,35,0,0
BRDA:262,36,0,0
BRDA:262,36,1,0
BRDA:267,37,0,0
BRDA:267,37,1,0
BRDA:267,37,2,0
BRDA:278,38,0,0
BRDA:277,39,0,0
BRDA:277,39,1,0
BRDA:298,40,0,0
BRDA:298,41,0,0
BRDA:298,41,1,0
BRDA:303,42,0,0
BRDA:303,42,1,0
BRDA:303,43,0,0
BRDA:303,43,1,0
BRDA:303,43,2,0
BRDA:309,44,0,0
BRDA:309,44,1,0
BRDA:309,45,0,0
BRDA:309,45,1,0
BRDA:311,46,0,0
BRDA:312,47,0,0
BRDA:312,47,1,0
BRDA:312,47,2,0
BRDA:319,48,0,0
BRDA:319,48,1,0
BRF:88
BRH:0
end_of_record
TN:
SF:components\ui\checkbox.tsx
FNF:0
FNH:0
DA:3,0
DA:4,0
DA:5,0
DA:7,0
DA:26,0
DA:28,0
LF:6
LH:0
BRF:0
BRH:0
end_of_record
TN:
SF:components\ui\collapsible.tsx
FNF:0
FNH:0
DA:3,0
DA:5,0
DA:7,0
DA:9,0
DA:11,0
LF:5
LH:0
BRF:0
BRH:0
end_of_record
TN:
SF:components\ui\command.tsx
FN:26,(anonymous_14)
FN:123,(anonymous_21)
FNF:2
FNH:0
FNDA:0,(anonymous_14)
FNDA:0,(anonymous_21)
DA:3,0
DA:5,0
DA:6,0
DA:8,0
DA:9,0
DA:24,0
DA:26,0
DA:55,0
DA:68,0
DA:77,0
DA:93,0
DA:105,0
DA:121,0
DA:123,0
DA:131,0
DA:134,0
DA:135,0
DA:136,0
DA:137,0
DA:138,0
DA:139,0
DA:140,0
DA:141,0
DA:142,0
LF:24
LH:0
BRF:0
BRH:0
end_of_record
TN:
SF:components\ui\context-menu.tsx
FN:163,(anonymous_27)
FNF:1
FNH:0
FNDA:0,(anonymous_27)
DA:3,0
DA:4,0
DA:5,0
DA:7,0
DA:9,0
DA:11,0
DA:13,0
DA:15,0
DA:17,0
DA:19,0
DA:40,0
DA:55,0
DA:72,0
DA:90,0
DA:113,0
DA:135,0
DA:149,0
DA:161,0
DA:163,0
DA:171,0
DA:174,0
DA:175,0
DA:176,0
DA:177,0
DA:178,0
DA:179,0
DA:180,0
DA:181,0
DA:182,0
DA:183,0
DA:184,0
DA:185,0
DA:186,0
DA:187,0
DA:188,0
LF:35
LH:0
BRDA:31,0,0,0
BRDA:31,0,1,0
BRDA:84,1,0,0
BRDA:84,1,1,0
BRDA:145,2,0,0
BRDA:145,2,1,0
BRF:6
BRH:0
end_of_record
TN:
SF:components\ui\dialog.tsx
FNF:0
FNH:0
DA:3,0
DA:4,0
DA:5,0
DA:7,0
DA:9,0
DA:11,0
DA:13,0
DA:15,0
DA:30,0
DA:54,0
DA:59,0
DA:67,0
DA:79,0
DA:91,0
DA:94,0
DA:95,0
DA:96,0
DA:97,0
DA:98,0
DA:99,0
DA:100,0
DA:101,0
DA:102,0
DA:103,0
LF:24
LH:0
BRF:0
BRH:0
end_of_record
TN:
SF:components\ui\drawer.tsx
FNF:0
FNH:0
DA:3,0
DA:4,0
DA:6,0
DA:14,0
DA:16,0
DA:18,0
DA:20,0
DA:32,0
DA:53,0
DA:58,0
DA:63,0
DA:75,0
DA:87,0
DA:90,0
DA:91,0
DA:92,0
DA:93,0
DA:94,0
DA:95,0
DA:96,0
DA:97,0
DA:98,0
DA:99,0
LF:23
LH:0
BRDA:9,0,0,0
BRF:1
BRH:0
end_of_record
TN:
SF:components\ui\dropdown-menu.tsx
FN:164,(anonymous_27)
FNF:1
FNH:0
FNDA:0,(anonymous_27)
DA:3,2
DA:4,2
DA:5,2
DA:7,2
DA:9,2
DA:11,2
DA:13,2
DA:15,2
DA:17,2
DA:19,2
DA:40,2
DA:55,2
DA:73,2
DA:91,2
DA:114,2
DA:136,2
DA:150,2
DA:162,2
DA:164,2
DA:169,2
DA:172,8
DA:173,8
DA:174,8
DA:175,16
DA:176,0
DA:177,0
DA:178,8
DA:179,8
DA:180,0
DA:181,0
DA:182,0
DA:183,0
DA:184,0
DA:185,0
DA:186,0
LF:35
LH:26
BRDA:31,0,0,0
BRDA:31,0,1,0
BRDA:60,1,0,8
BRDA:85,2,0,0
BRDA:85,2,1,0
BRDA:146,3,0,0
BRDA:146,3,1,0
BRF:7
BRH:1
end_of_record
TN:
SF:components\ui\form.tsx
FN:29,(anonymous_12)
FN:42,(anonymous_13)
FN:72,(anonymous_14)
FN:87,(anonymous_15)
FN:104,(anonymous_16)
FN:122,(anonymous_17)
FN:139,(anonymous_18)
FNF:7
FNH:0
FNDA:0,(anonymous_12)
FNDA:0,(anonymous_13)
FNDA:0,(anonymous_14)
FNDA:0,(anonymous_15)
FNDA:0,(anonymous_16)
FNDA:0,(anonymous_17)
FNDA:0,(anonymous_18)
DA:3,0
DA:5,0
DA:13,0
DA:15,0
DA:16,0
DA:18,0
DA:27,0
DA:29,0
DA:42,0
DA:43,0
DA:44,0
DA:45,0
DA:47,0
DA:49,0
DA:50,0
DA:53,0
DA:55,0
DA:69,0
DA:71,0
DA:73,0
DA:82,0
DA:84,0
DA:88,0
DA:99,0
DA:101,0
DA:105,0
DA:117,0
DA:119,0
DA:123,0
DA:134,0
DA:136,0
DA:140,0
DA:141,0
DA:143,0
DA:144,0
DA:158,0
DA:161,0
DA:162,0
DA:163,0
DA:164,0
DA:165,0
DA:166,0
DA:167,0
DA:168,0
LF:44
LH:0
BRDA:49,0,0,0
BRDA:93,1,0,0
BRDA:93,1,1,0
BRDA:111,2,0,0
BRDA:111,2,1,0
BRDA:141,3,0,0
BRDA:141,3,1,0
BRDA:143,4,0,0
BRF:8
BRH:0
end_of_record
TN:
SF:components\ui\hover-card.tsx
FNF:0
FNH:0
DA:3,0
DA:4,0
DA:6,0
DA:8,0
DA:10,0
DA:27,0
DA:29,0
LF:7
LH:0
BRDA:15,0,0,0
BRDA:15,1,0,0
BRF:2
BRH:0
end_of_record
TN:
SF:components\ui\input-otp.tsx
FN:36,(anonymous_10)
FNF:1
FNH:0
FNDA:0,(anonymous_10)
DA:3,0
DA:4,0
DA:5,0
DA:7,0
DA:23,0
DA:31,0
DA:33,0
DA:37,0
DA:38,0
DA:59,0
DA:69,0
DA:71,0
LF:12
LH:0
BRDA:45,0,0,0
BRDA:45,0,1,0
BRDA:51,1,0,0
BRF:3
BRH:0
end_of_record
TN:
SF:components\ui\input.tsx
FN:6,(anonymous_4)
FNF:1
FNH:0
FNDA:0,(anonymous_4)
DA:1,0
DA:3,0
DA:5,0
DA:20,0
DA:22,0
LF:5
LH:0
BRF:0
BRH:0
end_of_record
TN:
SF:components\ui\label.tsx
FNF:0
FNH:0
DA:3,2
DA:4,2
DA:5,2
DA:7,2
DA:9,2
DA:19,2
DA:21,0
LF:7
LH:6
BRF:0
BRH:0
end_of_record
TN:
SF:components\ui\menubar.tsx
FN:194,(anonymous_30)
FNF:1
FNH:0
FNDA:0,(anonymous_30)
DA:3,0
DA:4,0
DA:5,0
DA:7,0
DA:9,0
DA:11,0
DA:13,0
DA:15,0
DA:17,0
DA:32,0
DA:47,0
DA:68,0
DA:83,0
DA:103,0
DA:121,0
DA:144,0
DA:166,0
DA:180,0
DA:192,0
DA:194,0
DA:202,0
DA:205,0
DA:206,0
DA:207,0
DA:208,0
DA:209,0
DA:210,0
DA:211,0
DA:212,0
DA:213,0
DA:214,0
DA:215,0
DA:216,0
DA:217,0
DA:218,0
DA:219,0
DA:220,0
LF:37
LH:0
BRDA:59,0,0,0
BRDA:59,0,1,0
BRDA:88,1,0,0
BRDA:88,2,0,0
BRDA:88,3,0,0
BRDA:115,4,0,0
BRDA:115,4,1,0
BRDA:176,5,0,0
BRDA:176,5,1,0
BRF:9
BRH:0
end_of_record
TN:
SF:components\ui\navigation-menu.tsx
FNF:0
FNH:0
DA:1,0
DA:2,0
DA:3,0
DA:4,0
DA:6,0
DA:21,0
DA:33,0
DA:35,0
DA:37,0
DA:57,0
DA:72,0
DA:74,0
DA:91,0
DA:108,0
DA:111,0
DA:112,0
DA:113,0
DA:114,0
DA:115,0
DA:116,0
DA:117,0
DA:118,0
DA:119,0
LF:23
LH:0
BRF:0
BRH:0
end_of_record
TN:
SF:components\ui\pagination.tsx
FNF:0
FNH:0
DA:1,0
DA:2,0
DA:4,0
DA:5,0
DA:15,0
DA:22,0
DA:27,0
DA:47,0
DA:63,0
DA:76,0
DA:88,0
DA:91,0
DA:92,0
DA:93,0
DA:94,0
DA:95,0
DA:96,0
DA:97,0
LF:18
LH:0
BRDA:34,0,0,0
BRDA:36,1,0,0
BRDA:36,1,1,0
BRDA:39,2,0,0
BRDA:39,2,1,0
BRF:5
BRH:0
end_of_record
TN:
SF:components\ui\popover.tsx
FNF:0
FNH:0
DA:3,0
DA:4,0
DA:6,0
DA:8,0
DA:10,0
DA:29,0
DA:31,0
LF:7
LH:0
BRDA:15,0,0,0
BRDA:15,1,0,0
BRF:2
BRH:0
end_of_record
TN:
SF:components\ui\progress.tsx
FNF:0
FNH:0
DA:3,0
DA:4,0
DA:6,0
DA:23,0
DA:25,0
LF:5
LH:0
BRDA:19,0,0,0
BRDA:19,0,1,0
BRF:2
BRH:0
end_of_record
TN:
SF:components\ui\radio-group.tsx
FN:12,(anonymous_6)
FN:20,(anonymous_7)
FNF:2
FNH:0
FNDA:0,(anonymous_6)
FNDA:0,(anonymous_7)
DA:3,0
DA:4,0
DA:5,0
DA:7,0
DA:9,0
DA:15,0
DA:17,0
DA:36,0
DA:38,0
LF:9
LH:0
BRF:0
BRH:0
end_of_record
TN:
SF:components\ui\resizable.tsx
FNF:0
FNH:0
DA:3,0
DA:4,0
DA:6,0
DA:18,0
DA:42,0
LF:5
LH:0
BRDA:34,0,0,0
BRF:1
BRH:0
end_of_record
TN:
SF:components\ui\scroll-area.tsx
FNF:0
FNH:0
DA:3,0
DA:4,0
DA:6,0
DA:24,0
DA:44,0
DA:46,0
LF:6
LH:0
BRDA:29,0,0,0
BRDA:35,1,0,0
BRDA:35,1,1,0
BRDA:36,2,0,0
BRDA:36,2,1,0
BRF:5
BRH:0
end_of_record
TN:
SF:components\ui\select.tsx
FNF:0
FNH:0
DA:3,0
DA:4,0
DA:5,0
DA:7,0
DA:9,0
DA:11,0
DA:13,0
DA:33,0
DA:47,0
DA:61,0
DA:93,0
DA:105,0
DA:128,0
DA:140,0
DA:143,0
DA:144,0
DA:145,0
DA:146,0
DA:147,0
DA:148,0
DA:149,0
DA:150,0
DA:151,0
DA:152,0
LF:24
LH:0
BRDA:66,0,0,0
BRDA:72,1,0,0
BRDA:72,1,1,0
BRDA:83,2,0,0
BRDA:83,2,1,0
BRF:5
BRH:0
end_of_record
TN:
SF:components\ui\separator.tsx
FNF:0
FNH:0
DA:3,0
DA:4,0
DA:6,0
DA:24,0
DA:26,0
LF:5
LH:0
BRDA:11,0,0,0
BRDA:11,1,0,0
BRDA:18,2,0,0
BRDA:18,2,1,0
BRF:4
BRH:0
end_of_record
TN:
SF:components\ui\sheet.tsx
FNF:0
FNH:0
DA:3,1
DA:4,1
DA:5,1
DA:6,1
DA:8,1
DA:10,1
DA:12,1
DA:14,1
DA:16,1
DA:31,1
DA:33,1
DA:71,1
DA:76,1
DA:84,1
DA:96,1
DA:108,1
DA:111,4
DA:112,0
DA:113,0
DA:114,4
DA:115,0
DA:116,4
DA:117,0
DA:118,0
DA:119,0
DA:120,4
LF:26
LH:20
BRDA:59,0,0,0
BRF:1
BRH:0
end_of_record
TN:
SF:components\ui\sidebar.tsx
FN:36,useSidebar
FN:53,(anonymous_29)
FN:73,(anonymous_30)
FN:88,(anonymous_31)
FN:89,(anonymous_32)
FN:89,(anonymous_33)
FN:93,(anonymous_34)
FN:94,(anonymous_35)
FN:102,(anonymous_36)
FN:110,(anonymous_37)
FN:157,(anonymous_38)
FN:255,(anonymous_39)
FN:265,(anonymous_40)
FN:279,(anonymous_41)
FN:307,(anonymous_42)
FN:326,(anonymous_43)
FN:342,(anonymous_44)
FN:356,(anonymous_45)
FN:372,(anonymous_46)
FN:385,(anonymous_47)
FN:402,(anonymous_48)
FN:418,(anonymous_49)
FN:439,(anonymous_50)
FN:525,(anonymous_54)
FN:582,(anonymous_55)
FN:632,(anonymous_57)
FN:634,(anonymous_58)
FN:688,(anonymous_61)
FNF:28
FNH:0
FNDA:0,useSidebar
FNDA:0,(anonymous_29)
FNDA:0,(anonymous_30)
FNDA:0,(anonymous_31)
FNDA:0,(anonymous_32)
FNDA:0,(anonymous_33)
FNDA:0,(anonymous_34)
FNDA:0,(anonymous_35)
FNDA:0,(anonymous_36)
FNDA:0,(anonymous_37)
FNDA:0,(anonymous_38)
FNDA:0,(anonymous_39)
FNDA:0,(anonymous_40)
FNDA:0,(anonymous_41)
FNDA:0,(anonymous_42)
FNDA:0,(anonymous_43)
FNDA:0,(anonymous_44)
FNDA:0,(anonymous_45)
FNDA:0,(anonymous_46)
FNDA:0,(anonymous_47)
FNDA:0,(anonymous_48)
FNDA:0,(anonymous_49)
FNDA:0,(anonymous_50)
FNDA:0,(anonymous_54)
FNDA:0,(anonymous_55)
FNDA:0,(anonymous_57)
FNDA:0,(anonymous_58)
FNDA:0,(anonymous_61)
DA:3,0
DA:4,0
DA:5,0
DA:6,0
DA:8,0
DA:9,0
DA:10,0
DA:11,0
DA:12,0
DA:13,0
DA:14,0
DA:15,0
DA:17,0
DA:18,0
DA:19,0
DA:20,0
DA:21,0
DA:22,0
DA:34,0
DA:37,0
DA:38,0
DA:39,0
DA:42,0
DA:45,0
DA:65,0
DA:66,0
DA:70,0
DA:71,0
DA:72,0
DA:74,0
DA:75,0
DA:76,0
DA:78,0
DA:82,0
DA:88,0
DA:89,0
DA:93,0
DA:94,0
DA:95,0
DA:96,0
DA:97,0
DA:101,0
DA:102,0
DA:107,0
DA:109,0
DA:110,0
DA:147,0
DA:149,0
DA:168,0
DA:170,0
DA:185,0
DA:250,0
DA:252,0
DA:256,0
DA:266,0
DA:267,0
DA:276,0
DA:278,0
DA:280,0
DA:304,0
DA:306,0
DA:321,0
DA:323,0
DA:339,0
DA:341,0
DA:353,0
DA:355,0
DA:367,0
DA:369,0
DA:382,0
DA:384,0
DA:399,0
DA:401,0
DA:413,0
DA:415,0
DA:419,0
DA:434,0
DA:436,0
DA:440,0
DA:457,0
DA:469,0
DA:481,0
DA:493,0
DA:495,0
DA:517,0
DA:537,0
DA:538,0
DA:551,0
DA:552,0
DA:555,0
DA:556,0
DA:574,0
DA:576,0
DA:583,0
DA:605,0
DA:625,0
DA:627,0
DA:634,0
DA:635,0
DA:658,0
DA:674,0
DA:679,0
DA:681,0
DA:689,0
DA:709,0
DA:712,0
DA:713,0
DA:714,0
DA:715,0
DA:716,0
DA:717,0
DA:718,0
DA:719,0
DA:720,0
DA:721,0
DA:722,0
DA:723,0
DA:724,0
DA:725,0
DA:726,0
DA:727,0
DA:728,0
DA:729,0
DA:730,0
DA:731,0
DA:732,0
DA:733,0
DA:734,0
DA:735,0
LF:129
LH:0
BRDA:38,0,0,0
BRDA:55,1,0,0
BRDA:71,2,0,0
BRDA:71,2,1,0
BRDA:74,3,0,0
BRDA:74,3,1,0
BRDA:75,4,0,0
BRDA:75,4,1,0
BRDA:89,5,0,0
BRDA:89,5,1,0
BRDA:95,6,0,0
BRDA:95,7,0,0
BRDA:95,7,1,0
BRDA:95,7,2,0
BRDA:107,8,0,0
BRDA:107,8,1,0
BRDA:159,9,0,0
BRDA:160,10,0,0
BRDA:161,11,0,0
BRDA:170,12,0,0
BRDA:185,13,0,0
BRDA:210,14,0,0
BRDA:210,14,1,0
BRDA:220,15,0,0
BRDA:220,15,1,0
BRDA:220,16,0,0
BRDA:220,16,1,0
BRDA:228,17,0,0
BRDA:228,17,1,0
BRDA:232,18,0,0
BRDA:232,18,1,0
BRDA:232,19,0,0
BRDA:232,19,1,0
BRDA:418,20,0,0
BRDA:419,21,0,0
BRDA:419,21,1,0
BRDA:439,22,0,0
BRDA:440,23,0,0
BRDA:440,23,1,0
BRDA:527,24,0,0
BRDA:528,25,0,0
BRDA:529,26,0,0
BRDA:530,27,0,0
BRDA:537,28,0,0
BRDA:537,28,1,0
BRDA:551,29,0,0
BRDA:555,30,0,0
BRDA:567,31,0,0
BRDA:567,31,1,0
BRDA:582,32,0,0
BRDA:582,33,0,0
BRDA:583,34,0,0
BRDA:583,34,1,0
BRDA:597,35,0,0
BRDA:597,35,1,0
BRDA:632,36,0,0
BRDA:645,37,0,0
BRDA:688,38,0,0
BRDA:688,39,0,0
BRDA:689,40,0,0
BRDA:689,40,1,0
BRDA:700,41,0,0
BRDA:700,41,1,0
BRDA:701,42,0,0
BRDA:701,42,1,0
BRF:65
BRH:0
end_of_record
TN:
SF:components\ui\skeleton.tsx
FN:3,Skeleton
FNF:1
FNH:0
FNDA:0,Skeleton
DA:1,0
DA:7,0
LF:2
LH:0
BRF:0
BRH:0
end_of_record
TN:
SF:components\ui\slider.tsx
FNF:0
FNH:0
DA:3,0
DA:4,0
DA:6,0
DA:23,0
DA:25,0
LF:5
LH:0
BRF:0
BRH:0
end_of_record
TN:
SF:components\ui\sonner.tsx
FN:8,(anonymous_1)
FNF:1
FNH:0
FNDA:0,(anonymous_1)
DA:3,0
DA:4,0
DA:8,0
DA:9,0
DA:29,0
LF:5
LH:0
BRDA:9,0,0,0
BRF:1
BRH:0
end_of_record
TN:
SF:components\ui\switch.tsx
FNF:0
FNH:0
DA:3,2
DA:4,2
DA:6,2
DA:27,2
DA:29,0
LF:5
LH:4
BRF:0
BRH:0
end_of_record
TN:
SF:components\ui\table.tsx
FNF:0
FNH:0
DA:1,0
DA:3,0
DA:12,0
DA:20,0
DA:28,0
DA:40,0
DA:54,0
DA:69,0
DA:81,0
DA:89,0
DA:91,0
LF:11
LH:0
BRF:0
BRH:0
end_of_record
TN:
SF:components\ui\tabs.tsx
FNF:0
FNH:0
DA:3,0
DA:4,0
DA:6,0
DA:8,0
DA:23,0
DA:38,0
DA:53,0
DA:55,0
LF:8
LH:0
BRF:0
BRH:0
end_of_record
TN:
SF:components\ui\textarea.tsx
FN:6,(anonymous_4)
FNF:1
FNH:0
FNDA:0,(anonymous_4)
DA:1,0
DA:3,0
DA:5,0
DA:19,0
DA:21,0
LF:5
LH:0
BRF:0
BRH:0
end_of_record
TN:
SF:components\ui\toast.tsx
FN:46,(anonymous_12)
FNF:1
FNH:0
FNDA:0,(anonymous_12)
DA:3,0
DA:4,0
DA:5,0
DA:6,0
DA:8,0
DA:10,0
DA:25,0
DA:27,0
DA:43,0
DA:55,0
DA:70,0
DA:88,0
DA:96,0
DA:108,0
DA:117,0
DA:118,0
DA:119,0
DA:120,0
DA:121,0
DA:122,0
DA:123,0
LF:21
LH:0
BRF:0
BRH:0
end_of_record
TN:
SF:components\ui\toaster.tsx
FN:13,Toaster
FN:18,(anonymous_2)
FNF:2
FNH:0
FNDA:0,Toaster
FNDA:0,(anonymous_2)
DA:3,0
DA:11,0
DA:13,0
DA:14,0
DA:19,0
LF:5
LH:0
BRDA:22,0,0,0
BRDA:23,1,0,0
BRF:2
BRH:0
end_of_record
TN:
SF:components\ui\toggle-group.tsx
FN:35,(anonymous_7)
FNF:1
FNH:0
FNDA:0,(anonymous_7)
DA:3,0
DA:4,0
DA:7,0
DA:8,0
DA:10,0
DA:29,0
DA:31,0
DA:36,0
DA:55,0
DA:57,0
LF:10
LH:0
BRDA:43,0,0,0
BRDA:43,0,1,0
BRDA:44,1,0,0
BRDA:44,1,1,0
BRF:4
BRH:0
end_of_record
TN:
SF:components\ui\toggle.tsx
FNF:0
FNH:0
DA:3,0
DA:4,0
DA:5,0
DA:7,0
DA:9,0
DA:41,0
DA:43,0
LF:7
LH:0
BRF:0
BRH:0
end_of_record
TN:
SF:components\ui\tooltip.tsx
FNF:0
FNH:0
DA:3,0
DA:4,0
DA:6,0
DA:8,0
DA:10,0
DA:12,0
DA:28,0
DA:30,0
LF:8
LH:0
BRDA:17,0,0,0
BRF:1
BRH:0
end_of_record
TN:
SF:components\ui\use-mobile.tsx
FN:5,useIsMobile
FN:8,(anonymous_5)
FN:10,(anonymous_6)
FN:15,(anonymous_7)
FNF:4
FNH:0
FNDA:0,useIsMobile
FNDA:0,(anonymous_5)
FNDA:0,(anonymous_6)
FNDA:0,(anonymous_7)
DA:1,0
DA:3,0
DA:5,0
DA:6,0
DA:8,0
DA:9,0
DA:10,0
DA:11,0
DA:13,0
DA:14,0
DA:15,0
DA:18,0
LF:12
LH:0
BRF:0
BRH:0
end_of_record
TN:
SF:components\ui\use-toast.ts
FN:27,genId
FN:58,(anonymous_8)
FN:63,(anonymous_9)
FN:74,(anonymous_10)
FN:85,(anonymous_11)
FN:96,(anonymous_12)
FN:103,(anonymous_13)
FN:122,(anonymous_14)
FN:131,dispatch
FN:133,(anonymous_16)
FN:140,toast
FN:143,(anonymous_18)
FN:148,(anonymous_19)
FN:156,(anonymous_20)
FN:169,useToast
FN:172,(anonymous_22)
FN:174,(anonymous_23)
FN:185,(anonymous_24)
FNF:18
FNH:0
FNDA:0,genId
FNDA:0,(anonymous_8)
FNDA:0,(anonymous_9)
FNDA:0,(anonymous_10)
FNDA:0,(anonymous_11)
FNDA:0,(anonymous_12)
FNDA:0,(anonymous_13)
FNDA:0,(anonymous_14)
FNDA:0,dispatch
FNDA:0,(anonymous_16)
FNDA:0,toast
FNDA:0,(anonymous_18)
FNDA:0,(anonymous_19)
FNDA:0,(anonymous_20)
FNDA:0,useToast
FNDA:0,(anonymous_22)
FNDA:0,(anonymous_23)
FNDA:0,(anonymous_24)
DA:4,0
DA:8,0
DA:9,0
DA:18,0
DA:25,0
DA:28,0
DA:29,0
DA:56,0
DA:58,0
DA:59,0
DA:60,0
DA:63,0
DA:64,0
DA:65,0
DA:71,0
DA:74,0
DA:75,0
DA:77,0
DA:83,0
DA:85,0
DA:89,0
DA:93,0
DA:94,0
DA:96,0
DA:97,0
DA:101,0
DA:104,0
DA:114,0
DA:115,0
DA:120,0
DA:122,0
DA:127,0
DA:129,0
DA:132,0
DA:133,0
DA:134,0
DA:141,0
DA:143,0
DA:144,0
DA:148,0
DA:150,0
DA:157,0
DA:162,0
DA:170,0
DA:172,0
DA:173,0
DA:174,0
DA:175,0
DA:176,0
DA:177,0
DA:182,0
DA:185,0
DA:189,0
LF:53
LH:0
BRDA:59,0,0,0
BRDA:75,1,0,0
BRDA:75,1,1,0
BRDA:75,1,2,0
BRDA:75,1,3,0
BRDA:85,2,0,0
BRDA:85,2,1,0
BRDA:93,3,0,0
BRDA:93,3,1,0
BRDA:104,4,0,0
BRDA:104,4,1,0
BRDA:104,5,0,0
BRDA:104,5,1,0
BRDA:114,6,0,0
BRDA:157,7,0,0
BRDA:176,8,0,0
BRF:16
BRH:0
end_of_record
TN:
SF:contexts\currency-context.tsx
FN:14,CurrencyProvider
FN:24,useCurrency
FNF:2
FNH:0
FNDA:0,CurrencyProvider
FNDA:0,useCurrency
DA:3,0
DA:12,0
DA:14,0
DA:15,0
DA:24,0
DA:25,0
DA:26,0
DA:27,0
DA:29,0
LF:9
LH:0
BRDA:26,0,0,0
BRF:1
BRH:0
end_of_record
TN:
SF:examples\padding-demo.ts
FNF:0
FNH:0
DA:10,0
DA:13,0
DA:14,0
DA:15,0
DA:16,0
DA:17,0
DA:19,0
DA:21,0
DA:22,0
DA:23,0
DA:24,0
DA:26,0
DA:29,0
DA:30,0
DA:31,0
DA:33,0
DA:37,0
DA:41,0
DA:42,0
DA:45,0
DA:46,0
DA:55,0
DA:58,0
DA:59,0
DA:60,0
DA:63,0
DA:71,0
DA:72,0
DA:73,0
DA:76,0
DA:77,0
DA:85,0
DA:86,0
DA:87,0
LF:34
LH:0
BRF:0
BRH:0
end_of_record
TN:
SF:hooks\use-chart-accessibility.tsx
FN:61,useChartAccessibility
FN:84,(anonymous_5)
FN:94,(anonymous_6)
FN:103,(anonymous_7)
FN:109,(anonymous_8)
FN:115,(anonymous_9)
FN:118,(anonymous_10)
FN:129,(anonymous_11)
FN:135,(anonymous_12)
FN:141,(anonymous_13)
FN:147,(anonymous_14)
FN:152,(anonymous_15)
FN:157,(anonymous_16)
FN:176,(anonymous_17)
FN:183,(anonymous_18)
FN:190,(anonymous_19)
FN:200,(anonymous_20)
FN:208,(anonymous_21)
FN:237,useScreenReaderDescription
FN:259,useFocusIndicator
FN:265,(anonymous_25)
FN:269,(anonymous_26)
FN:270,(anonymous_27)
FN:275,(anonymous_28)
FN:282,(anonymous_29)
FNF:25
FNH:1
FNDA:0,useChartAccessibility
FNDA:0,(anonymous_5)
FNDA:0,(anonymous_6)
FNDA:0,(anonymous_7)
FNDA:0,(anonymous_8)
FNDA:0,(anonymous_9)
FNDA:0,(anonymous_10)
FNDA:0,(anonymous_11)
FNDA:0,(anonymous_12)
FNDA:0,(anonymous_13)
FNDA:0,(anonymous_14)
FNDA:0,(anonymous_15)
FNDA:0,(anonymous_16)
FNDA:0,(anonymous_17)
FNDA:0,(anonymous_18)
FNDA:0,(anonymous_19)
FNDA:0,(anonymous_20)
FNDA:0,(anonymous_21)
FNDA:1,useScreenReaderDescription
FNDA:0,useFocusIndicator
FNDA:0,(anonymous_25)
FNDA:0,(anonymous_26)
FNDA:0,(anonymous_27)
FNDA:0,(anonymous_28)
FNDA:0,(anonymous_29)
DA:5,1
DA:14,1
DA:61,0
DA:69,0
DA:72,0
DA:73,0
DA:74,0
DA:75,0
DA:76,0
DA:79,0
DA:80,0
DA:81,0
DA:84,0
DA:85,0
DA:86,0
DA:89,0
DA:90,0
DA:91,0
DA:94,0
DA:95,0
DA:98,0
DA:103,0
DA:104,0
DA:105,0
DA:109,0
DA:112,0
DA:114,0
DA:116,0
DA:119,0
DA:120,0
DA:125,0
DA:129,0
DA:130,0
DA:131,0
DA:135,0
DA:136,0
DA:137,0
DA:141,0
DA:142,0
DA:143,0
DA:147,0
DA:148,0
DA:149,0
DA:152,0
DA:153,0
DA:154,0
DA:157,0
DA:158,0
DA:159,0
DA:163,0
DA:176,0
DA:177,0
DA:178,0
DA:183,0
DA:184,0
DA:185,0
DA:190,0
DA:191,0
DA:200,0
DA:201,0
DA:202,0
DA:203,0
DA:208,0
DA:209,0
DA:212,0
DA:237,1
DA:241,1
DA:253,1
DA:259,2
DA:263,0
DA:265,0
DA:266,0
DA:267,0
DA:269,0
DA:270,0
DA:272,0
DA:273,0
DA:275,0
DA:276,0
DA:277,0
DA:282,0
DA:283,0
DA:284,0
DA:286,0
DA:287,0
DA:288,0
DA:289,0
DA:291,0
DA:292,0
DA:296,0
LF:90
LH:6
BRDA:62,0,0,0
BRDA:65,1,0,0
BRDA:66,2,0,0
BRDA:67,3,0,0
BRDA:68,4,0,0
BRDA:85,5,0,0
BRDA:85,6,0,0
BRDA:85,6,1,0
BRDA:89,7,0,0
BRDA:89,8,0,0
BRDA:89,8,1,0
BRDA:112,9,0,0
BRDA:119,10,0,0
BRDA:130,11,0,0
BRDA:136,12,0,0
BRDA:142,13,0,0
BRDA:163,14,0,0
BRDA:163,14,1,0
BRDA:177,15,0,0
BRDA:184,16,0,0
BRDA:193,17,0,0
BRDA:193,17,1,0
BRDA:194,18,0,0
BRDA:194,18,1,0
BRDA:201,19,0,0
BRDA:267,20,0,0
BRDA:284,21,0,0
BRDA:286,22,0,0
BRDA:286,22,1,0
BRDA:287,23,0,0
BRDA:287,23,1,0
BRF:31
BRH:0
end_of_record
TN:
SF:hooks\use-mobile.tsx
FN:5,useIsMobile
FN:8,(anonymous_5)
FN:10,(anonymous_6)
FN:15,(anonymous_7)
FNF:4
FNH:0
FNDA:0,useIsMobile
FNDA:0,(anonymous_5)
FNDA:0,(anonymous_6)
FNDA:0,(anonymous_7)
DA:1,0
DA:3,0
DA:5,0
DA:6,0
DA:8,0
DA:9,0
DA:10,0
DA:11,0
DA:13,0
DA:14,0
DA:15,0
DA:18,0
LF:12
LH:0
BRF:0
BRH:0
end_of_record
TN:
SF:hooks\use-toast.ts
FN:27,genId
FN:58,(anonymous_8)
FN:63,(anonymous_9)
FN:74,(anonymous_10)
FN:85,(anonymous_11)
FN:96,(anonymous_12)
FN:103,(anonymous_13)
FN:122,(anonymous_14)
FN:131,dispatch
FN:133,(anonymous_16)
FN:140,toast
FN:143,(anonymous_18)
FN:148,(anonymous_19)
FN:156,(anonymous_20)
FN:169,useToast
FN:172,(anonymous_22)
FN:174,(anonymous_23)
FN:185,(anonymous_24)
FNF:18
FNH:0
FNDA:0,genId
FNDA:0,(anonymous_8)
FNDA:0,(anonymous_9)
FNDA:0,(anonymous_10)
FNDA:0,(anonymous_11)
FNDA:0,(anonymous_12)
FNDA:0,(anonymous_13)
FNDA:0,(anonymous_14)
FNDA:0,dispatch
FNDA:0,(anonymous_16)
FNDA:0,toast
FNDA:0,(anonymous_18)
FNDA:0,(anonymous_19)
FNDA:0,(anonymous_20)
FNDA:0,useToast
FNDA:0,(anonymous_22)
FNDA:0,(anonymous_23)
FNDA:0,(anonymous_24)
DA:4,0
DA:8,0
DA:9,0
DA:18,0
DA:25,0
DA:28,0
DA:29,0
DA:56,0
DA:58,0
DA:59,0
DA:60,0
DA:63,0
DA:64,0
DA:65,0
DA:71,0
DA:74,0
DA:75,0
DA:77,0
DA:83,0
DA:85,0
DA:89,0
DA:93,0
DA:94,0
DA:96,0
DA:97,0
DA:101,0
DA:104,0
DA:114,0
DA:115,0
DA:120,0
DA:122,0
DA:127,0
DA:129,0
DA:132,0
DA:133,0
DA:134,0
DA:141,0
DA:143,0
DA:144,0
DA:148,0
DA:150,0
DA:157,0
DA:162,0
DA:170,0
DA:172,0
DA:173,0
DA:174,0
DA:175,0
DA:176,0
DA:177,0
DA:182,0
DA:185,0
DA:189,0
LF:53
LH:0
BRDA:59,0,0,0
BRDA:75,1,0,0
BRDA:75,1,1,0
BRDA:75,1,2,0
BRDA:75,1,3,0
BRDA:85,2,0,0
BRDA:85,2,1,0
BRDA:93,3,0,0
BRDA:93,3,1,0
BRDA:104,4,0,0
BRDA:104,4,1,0
BRDA:104,5,0,0
BRDA:104,5,1,0
BRDA:114,6,0,0
BRDA:157,7,0,0
BRDA:176,8,0,0
BRDA:185,9,0,0
BRDA:185,9,1,0
BRF:18
BRH:0
end_of_record
TN:
SF:lib\api-client.ts
FN:41,(anonymous_4)
FN:58,(anonymous_5)
FNF:2
FNH:0
FNDA:0,(anonymous_4)
FNDA:0,(anonymous_5)
DA:3,0
DA:6,0
DA:14,0
DA:41,0
DA:44,0
DA:45,0
DA:47,0
DA:48,0
DA:58,0
DA:63,0
DA:64,0
DA:66,0
DA:67,0
LF:13
LH:0
BRDA:60,0,0,0
BRF:1
BRH:0
end_of_record
TN:
SF:lib\chart-accessibility.ts
FN:29,generateChartAltText
FN:95,formatPriceForAccessibility
FN:124,generateLiveAnnouncement
FN:154,(anonymous_10)
FN:169,(anonymous_11)
FN:202,(anonymous_12)
FN:209,(anonymous_13)
FN:216,(anonymous_14)
FN:221,(anonymous_15)
FN:226,(anonymous_16)
FN:233,(anonymous_17)
FN:251,(anonymous_18)
FN:262,(anonymous_19)
FN:269,(anonymous_20)
FN:284,(anonymous_21)
FN:293,(anonymous_22)
FN:302,(anonymous_23)
FN:347,(anonymous_24)
FN:351,(anonymous_25)
FN:359,(anonymous_26)
FN:361,(anonymous_27)
FN:367,(anonymous_28)
FN:387,(anonymous_29)
FN:392,(anonymous_30)
FN:415,(anonymous_31)
FN:422,(anonymous_32)
FN:429,(anonymous_33)
FN:437,(anonymous_34)
FNF:28
FNH:24
FNDA:15,generateChartAltText
FNDA:43,formatPriceForAccessibility
FNDA:7,generateLiveAnnouncement
FNDA:9,(anonymous_10)
FNDA:111,(anonymous_11)
FNDA:3,(anonymous_12)
FNDA:104,(anonymous_13)
FNDA:1,(anonymous_14)
FNDA:1,(anonymous_15)
FNDA:106,(anonymous_16)
FNDA:2,(anonymous_17)
FNDA:1,(anonymous_18)
FNDA:11,(anonymous_19)
FNDA:1,(anonymous_20)
FNDA:7,(anonymous_21)
FNDA:5,(anonymous_22)
FNDA:4,(anonymous_23)
FNDA:0,(anonymous_24)
FNDA:0,(anonymous_25)
FNDA:0,(anonymous_26)
FNDA:0,(anonymous_27)
FNDA:2,(anonymous_28)
FNDA:6,(anonymous_29)
FNDA:12,(anonymous_30)
FNDA:3,(anonymous_31)
FNDA:2,(anonymous_32)
FNDA:2,(anonymous_33)
FNDA:2,(anonymous_34)
DA:29,15
DA:38,15
DA:40,15
DA:43,15
DA:44,15
DA:46,15
DA:51,15
DA:52,15
DA:53,15
DA:57,15
DA:63,15
DA:64,14
DA:69,15
DA:70,14
DA:74,15
DA:75,15
DA:82,15
DA:83,1
DA:89,15
DA:95,11
DA:96,43
DA:109,43
DA:112,43
DA:113,1
DA:116,42
DA:117,42
DA:124,7
DA:128,7
DA:130,3
DA:133,2
DA:136,2
DA:137,2
DA:141,0
DA:148,9
DA:149,9
DA:150,9
DA:161,9
DA:162,9
DA:163,9
DA:170,111
DA:172,3
DA:173,3
DA:174,3
DA:177,104
DA:178,104
DA:179,104
DA:182,1
DA:183,1
DA:184,1
DA:187,1
DA:188,1
DA:189,1
DA:193,2
DA:194,2
DA:195,2
DA:198,0
DA:203,3
DA:204,1
DA:205,1
DA:210,104
DA:211,102
DA:212,102
DA:217,1
DA:218,1
DA:222,1
DA:223,1
DA:227,106
DA:228,106
DA:229,6
DA:234,2
DA:235,2
DA:236,2
DA:237,2
DA:238,2
DA:239,2
DA:241,2
DA:244,2
DA:252,1
DA:254,1
DA:255,0
DA:263,11
DA:270,1
DA:271,1
DA:272,1
DA:280,7
DA:282,7
DA:286,7
DA:287,7
DA:294,5
DA:314,4
DA:315,2
DA:330,2
DA:348,0
DA:351,0
DA:352,0
DA:353,0
DA:354,0
DA:360,0
DA:361,0
DA:368,2
DA:370,1
DA:371,1
DA:374,1
DA:375,1
DA:383,6
DA:388,6
DA:389,6
DA:393,12
DA:394,12
DA:395,12
DA:396,12
DA:397,12
DA:408,12
DA:409,12
DA:416,3
DA:423,2
DA:430,2
DA:431,2
DA:438,2
DA:439,2
DA:441,2
DA:442,2
LF:122
LH:112
BRDA:31,0,0,9
BRDA:34,1,0,12
BRDA:35,2,0,11
BRDA:36,3,0,14
BRDA:37,4,0,12
BRDA:43,5,0,12
BRDA:43,5,1,3
BRDA:43,6,0,1
BRDA:43,6,1,2
BRDA:44,7,0,1
BRDA:44,7,1,14
BRDA:44,8,0,13
BRDA:44,8,1,1
BRDA:51,9,0,15
BRDA:52,10,0,14
BRDA:52,10,1,1
BRDA:53,11,0,13
BRDA:53,11,1,2
BRDA:63,12,0,14
BRDA:69,13,0,14
BRDA:69,14,0,15
BRDA:69,14,1,15
BRDA:74,15,0,15
BRDA:82,16,0,1
BRDA:109,17,0,43
BRDA:109,17,1,1
BRDA:112,18,0,1
BRDA:112,18,1,42
BRDA:128,19,0,3
BRDA:128,19,1,2
BRDA:128,19,2,2
BRDA:128,19,3,0
BRDA:130,20,0,3
BRDA:130,20,1,0
BRDA:133,21,0,2
BRDA:133,21,1,0
BRDA:133,22,0,2
BRDA:133,22,1,0
BRDA:136,23,0,0
BRDA:136,23,1,2
BRDA:136,24,0,2
BRDA:136,24,1,0
BRDA:156,25,0,3
BRDA:170,26,0,3
BRDA:170,26,1,104
BRDA:170,26,2,1
BRDA:170,26,3,1
BRDA:170,26,4,2
BRDA:170,26,5,2
BRDA:170,26,6,0
BRDA:203,27,0,1
BRDA:210,28,0,102
BRDA:228,29,0,6
BRDA:228,30,0,106
BRDA:228,30,1,106
BRDA:235,31,0,2
BRDA:235,32,0,2
BRDA:235,32,1,2
BRDA:239,33,0,2
BRDA:239,33,1,0
BRDA:254,34,0,0
BRDA:270,35,0,1
BRDA:270,36,0,1
BRDA:270,36,1,1
BRDA:294,37,0,5
BRDA:294,37,1,2
BRDA:294,37,2,2
BRDA:314,38,0,2
BRDA:353,39,0,0
BRDA:368,40,0,1
BRDA:438,41,0,2
BRDA:441,42,0,2
BRF:72
BRH:62
end_of_record
TN:
SF:lib\chart-performance.ts
FN:33,(anonymous_7)
FN:36,(anonymous_8)
FN:56,(anonymous_9)
FN:68,(anonymous_10)
FN:70,(anonymous_11)
FN:75,(anonymous_12)
FN:82,(anonymous_13)
FN:89,(anonymous_14)
FN:93,(anonymous_15)
FN:100,(anonymous_16)
FN:114,(anonymous_18)
FN:131,(anonymous_19)
FN:144,(anonymous_20)
FN:155,(anonymous_21)
FN:188,(anonymous_22)
FN:195,(anonymous_23)
FN:206,useResizeObserver
FN:219,(anonymous_25)
FN:225,(anonymous_26)
FN:237,(anonymous_27)
FN:256,debounce
FN:262,(anonymous_29)
FN:267,(anonymous_30)
FN:280,(anonymous_31)
FN:287,(anonymous_32)
FN:301,(anonymous_33)
FN:321,(anonymous_34)
FN:328,(anonymous_35)
FNF:28
FNH:22
FNDA:171,(anonymous_7)
FNDA:171,(anonymous_8)
FNDA:171,(anonymous_9)
FNDA:1,(anonymous_10)
FNDA:3,(anonymous_11)
FNDA:3,(anonymous_12)
FNDA:5,(anonymous_13)
FNDA:3,(anonymous_14)
FNDA:9,(anonymous_15)
FNDA:0,(anonymous_16)
FNDA:6,(anonymous_18)
FNDA:17,(anonymous_19)
FNDA:4,(anonymous_20)
FNDA:4,(anonymous_21)
FNDA:1,(anonymous_22)
FNDA:6,(anonymous_23)
FNDA:0,useResizeObserver
FNDA:0,(anonymous_25)
FNDA:0,(anonymous_26)
FNDA:0,(anonymous_27)
FNDA:2,debounce
FNDA:5,(anonymous_29)
FNDA:2,(anonymous_30)
FNDA:5,(anonymous_31)
FNDA:7,(anonymous_32)
FNDA:2,(anonymous_33)
FNDA:0,(anonymous_34)
FNDA:1,(anonymous_35)
DA:26,8
DA:27,19
DA:28,19
DA:34,171
DA:36,171
DA:37,171
DA:38,171
DA:40,171
DA:48,171
DA:49,171
DA:57,171
DA:60,171
DA:61,50
DA:69,1
DA:70,3
DA:73,1
DA:75,3
DA:76,1
DA:83,5
DA:90,3
DA:91,3
DA:93,9
DA:94,3
DA:101,0
DA:108,6
DA:109,6
DA:110,6
DA:115,6
DA:118,6
DA:125,6
DA:128,6
DA:132,17
DA:133,17
DA:135,17
DA:136,17
DA:139,17
DA:140,12
DA:144,17
DA:146,4
DA:147,4
DA:156,4
DA:157,0
DA:158,0
DA:161,4
DA:163,4
DA:164,4
DA:167,3
DA:168,3
DA:170,3
DA:176,3
DA:177,0
DA:180,1
DA:181,1
DA:189,1
DA:196,6
DA:197,5
DA:198,5
DA:206,0
DA:211,0
DA:212,0
DA:213,0
DA:216,0
DA:219,0
DA:225,0
DA:226,0
DA:227,0
DA:230,0
DA:231,0
DA:234,0
DA:235,0
DA:237,0
DA:238,0
DA:239,0
DA:240,0
DA:243,0
DA:244,0
DA:245,0
DA:250,0
DA:256,2
DA:260,2
DA:262,2
DA:263,5
DA:264,3
DA:267,5
DA:268,2
DA:276,5
DA:277,5
DA:281,5
DA:288,7
DA:290,7
DA:291,2
DA:294,5
DA:295,5
DA:307,2
DA:309,2
DA:310,2
DA:312,1
DA:315,2
DA:322,0
DA:329,1
DA:334,1
LF:101
LH:75
BRDA:60,0,0,50
BRDA:69,1,0,1
BRDA:69,1,1,0
BRDA:73,2,0,0
BRDA:82,3,0,0
BRDA:89,4,0,0
BRDA:89,5,0,0
BRDA:91,6,0,0
BRDA:116,7,0,0
BRDA:133,8,0,0
BRDA:139,9,0,12
BRDA:146,10,0,4
BRDA:156,11,0,0
BRDA:168,12,0,0
BRDA:168,12,1,3
BRDA:168,13,0,3
BRDA:168,13,1,0
BRDA:176,14,0,0
BRDA:196,15,0,5
BRDA:209,16,0,0
BRDA:227,17,0,0
BRDA:238,18,0,0
BRDA:243,19,0,0
BRDA:263,20,0,3
BRDA:290,21,0,2
BRF:25
BRH:9
end_of_record
TN:
SF:lib\chart-responsive.ts
FN:72,detectDeviceType
FN:89,calculateDynamicPadding
FN:115,calculatePaddingWithLabelProtection
FN:160,getMinimumPadding
FN:195,validatePadding
FN:220,calculateAdaptivePadding
FN:291,getOptimalFontSize
FN:309,calculateResponsiveFontSize
FN:359,constrainFontSize
FN:372,calculateFontScalingFactor
FN:399,getElementFontSize
FN:436,isValidFontSize
FN:463,getTimeframeConfig
FN:474,calculateResponsiveMetrics
FN:499,isValidScreenWidth
FNF:15
FNH:15
FNDA:23,detectDeviceType
FNDA:44,calculateDynamicPadding
FNDA:11,calculatePaddingWithLabelProtection
FNDA:14,getMinimumPadding
FNDA:14,validatePadding
FNDA:11,calculateAdaptivePadding
FNDA:64,getOptimalFontSize
FNDA:31,calculateResponsiveFontSize
FNDA:58,constrainFontSize
FNDA:11,calculateFontScalingFactor
FNDA:16,getElementFontSize
FNDA:13,isValidFontSize
FNDA:41,getTimeframeConfig
FNDA:4,calculateResponsiveMetrics
FNDA:11,isValidScreenWidth
DA:16,12
DA:23,36
DA:72,19
DA:73,23
DA:74,7
DA:75,16
DA:76,7
DA:78,9
DA:89,21
DA:94,44
DA:97,44
DA:115,8
DA:123,11
DA:124,11
DA:127,11
DA:128,11
DA:129,11
DA:132,11
DA:133,11
DA:136,11
DA:137,11
DA:140,11
DA:141,11
DA:144,11
DA:151,11
DA:160,11
DA:164,14
DA:166,14
DA:169,3
DA:173,2
DA:177,3
DA:181,6
DA:184,0
DA:195,3
DA:201,14
DA:202,14
DA:204,14
DA:220,11
DA:236,11
DA:237,3
DA:246,8
DA:250,11
DA:251,3
DA:252,3
DA:256,11
DA:257,2
DA:258,2
DA:262,11
DA:263,3
DA:264,3
DA:265,3
DA:269,11
DA:275,45
DA:291,35
DA:292,64
DA:293,10
DA:294,10
DA:295,10
DA:298,54
DA:309,15
DA:316,31
DA:322,31
DA:325,31
DA:328,31
DA:330,9
DA:331,2
DA:332,7
DA:333,4
DA:335,22
DA:337,14
DA:338,1
DA:339,13
DA:340,0
DA:344,8
DA:345,2
DA:346,6
DA:347,2
DA:351,31
DA:359,5
DA:360,58
DA:372,11
DA:377,11
DA:380,11
DA:382,4
DA:383,7
DA:385,4
DA:388,3
DA:399,16
DA:405,16
DA:408,16
DA:411,4
DA:415,4
DA:419,4
DA:423,4
DA:426,0
DA:436,13
DA:437,13
DA:438,4
DA:442,9
DA:443,2
DA:447,7
DA:453,7
DA:454,7
DA:463,37
DA:464,41
DA:474,4
DA:479,4
DA:480,4
DA:481,4
DA:482,4
DA:484,4
DA:499,11
DA:500,11
LF:113
LH:110
BRDA:73,0,0,7
BRDA:73,0,1,16
BRDA:75,1,0,7
BRDA:75,1,1,9
BRDA:75,2,0,16
BRDA:75,2,1,16
BRDA:121,3,0,1
BRDA:129,4,0,11
BRDA:129,4,1,0
BRDA:166,5,0,3
BRDA:166,5,1,2
BRDA:166,5,2,3
BRDA:166,5,3,6
BRDA:166,5,4,0
BRDA:169,6,0,1
BRDA:169,6,1,2
BRDA:173,7,0,1
BRDA:173,7,1,1
BRDA:177,8,0,1
BRDA:177,8,1,2
BRDA:177,9,0,1
BRDA:177,9,1,1
BRDA:181,10,0,4
BRDA:181,10,1,2
BRDA:224,11,0,0
BRDA:236,12,0,3
BRDA:236,12,1,8
BRDA:236,13,0,11
BRDA:236,13,1,3
BRDA:250,14,0,3
BRDA:251,15,0,3
BRDA:251,15,1,0
BRDA:256,16,0,2
BRDA:257,17,0,2
BRDA:257,17,1,0
BRDA:262,18,0,3
BRDA:262,19,0,11
BRDA:262,19,1,5
BRDA:292,20,0,10
BRDA:313,21,0,28
BRDA:328,22,0,9
BRDA:328,22,1,22
BRDA:330,23,0,2
BRDA:330,23,1,7
BRDA:332,24,0,4
BRDA:335,25,0,14
BRDA:335,25,1,8
BRDA:337,26,0,1
BRDA:337,26,1,13
BRDA:339,27,0,0
BRDA:344,28,0,2
BRDA:344,28,1,6
BRDA:346,29,0,2
BRDA:380,30,0,4
BRDA:380,30,1,7
BRDA:383,31,0,4
BRDA:408,32,0,4
BRDA:408,32,1,4
BRDA:408,32,2,4
BRDA:408,32,3,4
BRDA:408,32,4,0
BRDA:437,33,0,4
BRDA:437,34,0,13
BRDA:437,34,1,11
BRDA:442,35,0,2
BRDA:442,36,0,9
BRDA:442,36,1,8
BRDA:454,37,0,7
BRDA:454,37,1,6
BRDA:500,38,0,11
BRDA:500,38,1,8
BRDA:500,38,2,5
BRF:72
BRH:65
end_of_record
TN:
SF:lib\okx-client.ts
FN:13,(anonymous_2)
FN:21,(anonymous_3)
FN:31,(anonymous_4)
FN:132,(anonymous_5)
FN:166,(anonymous_6)
FN:213,(anonymous_7)
FN:217,(anonymous_8)
FNF:7
FNH:0
FNDA:0,(anonymous_2)
FNDA:0,(anonymous_3)
FNDA:0,(anonymous_4)
FNDA:0,(anonymous_5)
FNDA:0,(anonymous_6)
FNDA:0,(anonymous_7)
FNDA:0,(anonymous_8)
DA:1,0
DA:9,0
DA:11,0
DA:14,0
DA:27,0
DA:28,0
DA:34,0
DA:35,0
DA:36,0
DA:37,0
DA:38,0
DA:40,0
DA:49,0
DA:50,0
DA:53,0
DA:55,0
DA:56,0
DA:59,0
DA:61,0
DA:69,0
DA:76,0
DA:78,0
DA:79,0
DA:80,0
DA:82,0
DA:94,0
DA:95,0
DA:96,0
DA:97,0
DA:98,0
DA:99,0
DA:102,0
DA:106,0
DA:110,0
DA:113,0
DA:115,0
DA:119,0
DA:122,0
DA:124,0
DA:125,0
DA:137,0
DA:138,0
DA:139,0
DA:140,0
DA:141,0
DA:144,0
DA:146,0
DA:158,0
DA:159,0
DA:162,0
DA:164,0
DA:166,0
DA:171,0
DA:173,0
DA:180,0
DA:187,0
DA:188,0
DA:189,0
DA:190,0
DA:191,0
DA:192,0
DA:204,0
DA:205,0
DA:206,0
DA:207,0
DA:208,0
DA:209,0
DA:213,0
DA:216,0
DA:217,0
DA:222,0
DA:228,0
DA:230,0
DA:231,0
LF:74
LH:0
BRDA:15,0,0,0
BRDA:15,0,1,0
BRDA:16,1,0,0
BRDA:16,1,1,0
BRDA:17,2,0,0
BRDA:17,2,1,0
BRDA:27,3,0,0
BRDA:27,3,1,0
BRDA:32,4,0,0
BRDA:49,5,0,0
BRDA:55,6,0,0
BRDA:59,7,0,0
BRDA:94,8,0,0
BRDA:94,8,1,0
BRDA:96,9,0,0
BRDA:96,9,1,0
BRDA:98,10,0,0
BRDA:98,10,1,0
BRDA:98,11,0,0
BRDA:98,11,1,0
BRDA:133,12,0,0
BRDA:134,13,0,0
BRDA:144,14,0,0
BRDA:144,14,1,0
BRDA:144,15,0,0
BRDA:144,15,1,0
BRDA:158,16,0,0
BRDA:164,17,0,0
BRDA:171,18,0,0
BRDA:188,19,0,0
BRDA:204,20,0,0
BRDA:204,20,1,0
BRDA:205,21,0,0
BRDA:207,22,0,0
BRDA:207,22,1,0
BRDA:208,23,0,0
BRDA:208,24,0,0
BRDA:208,24,1,0
BRDA:216,25,0,0
BRDA:216,25,1,0
BRF:40
BRH:0
end_of_record
TN:
SF:lib\price-formatter.ts
FN:30,(anonymous_6)
FN:35,(anonymous_7)
FN:41,(anonymous_8)
FN:92,(anonymous_9)
FN:123,(anonymous_10)
FN:160,(anonymous_11)
FN:218,(anonymous_12)
FN:262,(anonymous_13)
FN:280,(anonymous_14)
FN:285,(anonymous_15)
FN:290,(anonymous_16)
FNF:11
FNH:11
FNDA:41,(anonymous_6)
FNDA:22,(anonymous_7)
FNDA:16,(anonymous_8)
FNDA:1,(anonymous_9)
FNDA:1,(anonymous_10)
FNDA:16,(anonymous_11)
FNDA:22,(anonymous_12)
FNDA:2,(anonymous_13)
FNDA:5,(anonymous_14)
FNDA:5,(anonymous_15)
FNDA:3,(anonymous_16)
DA:21,1
DA:30,1
DA:31,41
DA:35,1
DA:36,22
DA:37,22
DA:41,1
DA:47,16
DA:48,16
DA:51,16
DA:53,16
DA:56,16
DA:57,16
DA:60,16
DA:62,16
DA:65,16
DA:66,16
DA:71,16
DA:73,1
DA:74,15
DA:76,11
DA:77,4
DA:79,2
DA:82,2
DA:86,16
DA:88,16
DA:92,1
DA:93,1
DA:96,1
DA:97,1
DA:98,1
DA:102,1
DA:103,1
DA:113,0
DA:114,0
DA:123,1
DA:124,1
DA:126,1
DA:132,1
DA:133,2
DA:134,1
DA:137,1
DA:138,1
DA:139,1
DA:143,1
DA:144,1
DA:156,0
DA:160,1
DA:166,16
DA:169,16
DA:176,16
DA:177,16
DA:181,16
DA:182,16
DA:191,0
DA:192,0
DA:193,0
DA:197,0
DA:198,0
DA:208,0
DA:209,0
DA:218,20
DA:222,22
DA:223,22
DA:226,22
DA:227,2
DA:235,20
DA:236,2
DA:245,18
DA:246,1
DA:250,17
DA:251,1
DA:252,1
DA:253,1
DA:258,16
DA:262,2
DA:268,2
DA:276,2
DA:280,5
DA:281,5
DA:285,5
DA:286,5
DA:290,3
DA:296,3
DA:297,3
DA:298,3
DA:302,3
LF:87
LH:77
BRDA:53,0,0,0
BRDA:62,1,0,0
BRDA:65,2,0,16
BRDA:65,2,1,12
BRDA:66,3,0,16
BRDA:66,3,1,12
BRDA:71,4,0,1
BRDA:71,4,1,15
BRDA:74,5,0,11
BRDA:74,5,1,4
BRDA:77,6,0,2
BRDA:77,6,1,2
BRDA:98,7,0,1
BRDA:98,7,1,0
BRDA:102,8,0,1
BRDA:133,9,0,1
BRDA:139,10,0,1
BRDA:139,10,1,0
BRDA:143,11,0,1
BRDA:177,12,0,15
BRDA:177,12,1,1
BRDA:181,13,0,16
BRDA:193,14,0,0
BRDA:193,14,1,0
BRDA:197,15,0,0
BRDA:226,16,0,2
BRDA:235,17,0,2
BRDA:235,18,0,20
BRDA:235,18,1,18
BRDA:245,19,0,1
BRDA:245,20,0,18
BRDA:245,20,1,2
BRDA:250,21,0,1
BRDA:250,22,0,17
BRDA:250,22,1,1
BRDA:252,23,0,1
BRDA:298,24,0,2
BRDA:298,24,1,1
BRF:38
BRH:31
end_of_record
TN:
SF:lib\time-label-manager.ts
FN:39,calculateOptimalTimeLabels
FN:92,(anonymous_11)
FN:116,assignLabelPriority
FN:175,detectAndResolveCollisions
FN:182,(anonymous_14)
FN:198,resolveCollisionsWithPriority
FN:207,(anonymous_16)
FN:210,(anonymous_17)
FN:211,(anonymous_18)
FN:212,(anonymous_19)
FN:232,(anonymous_20)
FN:254,resolveHighPriorityCollisions
FN:260,(anonymous_22)
FN:303,findCompromisePosition
FN:333,createAdvancedFallbackLabels
FN:339,(anonymous_25)
FN:380,findClosestLabel
FN:381,(anonymous_27)
FN:393,createIntelligentDistribution
FN:398,(anonymous_29)
FN:434,applyFinalCollisionResolution
FN:438,(anonymous_31)
FN:465,resolveCollisionsSimple
FN:487,hasCollision
FN:492,(anonymous_34)
FN:503,hasAnyCollisions
FN:517,createKeyPointLabels
FN:520,(anonymous_37)
FN:526,(anonymous_38)
FN:534,(anonymous_39)
FN:536,(anonymous_40)
FN:548,intelligentLabelReduction
FN:560,(anonymous_42)
FN:561,(anonymous_43)
FN:562,(anonymous_44)
FN:587,(anonymous_45)
FN:596,formatTimeLabel
FN:641,estimateTextWidth
FN:654,calculateMinimumLabelDistance
FN:662,(anonymous_49)
FN:679,generateAdaptiveGridIntervals
FN:709,resolveCollisionsWithReadability
FN:747,hasReadabilityIssues
FN:766,(anonymous_53)
FN:782,optimizeForReadability
FN:787,(anonymous_55)
FN:797,(anonymous_56)
FN:801,(anonymous_57)
FN:806,(anonymous_58)
FN:808,(anonymous_59)
FN:822,validateCollisionResolution
FN:842,(anonymous_61)
FN:843,(anonymous_62)
FN:858,(anonymous_63)
FN:859,(anonymous_64)
FN:883,calculateTimeframeTransition
FNF:56
FNH:34
FNDA:13,calculateOptimalTimeLabels
FNDA:433,(anonymous_11)
FNDA:413,assignLabelPriority
FNDA:43,detectAndResolveCollisions
FNDA:164,(anonymous_14)
FNDA:56,resolveCollisionsWithPriority
FNDA:550,(anonymous_16)
FNDA:603,(anonymous_17)
FNDA:603,(anonymous_18)
FNDA:603,(anonymous_19)
FNDA:334,(anonymous_20)
FNDA:53,resolveHighPriorityCollisions
FNDA:96,(anonymous_22)
FNDA:32,findCompromisePosition
FNDA:0,createAdvancedFallbackLabels
FNDA:0,(anonymous_25)
FNDA:0,findClosestLabel
FNDA:0,(anonymous_27)
FNDA:0,createIntelligentDistribution
FNDA:0,(anonymous_29)
FNDA:0,applyFinalCollisionResolution
FNDA:0,(anonymous_31)
FNDA:0,resolveCollisionsSimple
FNDA:454,hasCollision
FNDA:3766,(anonymous_34)
FNDA:70,hasAnyCollisions
FNDA:0,createKeyPointLabels
FNDA:0,(anonymous_37)
FNDA:0,(anonymous_38)
FNDA:0,(anonymous_39)
FNDA:0,(anonymous_40)
FNDA:13,intelligentLabelReduction
FNDA:56,(anonymous_42)
FNDA:56,(anonymous_43)
FNDA:56,(anonymous_44)
FNDA:57,(anonymous_45)
FNDA:433,formatTimeLabel
FNDA:15,estimateTextWidth
FNDA:9,calculateMinimumLabelDistance
FNDA:24,(anonymous_49)
FNDA:0,generateAdaptiveGridIntervals
FNDA:6,resolveCollisionsWithReadability
FNDA:6,hasReadabilityIssues
FNDA:9,(anonymous_53)
FNDA:0,optimizeForReadability
FNDA:0,(anonymous_55)
FNDA:0,(anonymous_56)
FNDA:0,(anonymous_57)
FNDA:0,(anonymous_58)
FNDA:0,(anonymous_59)
FNDA:11,validateCollisionResolution
FNDA:42,(anonymous_61)
FNDA:18,(anonymous_62)
FNDA:8,(anonymous_63)
FNDA:16,(anonymous_64)
FNDA:0,calculateTimeframeTransition
DA:7,2
DA:39,13
DA:48,13
DA:51,13
DA:52,13
DA:55,13
DA:58,13
DA:61,13
DA:69,13
DA:70,13
DA:71,407
DA:73,407
DA:80,407
DA:84,13
DA:92,433
DA:98,13
DA:105,13
DA:116,6
DA:122,413
DA:123,413
DA:126,413
DA:127,13
DA:131,400
DA:132,400
DA:133,400
DA:134,1
DA:138,399
DA:139,20
DA:140,3
DA:145,396
DA:146,17
DA:147,17
DA:148,17
DA:153,379
DA:154,79
DA:158,300
DA:159,11
DA:160,11
DA:161,6
DA:166,294
DA:175,24
DA:179,43
DA:182,164
DA:184,43
DA:185,43
DA:187,0
DA:203,56
DA:204,55
DA:207,550
DA:210,603
DA:211,603
DA:212,603
DA:215,53
DA:218,53
DA:219,145
DA:220,61
DA:225,53
DA:226,309
DA:227,25
DA:232,334
DA:235,53
DA:236,0
DA:238,0
DA:241,0
DA:245,53
DA:258,53
DA:260,96
DA:261,53
DA:263,53
DA:264,96
DA:265,96
DA:268,96
DA:269,64
DA:272,32
DA:280,32
DA:282,19
DA:291,53
DA:311,32
DA:314,32
DA:315,19
DA:319,13
DA:320,13
DA:321,0
DA:324,13
DA:337,0
DA:339,0
DA:340,0
DA:341,0
DA:342,0
DA:345,0
DA:346,0
DA:350,0
DA:352,0
DA:354,0
DA:358,0
DA:360,0
DA:361,0
DA:363,0
DA:370,0
DA:381,0
DA:382,0
DA:398,0
DA:399,0
DA:400,0
DA:401,0
DA:404,0
DA:405,0
DA:407,0
DA:412,0
DA:413,0
DA:414,0
DA:416,0
DA:423,0
DA:425,0
DA:438,0
DA:439,0
DA:441,0
DA:442,0
DA:443,0
DA:445,0
DA:447,0
DA:448,0
DA:456,0
DA:469,0
DA:471,0
DA:472,0
DA:473,0
DA:477,0
DA:492,454
DA:493,3766
DA:504,70
DA:505,186
DA:506,2
DA:509,68
DA:518,0
DA:520,0
DA:521,0
DA:522,0
DA:525,0
DA:526,0
DA:527,0
DA:530,0
DA:536,0
DA:555,13
DA:558,13
DA:560,56
DA:561,56
DA:562,56
DA:565,7
DA:567,7
DA:569,6
DA:574,6
DA:576,1
DA:581,13
DA:587,57
DA:597,433
DA:600,433
DA:601,375
DA:609,58
DA:610,26
DA:618,32
DA:619,32
DA:621,32
DA:622,0
DA:628,32
DA:641,7
DA:643,15
DA:644,15
DA:654,3
DA:659,9
DA:662,8
DA:663,24
DA:667,8
DA:668,8
DA:679,0
DA:685,0
DA:686,0
DA:688,0
DA:691,0
DA:693,0
DA:694,0
DA:695,0
DA:698,0
DA:709,6
DA:715,6
DA:718,6
DA:724,6
DA:730,6
DA:733,6
DA:734,0
DA:737,6
DA:752,6
DA:755,6
DA:756,6
DA:757,0
DA:761,6
DA:762,0
DA:766,9
DA:767,6
DA:768,6
DA:769,0
DA:772,6
DA:787,0
DA:790,0
DA:792,0
DA:793,0
DA:797,0
DA:799,0
DA:801,0
DA:802,0
DA:804,0
DA:806,0
DA:808,0
DA:812,0
DA:822,11
DA:833,11
DA:836,11
DA:837,11
DA:838,2
DA:842,42
DA:843,18
DA:844,11
DA:846,11
DA:847,2
DA:851,11
DA:853,11
DA:854,2
DA:858,11
DA:859,11
DA:860,16
DA:863,11
DA:864,2
DA:867,11
DA:883,0
DA:894,0
DA:895,0
DA:898,0
DA:899,0
DA:902,0
DA:903,0
DA:906,0
DA:907,0
DA:910,0
DA:912,0
LF:244
LH:149
BRDA:46,0,0,13
BRDA:47,1,0,10
BRDA:126,2,0,13
BRDA:126,3,0,413
BRDA:126,3,1,401
BRDA:133,4,0,1
BRDA:138,5,0,20
BRDA:138,6,0,399
BRDA:138,6,1,391
BRDA:139,7,0,3
BRDA:145,8,0,17
BRDA:145,9,0,396
BRDA:145,9,1,389
BRDA:147,10,0,17
BRDA:153,11,0,79
BRDA:153,12,0,379
BRDA:153,12,1,338
BRDA:158,13,0,11
BRDA:158,14,0,300
BRDA:158,14,1,295
BRDA:160,15,0,6
BRDA:160,16,0,11
BRDA:160,16,1,6
BRDA:179,17,0,2
BRDA:179,18,0,9
BRDA:184,19,0,43
BRDA:184,19,1,0
BRDA:203,20,0,1
BRDA:204,21,0,2
BRDA:219,22,0,61
BRDA:226,23,0,25
BRDA:235,24,0,0
BRDA:236,25,0,0
BRDA:236,25,1,0
BRDA:258,26,0,0
BRDA:268,27,0,64
BRDA:268,27,1,32
BRDA:280,28,0,19
BRDA:314,29,0,19
BRDA:320,30,0,0
BRDA:337,31,0,0
BRDA:345,32,0,0
BRDA:352,33,0,0
BRDA:352,33,1,0
BRDA:358,34,0,0
BRDA:358,34,1,0
BRDA:382,35,0,0
BRDA:382,35,1,0
BRDA:442,36,0,0
BRDA:442,36,1,0
BRDA:447,37,0,0
BRDA:447,37,1,0
BRDA:472,38,0,0
BRDA:505,39,0,2
BRDA:518,40,0,0
BRDA:527,41,0,0
BRDA:527,41,1,0
BRDA:558,42,0,7
BRDA:567,43,0,6
BRDA:567,43,1,1
BRDA:600,44,0,375
BRDA:600,45,0,433
BRDA:600,45,1,66
BRDA:609,46,0,26
BRDA:621,47,0,0
BRDA:621,47,1,32
BRDA:657,48,0,8
BRDA:659,49,0,1
BRDA:663,50,0,9
BRDA:663,50,1,15
BRDA:715,51,0,0
BRDA:733,52,0,0
BRDA:752,53,0,0
BRDA:756,54,0,0
BRDA:761,55,0,0
BRDA:768,56,0,0
BRDA:768,57,0,6
BRDA:768,57,1,0
BRDA:792,58,0,0
BRDA:799,59,0,0
BRDA:837,60,0,2
BRDA:846,61,0,2
BRDA:851,62,0,10
BRDA:851,62,1,1
BRDA:853,63,0,2
BRDA:853,64,0,11
BRDA:853,64,1,2
BRDA:863,65,0,2
BRDA:902,66,0,0
BRDA:902,66,1,0
BRDA:902,67,0,0
BRDA:902,67,1,0
BRDA:906,68,0,0
BRDA:906,68,1,0
BRDA:910,69,0,0
BRDA:910,69,1,0
BRF:96
BRH:56
end_of_record
TN:
SF:lib\utils.ts
FN:4,cn
FNF:1
FNH:1
FNDA:71,cn
DA:1,3
DA:2,3
DA:4,71
DA:5,71
LF:4
LH:4
BRF:0
BRH:0
end_of_record
